This file contains any messages produced by compilers while
running configure, to aid debugging if configure makes a mistake.

It was created by cyton configure 0.1, which was
generated by GNU Autoconf 2.59.  Invocation command line was

  $ ./configure --enable-ltdl-convenience --no-create --no-recursion

## --------- ##
## Platform. ##
## --------- ##

hostname = 1up
uname -m = i686
uname -r = 2.6.35-23-generic
uname -s = Linux
uname -v = #40-Ubuntu SMP Wed Nov 17 22:15:35 UTC 2010

/usr/bin/uname -p = unknown
/bin/uname -X     = unknown

/bin/arch              = unknown
/usr/bin/arch -k       = unknown
/usr/convex/getsysinfo = unknown
hostinfo               = unknown
/bin/machine           = unknown
/usr/bin/oslevel       = unknown
/bin/universe          = unknown

PATH: /usr/share/octave/3.0.1/
PATH: /usr/bin/octave-3.0.1/
PATH: /usr/lib/jvm/java-6-sun/
PATH: /usr/lib/jvm/java-6-sun//bin/
PATH: /usr/lib/jvm/java-6-sun//jre/bin/
PATH: /home/mahendra/bin
PATH: /usr/local/sbin
PATH: /usr/local/bin
PATH: /usr/sbin
PATH: /usr/bin
PATH: /sbin
PATH: /bin
PATH: /usr/games


## ----------- ##
## Core tests. ##
## ----------- ##

configure:1550: checking whether to enable maintainer-specific portions of Makefiles
configure:1559: result: no
configure:1620: checking for gcc
configure:1636: found /usr/bin/gcc
configure:1646: result: gcc
configure:1890: checking for C compiler version
configure:1893: gcc --version </dev/null >&5
gcc (Ubuntu/Linaro 4.4.4-14ubuntu5) 4.4.5
Copyright (C) 2010 Free Software Foundation, Inc.
This is free software; see the source for copying conditions.  There is NO
warranty; not even for MERCHANTABILITY or FITNESS FOR A PARTICULAR PURPOSE.

configure:1896: $? = 0
configure:1898: gcc -v </dev/null >&5
Using built-in specs.
Target: i686-linux-gnu
Configured with: ../src/configure -v --with-pkgversion='Ubuntu/Linaro 4.4.4-14ubuntu5' --with-bugurl=file:///usr/share/doc/gcc-4.4/README.Bugs --enable-languages=c,c++,fortran,objc,obj-c++ --prefix=/usr --program-suffix=-4.4 --enable-shared --enable-multiarch --enable-linker-build-id --with-system-zlib --libexecdir=/usr/lib --without-included-gettext --enable-threads=posix --with-gxx-include-dir=/usr/include/c++/4.4 --libdir=/usr/lib --enable-nls --with-sysroot=/ --enable-clocale=gnu --enable-libstdcxx-debug --enable-objc-gc --enable-targets=all --disable-werror --with-arch-32=i686 --with-tune=generic --enable-checking=release --build=i686-linux-gnu --host=i686-linux-gnu --target=i686-linux-gnu
Thread model: posix
gcc version 4.4.5 (Ubuntu/Linaro 4.4.4-14ubuntu5) 
configure:1901: $? = 0
configure:1903: gcc -V </dev/null >&5
gcc: '-V' option must have argument
configure:1906: $? = 1
configure:1929: checking for C compiler default output file name
configure:1932: gcc    conftest.c  >&5
configure:1935: $? = 0
configure:1981: result: a.out
configure:1986: checking whether the C compiler works
configure:1992: ./a.out
configure:1995: $? = 0
configure:2012: result: yes
configure:2019: checking whether we are cross compiling
configure:2021: result: no
configure:2024: checking for suffix of executables
configure:2026: gcc -o conftest    conftest.c  >&5
configure:2029: $? = 0
configure:2054: result: 
configure:2060: checking for suffix of object files
configure:2081: gcc -c   conftest.c >&5
configure:2084: $? = 0
configure:2106: result: o
configure:2110: checking whether we are using the GNU C compiler
configure:2134: gcc -c   conftest.c >&5
configure:2140: $? = 0
configure:2144: test -z 
			 || test ! -s conftest.err
configure:2147: $? = 0
configure:2150: test -s conftest.o
configure:2153: $? = 0
configure:2166: result: yes
configure:2172: checking whether gcc accepts -g
configure:2193: gcc -c -g  conftest.c >&5
configure:2199: $? = 0
configure:2203: test -z 
			 || test ! -s conftest.err
configure:2206: $? = 0
configure:2209: test -s conftest.o
configure:2212: $? = 0
configure:2223: result: yes
configure:2240: checking for gcc option to accept ANSI C
configure:2310: gcc  -c -g -O2  conftest.c >&5
configure:2316: $? = 0
configure:2320: test -z 
			 || test ! -s conftest.err
configure:2323: $? = 0
configure:2326: test -s conftest.o
configure:2329: $? = 0
configure:2347: result: none needed
configure:2365: gcc -c -g -O2  conftest.c >&5
conftest.c:2: error: expected '=', ',', ';', 'asm' or '__attribute__' before 'me'
configure:2371: $? = 1
configure: failed program was:
| #ifndef __cplusplus
|   choke me
| #endif
configure:2509: checking for atol
configure:2566: gcc -o conftest -g -O2   conftest.c  >&5
configure:2572: $? = 0
configure:2576: test -z 
			 || test ! -s conftest.err
configure:2579: $? = 0
configure:2582: test -s conftest
configure:2585: $? = 0
configure:2597: result: yes
configure:2615: checking for atoi
configure:2672: gcc -o conftest -g -O2   conftest.c  >&5
configure:2678: $? = 0
configure:2682: test -z 
			 || test ! -s conftest.err
configure:2685: $? = 0
configure:2688: test -s conftest
configure:2691: $? = 0
configure:2703: result: yes
configure:2722: checking how to run the C preprocessor
configure:2757: gcc -E  conftest.c
configure:2763: $? = 0
configure:2795: gcc -E  conftest.c
conftest.c:11: fatal error: ac_nonexistent.h: No such file or directory
compilation terminated.
configure:2801: $? = 1
configure: failed program was:
| /* confdefs.h.  */
| 
| #define PACKAGE_NAME "cyton"
| #define PACKAGE_TARNAME "cyton"
| #define PACKAGE_VERSION "0.1"
| #define PACKAGE_STRING "cyton 0.1"
| #define PACKAGE_BUGREPORT "imax@cc.gatech.edu"
| #define HAVE_ATOL 1
| #define HAVE_ATOI 1
| /* end confdefs.h.  */
| #include <ac_nonexistent.h>
configure:2840: result: gcc -E
configure:2864: gcc -E  conftest.c
configure:2870: $? = 0
configure:2902: gcc -E  conftest.c
conftest.c:11: fatal error: ac_nonexistent.h: No such file or directory
compilation terminated.
configure:2908: $? = 1
configure: failed program was:
| /* confdefs.h.  */
| 
| #define PACKAGE_NAME "cyton"
| #define PACKAGE_TARNAME "cyton"
| #define PACKAGE_VERSION "0.1"
| #define PACKAGE_STRING "cyton 0.1"
| #define PACKAGE_BUGREPORT "imax@cc.gatech.edu"
| #define HAVE_ATOL 1
| #define HAVE_ATOI 1
| /* end confdefs.h.  */
| #include <ac_nonexistent.h>
configure:2952: checking for egrep
configure:2962: result: grep -E
configure:2967: checking for ANSI C header files
configure:2992: gcc -c -g -O2  conftest.c >&5
configure:2998: $? = 0
configure:3002: test -z 
			 || test ! -s conftest.err
configure:3005: $? = 0
configure:3008: test -s conftest.o
configure:3011: $? = 0
configure:3100: gcc -o conftest -g -O2   conftest.c  >&5
conftest.c: In function 'main':
conftest.c:28: warning: incompatible implicit declaration of built-in function 'exit'
configure:3103: $? = 0
configure:3105: ./conftest
configure:3108: $? = 0
configure:3123: result: yes
configure:3183: checking for gcc
configure:3209: result: gcc
configure:3453: checking for C compiler version
configure:3456: gcc --version </dev/null >&5
gcc (Ubuntu/Linaro 4.4.4-14ubuntu5) 4.4.5
Copyright (C) 2010 Free Software Foundation, Inc.
This is free software; see the source for copying conditions.  There is NO
warranty; not even for MERCHANTABILITY or FITNESS FOR A PARTICULAR PURPOSE.

configure:3459: $? = 0
configure:3461: gcc -v </dev/null >&5
Using built-in specs.
Target: i686-linux-gnu
Configured with: ../src/configure -v --with-pkgversion='Ubuntu/Linaro 4.4.4-14ubuntu5' --with-bugurl=file:///usr/share/doc/gcc-4.4/README.Bugs --enable-languages=c,c++,fortran,objc,obj-c++ --prefix=/usr --program-suffix=-4.4 --enable-shared --enable-multiarch --enable-linker-build-id --with-system-zlib --libexecdir=/usr/lib --without-included-gettext --enable-threads=posix --with-gxx-include-dir=/usr/include/c++/4.4 --libdir=/usr/lib --enable-nls --with-sysroot=/ --enable-clocale=gnu --enable-libstdcxx-debug --enable-objc-gc --enable-targets=all --disable-werror --with-arch-32=i686 --with-tune=generic --enable-checking=release --build=i686-linux-gnu --host=i686-linux-gnu --target=i686-linux-gnu
Thread model: posix
gcc version 4.4.5 (Ubuntu/Linaro 4.4.4-14ubuntu5) 
configure:3464: $? = 0
configure:3466: gcc -V </dev/null >&5
gcc: '-V' option must have argument
configure:3469: $? = 1
configure:3472: checking whether we are using the GNU C compiler
configure:3528: result: yes
configure:3534: checking whether gcc accepts -g
configure:3585: result: yes
configure:3602: checking for gcc option to accept ANSI C
configure:3709: result: none needed
configure:3727: gcc -c -g -O2  conftest.c >&5
conftest.c:2: error: expected '=', ',', ';', 'asm' or '__attribute__' before 'me'
configure:3733: $? = 1
configure: failed program was:
| #ifndef __cplusplus
|   choke me
| #endif
configure:3924: checking for g++
configure:3940: found /usr/bin/g++
configure:3950: result: g++
configure:3966: checking for C++ compiler version
configure:3969: g++ --version </dev/null >&5
g++ (Ubuntu/Linaro 4.4.4-14ubuntu5) 4.4.5
Copyright (C) 2010 Free Software Foundation, Inc.
This is free software; see the source for copying conditions.  There is NO
warranty; not even for MERCHANTABILITY or FITNESS FOR A PARTICULAR PURPOSE.

configure:3972: $? = 0
configure:3974: g++ -v </dev/null >&5
Using built-in specs.
Target: i686-linux-gnu
Configured with: ../src/configure -v --with-pkgversion='Ubuntu/Linaro 4.4.4-14ubuntu5' --with-bugurl=file:///usr/share/doc/gcc-4.4/README.Bugs --enable-languages=c,c++,fortran,objc,obj-c++ --prefix=/usr --program-suffix=-4.4 --enable-shared --enable-multiarch --enable-linker-build-id --with-system-zlib --libexecdir=/usr/lib --without-included-gettext --enable-threads=posix --with-gxx-include-dir=/usr/include/c++/4.4 --libdir=/usr/lib --enable-nls --with-sysroot=/ --enable-clocale=gnu --enable-libstdcxx-debug --enable-objc-gc --enable-targets=all --disable-werror --with-arch-32=i686 --with-tune=generic --enable-checking=release --build=i686-linux-gnu --host=i686-linux-gnu --target=i686-linux-gnu
Thread model: posix
gcc version 4.4.5 (Ubuntu/Linaro 4.4.4-14ubuntu5) 
configure:3977: $? = 0
configure:3979: g++ -V </dev/null >&5
g++: '-V' option must have argument
configure:3982: $? = 1
configure:3985: checking whether we are using the GNU C++ compiler
configure:4009: g++ -c   conftest.cc >&5
configure:4015: $? = 0
configure:4019: test -z 
			 || test ! -s conftest.err
configure:4022: $? = 0
configure:4025: test -s conftest.o
configure:4028: $? = 0
configure:4041: result: yes
configure:4047: checking whether g++ accepts -g
configure:4068: g++ -c -g  conftest.cc >&5
configure:4074: $? = 0
configure:4078: test -z 
			 || test ! -s conftest.err
configure:4081: $? = 0
configure:4084: test -s conftest.o
configure:4087: $? = 0
configure:4098: result: yes
configure:4140: g++ -c -g -O2  conftest.cc >&5
configure:4146: $? = 0
configure:4150: test -z 
			 || test ! -s conftest.err
configure:4153: $? = 0
configure:4156: test -s conftest.o
configure:4159: $? = 0
configure:4185: g++ -c -g -O2  conftest.cc >&5
conftest.cc: In function 'int main()':
conftest.cc:16: error: 'exit' was not declared in this scope
configure:4191: $? = 1
configure: failed program was:
| /* confdefs.h.  */
| 
| #define PACKAGE_NAME "cyton"
| #define PACKAGE_TARNAME "cyton"
| #define PACKAGE_VERSION "0.1"
| #define PACKAGE_STRING "cyton 0.1"
| #define PACKAGE_BUGREPORT "imax@cc.gatech.edu"
| #define HAVE_ATOL 1
| #define HAVE_ATOI 1
| #define STDC_HEADERS 1
| /* end confdefs.h.  */
| 
| int
| main ()
| {
| exit (42);
|   ;
|   return 0;
| }
configure:4140: g++ -c -g -O2  conftest.cc >&5
conftest.cc:12: error: 'void std::exit(int)' should have been declared inside 'std'
configure:4146: $? = 1
configure: failed program was:
| /* confdefs.h.  */
| 
| #define PACKAGE_NAME "cyton"
| #define PACKAGE_TARNAME "cyton"
| #define PACKAGE_VERSION "0.1"
| #define PACKAGE_STRING "cyton 0.1"
| #define PACKAGE_BUGREPORT "imax@cc.gatech.edu"
| #define HAVE_ATOL 1
| #define HAVE_ATOI 1
| #define STDC_HEADERS 1
| /* end confdefs.h.  */
| extern "C" void std::exit (int) throw (); using std::exit;
| #include <stdlib.h>
| int
| main ()
| {
| exit (42);
|   ;
|   return 0;
| }
configure:4140: g++ -c -g -O2  conftest.cc >&5
conftest.cc:12: error: 'void std::exit(int)' should have been declared inside 'std'
In file included from conftest.cc:13:
/usr/include/stdlib.h:544: error: declaration of 'void std::exit(int) throw ()' throws different exceptions
conftest.cc:12: error: from previous declaration 'void std::exit(int)'
configure:4146: $? = 1
configure: failed program was:
| /* confdefs.h.  */
| 
| #define PACKAGE_NAME "cyton"
| #define PACKAGE_TARNAME "cyton"
| #define PACKAGE_VERSION "0.1"
| #define PACKAGE_STRING "cyton 0.1"
| #define PACKAGE_BUGREPORT "imax@cc.gatech.edu"
| #define HAVE_ATOL 1
| #define HAVE_ATOI 1
| #define STDC_HEADERS 1
| /* end confdefs.h.  */
| extern "C" void std::exit (int); using std::exit;
| #include <stdlib.h>
| int
| main ()
| {
| exit (42);
|   ;
|   return 0;
| }
configure:4140: g++ -c -g -O2  conftest.cc >&5
configure:4146: $? = 0
configure:4150: test -z 
			 || test ! -s conftest.err
configure:4153: $? = 0
configure:4156: test -s conftest.o
configure:4159: $? = 0
configure:4185: g++ -c -g -O2  conftest.cc >&5
configure:4191: $? = 0
configure:4195: test -z 
			 || test ! -s conftest.err
configure:4198: $? = 0
configure:4201: test -s conftest.o
configure:4204: $? = 0
configure:4243: checking for a BSD-compatible install
configure:4298: result: /usr/bin/install -c
configure:4340: checking build system type
configure:4358: result: i686-pc-linux-gnu
configure:4366: checking host system type
configure:4380: result: i686-pc-linux-gnu
configure:4388: checking for a sed that does not truncate output
configure:4444: result: /bin/sed
configure:4460: checking for fgrep
configure:4470: result: grep -F
configure:4505: checking for ld used by gcc
configure:4572: result: /usr/bin/ld
configure:4581: checking if the linker (/usr/bin/ld) is GNU ld
configure:4596: result: yes
configure:4608: checking for BSD- or MS-compatible name lister (nm)
configure:4657: result: /usr/bin/nm -B
configure:4762: checking the name lister (/usr/bin/nm -B) interface
configure:4769: gcc -c -g -O2  conftest.c >&5
configure:4772: /usr/bin/nm -B "conftest.o"
configure:4775: output
00000000 B some_variable
configure:4782: result: BSD nm
configure:4785: checking whether ln -s works
configure:4789: result: yes
configure:4797: checking the maximum length of command line arguments
configure:4917: result: 805306365
configure:4934: checking whether the shell understands some XSI constructs
configure:4944: result: yes
configure:4948: checking whether the shell understands "+="
configure:4954: result: yes
configure:4989: checking for /usr/bin/ld option to reload object files
configure:4996: result: -r
configure:5063: checking for objdump
configure:5079: found /usr/bin/objdump
configure:5090: result: objdump
configure:5112: checking how to recognize dependent libraries
configure:5308: result: pass_all
configure:5366: checking for ar
configure:5382: found /usr/bin/ar
configure:5393: result: ar
configure:5459: checking for strip
configure:5475: found /usr/bin/strip
configure:5486: result: strip
configure:5546: checking for ranlib
configure:5562: found /usr/bin/ranlib
configure:5573: result: ranlib
configure:5653: checking command to parse /usr/bin/nm -B output from gcc object
configure:5771: gcc -c -g -O2  conftest.c >&5
configure:5774: $? = 0
configure:5778: /usr/bin/nm -B conftest.o \| sed -n -e 's/^.*[	 ]\([ABCDGIRSTW][ABCDGIRSTW]*\)[	 ][	 ]*\([_A-Za-z][_A-Za-z0-9]*\)$/\1 \2 \2/p' \> conftest.nm
configure:5781: $? = 0
configure:5835: gcc -o conftest -g -O2   conftest.c conftstm.o >&5
configure:5838: $? = 0
configure:5876: result: ok
configure:6689: checking for sys/types.h
configure:6705: gcc -c -g -O2  conftest.c >&5
configure:6711: $? = 0
configure:6715: test -z 
			 || test ! -s conftest.err
configure:6718: $? = 0
configure:6721: test -s conftest.o
configure:6724: $? = 0
configure:6735: result: yes
configure:6689: checking for sys/stat.h
configure:6705: gcc -c -g -O2  conftest.c >&5
configure:6711: $? = 0
configure:6715: test -z 
			 || test ! -s conftest.err
configure:6718: $? = 0
configure:6721: test -s conftest.o
configure:6724: $? = 0
configure:6735: result: yes
configure:6689: checking for stdlib.h
configure:6705: gcc -c -g -O2  conftest.c >&5
configure:6711: $? = 0
configure:6715: test -z 
			 || test ! -s conftest.err
configure:6718: $? = 0
configure:6721: test -s conftest.o
configure:6724: $? = 0
configure:6735: result: yes
configure:6689: checking for string.h
configure:6705: gcc -c -g -O2  conftest.c >&5
configure:6711: $? = 0
configure:6715: test -z 
			 || test ! -s conftest.err
configure:6718: $? = 0
configure:6721: test -s conftest.o
configure:6724: $? = 0
configure:6735: result: yes
configure:6689: checking for memory.h
configure:6705: gcc -c -g -O2  conftest.c >&5
configure:6711: $? = 0
configure:6715: test -z 
			 || test ! -s conftest.err
configure:6718: $? = 0
configure:6721: test -s conftest.o
configure:6724: $? = 0
configure:6735: result: yes
configure:6689: checking for strings.h
configure:6705: gcc -c -g -O2  conftest.c >&5
configure:6711: $? = 0
configure:6715: test -z 
			 || test ! -s conftest.err
configure:6718: $? = 0
configure:6721: test -s conftest.o
configure:6724: $? = 0
configure:6735: result: yes
configure:6689: checking for inttypes.h
configure:6705: gcc -c -g -O2  conftest.c >&5
configure:6711: $? = 0
configure:6715: test -z 
			 || test ! -s conftest.err
configure:6718: $? = 0
configure:6721: test -s conftest.o
configure:6724: $? = 0
configure:6735: result: yes
configure:6689: checking for stdint.h
configure:6705: gcc -c -g -O2  conftest.c >&5
configure:6711: $? = 0
configure:6715: test -z 
			 || test ! -s conftest.err
configure:6718: $? = 0
configure:6721: test -s conftest.o
configure:6724: $? = 0
configure:6735: result: yes
configure:6689: checking for unistd.h
configure:6705: gcc -c -g -O2  conftest.c >&5
configure:6711: $? = 0
configure:6715: test -z 
			 || test ! -s conftest.err
configure:6718: $? = 0
configure:6721: test -s conftest.o
configure:6724: $? = 0
configure:6735: result: yes
configure:6751: checking for dlfcn.h
configure:6767: gcc -c -g -O2  conftest.c >&5
configure:6773: $? = 0
configure:6777: test -z 
			 || test ! -s conftest.err
configure:6780: $? = 0
configure:6783: test -s conftest.o
configure:6786: $? = 0
configure:6797: result: yes
configure:6904: checking for C++ compiler version
configure:6907: g++ --version </dev/null >&5
g++ (Ubuntu/Linaro 4.4.4-14ubuntu5) 4.4.5
Copyright (C) 2010 Free Software Foundation, Inc.
This is free software; see the source for copying conditions.  There is NO
warranty; not even for MERCHANTABILITY or FITNESS FOR A PARTICULAR PURPOSE.

configure:6910: $? = 0
configure:6912: g++ -v </dev/null >&5
Using built-in specs.
Target: i686-linux-gnu
Configured with: ../src/configure -v --with-pkgversion='Ubuntu/Linaro 4.4.4-14ubuntu5' --with-bugurl=file:///usr/share/doc/gcc-4.4/README.Bugs --enable-languages=c,c++,fortran,objc,obj-c++ --prefix=/usr --program-suffix=-4.4 --enable-shared --enable-multiarch --enable-linker-build-id --with-system-zlib --libexecdir=/usr/lib --without-included-gettext --enable-threads=posix --with-gxx-include-dir=/usr/include/c++/4.4 --libdir=/usr/lib --enable-nls --with-sysroot=/ --enable-clocale=gnu --enable-libstdcxx-debug --enable-objc-gc --enable-targets=all --disable-werror --with-arch-32=i686 --with-tune=generic --enable-checking=release --build=i686-linux-gnu --host=i686-linux-gnu --target=i686-linux-gnu
Thread model: posix
gcc version 4.4.5 (Ubuntu/Linaro 4.4.4-14ubuntu5) 
configure:6915: $? = 0
configure:6917: g++ -V </dev/null >&5
g++: '-V' option must have argument
configure:6920: $? = 1
configure:6923: checking whether we are using the GNU C++ compiler
configure:6979: result: yes
configure:6985: checking whether g++ accepts -g
configure:7036: result: yes
configure:7078: g++ -c -g  conftest.cc >&5
configure:7084: $? = 0
configure:7088: test -z 
			 || test ! -s conftest.err
configure:7091: $? = 0
configure:7094: test -s conftest.o
configure:7097: $? = 0
configure:7123: g++ -c -g  conftest.cc >&5
configure:7129: $? = 0
configure:7133: test -z 
			 || test ! -s conftest.err
configure:7136: $? = 0
configure:7139: test -s conftest.o
configure:7142: $? = 0
configure:7173: checking how to run the C++ preprocessor
configure:7204: g++ -E  conftest.cc
configure:7210: $? = 0
configure:7242: g++ -E  conftest.cc
conftest.cc:25: fatal error: ac_nonexistent.h: No such file or directory
compilation terminated.
configure:7248: $? = 1
configure: failed program was:
| /* confdefs.h.  */
| 
| #define PACKAGE_NAME "cyton"
| #define PACKAGE_TARNAME "cyton"
| #define PACKAGE_VERSION "0.1"
| #define PACKAGE_STRING "cyton 0.1"
| #define PACKAGE_BUGREPORT "imax@cc.gatech.edu"
| #define HAVE_ATOL 1
| #define HAVE_ATOI 1
| #define STDC_HEADERS 1
| #ifdef __cplusplus
| extern "C" void exit (int) throw ();
| #endif
| #define HAVE_SYS_TYPES_H 1
| #define HAVE_SYS_STAT_H 1
| #define HAVE_STDLIB_H 1
| #define HAVE_STRING_H 1
| #define HAVE_MEMORY_H 1
| #define HAVE_STRINGS_H 1
| #define HAVE_INTTYPES_H 1
| #define HAVE_STDINT_H 1
| #define HAVE_UNISTD_H 1
| #define HAVE_DLFCN_H 1
| /* end confdefs.h.  */
| #include <ac_nonexistent.h>
configure:7287: result: g++ -E
configure:7311: g++ -E  conftest.cc
configure:7317: $? = 0
configure:7349: g++ -E  conftest.cc
conftest.cc:25: fatal error: ac_nonexistent.h: No such file or directory
compilation terminated.
configure:7355: $? = 1
configure: failed program was:
| /* confdefs.h.  */
| 
| #define PACKAGE_NAME "cyton"
| #define PACKAGE_TARNAME "cyton"
| #define PACKAGE_VERSION "0.1"
| #define PACKAGE_STRING "cyton 0.1"
| #define PACKAGE_BUGREPORT "imax@cc.gatech.edu"
| #define HAVE_ATOL 1
| #define HAVE_ATOI 1
| #define STDC_HEADERS 1
| #ifdef __cplusplus
| extern "C" void exit (int) throw ();
| #endif
| #define HAVE_SYS_TYPES_H 1
| #define HAVE_SYS_STAT_H 1
| #define HAVE_STDLIB_H 1
| #define HAVE_STRING_H 1
| #define HAVE_MEMORY_H 1
| #define HAVE_STRINGS_H 1
| #define HAVE_INTTYPES_H 1
| #define HAVE_STDINT_H 1
| #define HAVE_UNISTD_H 1
| #define HAVE_DLFCN_H 1
| /* end confdefs.h.  */
| #include <ac_nonexistent.h>
configure:7573: checking for objdir
configure:7588: result: .libs
configure:7884: checking if gcc supports -fno-rtti -fno-exceptions
configure:7902: gcc -c -g -O2  -fno-rtti -fno-exceptions conftest.c >&5
cc1: warning: command line option "-fno-rtti" is valid for C++/ObjC++ but not for C
configure:7906: $? = 0
configure:7919: result: no
configure:7939: checking for gcc option to produce PIC
configure:8211: result: -fPIC -DPIC
configure:8223: checking if gcc PIC flag -fPIC -DPIC works
configure:8241: gcc -c -g -O2  -fPIC -DPIC -DPIC conftest.c >&5
configure:8245: $? = 0
configure:8258: result: yes
configure:8282: checking if gcc static flag -static works
configure:8310: result: yes
configure:8325: checking if gcc supports -c -o file.o
configure:8346: gcc -c -g -O2  -o out/conftest2.o conftest.c >&5
configure:8350: $? = 0
configure:8372: result: yes
configure:8380: checking if gcc supports -c -o file.o
configure:8427: result: yes
configure:8460: checking whether the gcc linker (/usr/bin/ld) supports shared libraries
configure:9528: result: yes
configure:9565: checking whether -lc should be explicitly linked in
configure:9570: gcc -c -g -O2  conftest.c >&5
configure:9573: $? = 0
configure:9588: gcc -shared conftest.o  -v -Wl,-soname -Wl,conftest -o conftest 2\>\&1 \| grep  -lc  \>/dev/null 2\>\&1
configure:9591: $? = 0
configure:9603: result: no
configure:9767: checking dynamic linker characteristics
configure:10205: gcc -o conftest -g -O2   -Wl,-rpath -Wl,/foo conftest.c  >&5
configure:10211: $? = 0
configure:10215: test -z 
			 || test ! -s conftest.err
configure:10218: $? = 0
configure:10221: test -s conftest
configure:10224: $? = 0
configure:10448: result: GNU/Linux ld.so
configure:10550: checking how to hardcode library paths into programs
configure:10575: result: immediate
configure:11413: checking whether stripping libraries is possible
configure:11418: result: yes
configure:11453: checking if libtool supports shared libraries
configure:11455: result: yes
configure:11458: checking whether to build shared libraries
configure:11479: result: yes
configure:11482: checking whether to build static libraries
configure:11486: result: yes
configure:11636: checking for ld used by g++
configure:11703: result: /usr/bin/ld
configure:11712: checking if the linker (/usr/bin/ld) is GNU ld
configure:11727: result: yes
configure:11782: checking whether the g++ linker (/usr/bin/ld) supports shared libraries
configure:12753: result: yes
configure:12781: g++ -c -g  conftest.cpp >&5
configure:12784: $? = 0
configure:12966: checking for g++ option to produce PIC
configure:13283: result: -fPIC -DPIC
configure:13292: checking if g++ PIC flag -fPIC -DPIC works
configure:13310: g++ -c -g  -fPIC -DPIC -DPIC conftest.cpp >&5
configure:13314: $? = 0
configure:13327: result: yes
configure:13348: checking if g++ static flag -static works
configure:13376: result: yes
configure:13388: checking if g++ supports -c -o file.o
configure:13409: g++ -c -g  -o out/conftest2.o conftest.cpp >&5
configure:13413: $? = 0
configure:13435: result: yes
configure:13440: checking if g++ supports -c -o file.o
configure:13487: result: yes
configure:13517: checking whether the g++ linker (/usr/bin/ld) supports shared libraries
configure:13543: result: yes
configure:13680: checking dynamic linker characteristics
configure:14066: g++ -o conftest -g   -Wl,-rpath -Wl,/foo conftest.cpp  >&5
configure:14072: $? = 0
configure:14076: test -z 
			 || test ! -s conftest.err
configure:14079: $? = 0
configure:14082: test -s conftest
configure:14085: $? = 0
configure:14309: result: GNU/Linux ld.so
configure:14360: checking how to hardcode library paths into programs
configure:14385: result: immediate
configure:14452: checking which extension is used for runtime loadable modules
configure:14462: result: .so
configure:14472: checking which variable specifies run-time module search path
configure:14479: result: LD_LIBRARY_PATH
configure:14489: checking for the default library search path
configure:14496: result: /lib /usr/lib /usr/lib/nvidia-current /usr/lib/atlas /lib/i486-linux-gnu /usr/lib/i486-linux-gnu /lib/i686-linux-gnu /usr/lib/i686-linux-gnu /usr/lib/alsa-lib /usr/local/lib 
configure:14526: checking for library containing dlopen
configure:14556: gcc -o conftest -g -O2   conftest.c  >&5
/tmp/ccExsVKY.o: In function `main':
/home/mahendra/cyton/conftest.c:40: undefined reference to `dlopen'
collect2: ld returned 1 exit status
configure:14562: $? = 1
configure: failed program was:
| /* confdefs.h.  */
| 
| #define PACKAGE_NAME "cyton"
| #define PACKAGE_TARNAME "cyton"
| #define PACKAGE_VERSION "0.1"
| #define PACKAGE_STRING "cyton 0.1"
| #define PACKAGE_BUGREPORT "imax@cc.gatech.edu"
| #define HAVE_ATOL 1
| #define HAVE_ATOI 1
| #define STDC_HEADERS 1
| #ifdef __cplusplus
| extern "C" void exit (int) throw ();
| #endif
| #define HAVE_SYS_TYPES_H 1
| #define HAVE_SYS_STAT_H 1
| #define HAVE_STDLIB_H 1
| #define HAVE_STRING_H 1
| #define HAVE_MEMORY_H 1
| #define HAVE_STRINGS_H 1
| #define HAVE_INTTYPES_H 1
| #define HAVE_STDINT_H 1
| #define HAVE_UNISTD_H 1
| #define HAVE_DLFCN_H 1
| #define LT_OBJDIR ".libs/"
| #define LT_MODULE_EXT ".so"
| #define LT_MODULE_PATH_VAR "LD_LIBRARY_PATH"
| #define LT_DLSEARCH_PATH "/lib:/usr/lib:/usr/lib/nvidia-current:/usr/lib/atlas:/lib/i486-linux-gnu:/usr/lib/i486-linux-gnu:/lib/i686-linux-gnu:/usr/lib/i686-linux-gnu:/usr/lib/alsa-lib:/usr/local/lib"
| /* end confdefs.h.  */
| 
| /* Override any gcc2 internal prototype to avoid an error.  */
| #ifdef __cplusplus
| extern "C"
| #endif
| /* We use char because int might match the return type of a gcc2
|    builtin and then its argument prototype would still apply.  */
| char dlopen ();
| int
| main ()
| {
| dlopen ();
|   ;
|   return 0;
| }
configure:14611: gcc -o conftest -g -O2   conftest.c -ldl   >&5
configure:14617: $? = 0
configure:14621: test -z 
			 || test ! -s conftest.err
configure:14624: $? = 0
configure:14627: test -s conftest
configure:14630: $? = 0
configure:14645: result: -ldl
configure:14798: checking for dlerror
configure:14855: gcc -o conftest -g -O2   conftest.c -ldl  -ldl >&5
configure:14861: $? = 0
configure:14865: test -z 
			 || test ! -s conftest.err
configure:14868: $? = 0
configure:14871: test -s conftest
configure:14874: $? = 0
configure:14886: result: yes
configure:14901: checking for shl_load
configure:14958: gcc -o conftest -g -O2   conftest.c -ldl  >&5
/tmp/cc3CBxJ7.o: In function `main':
/home/mahendra/cyton/conftest.c:70: undefined reference to `shl_load'
/tmp/cc3CBxJ7.o:(.data+0x0): undefined reference to `shl_load'
collect2: ld returned 1 exit status
configure:14964: $? = 1
configure: failed program was:
| /* confdefs.h.  */
| 
| #define PACKAGE_NAME "cyton"
| #define PACKAGE_TARNAME "cyton"
| #define PACKAGE_VERSION "0.1"
| #define PACKAGE_STRING "cyton 0.1"
| #define PACKAGE_BUGREPORT "imax@cc.gatech.edu"
| #define HAVE_ATOL 1
| #define HAVE_ATOI 1
| #define STDC_HEADERS 1
| #ifdef __cplusplus
| extern "C" void exit (int) throw ();
| #endif
| #define HAVE_SYS_TYPES_H 1
| #define HAVE_SYS_STAT_H 1
| #define HAVE_STDLIB_H 1
| #define HAVE_STRING_H 1
| #define HAVE_MEMORY_H 1
| #define HAVE_STRINGS_H 1
| #define HAVE_INTTYPES_H 1
| #define HAVE_STDINT_H 1
| #define HAVE_UNISTD_H 1
| #define HAVE_DLFCN_H 1
| #define LT_OBJDIR ".libs/"
| #define LT_MODULE_EXT ".so"
| #define LT_MODULE_PATH_VAR "LD_LIBRARY_PATH"
| #define LT_DLSEARCH_PATH "/lib:/usr/lib:/usr/lib/nvidia-current:/usr/lib/atlas:/lib/i486-linux-gnu:/usr/lib/i486-linux-gnu:/lib/i686-linux-gnu:/usr/lib/i686-linux-gnu:/usr/lib/alsa-lib:/usr/local/lib"
| #define HAVE_LIBDL 1
| #define HAVE_DLERROR 1
| /* end confdefs.h.  */
| /* Define shl_load to an innocuous variant, in case <limits.h> declares shl_load.
|    For example, HP-UX 11i <limits.h> declares gettimeofday.  */
| #define shl_load innocuous_shl_load
| 
| /* System header to define __stub macros and hopefully few prototypes,
|     which can conflict with char shl_load (); below.
|     Prefer <limits.h> to <assert.h> if __STDC__ is defined, since
|     <limits.h> exists even on freestanding compilers.  */
| 
| #ifdef __STDC__
| # include <limits.h>
| #else
| # include <assert.h>
| #endif
| 
| #undef shl_load
| 
| /* Override any gcc2 internal prototype to avoid an error.  */
| #ifdef __cplusplus
| extern "C"
| {
| #endif
| /* We use char because int might match the return type of a gcc2
|    builtin and then its argument prototype would still apply.  */
| char shl_load ();
| /* The GNU C library defines this for functions which it implements
|     to always fail with ENOSYS.  Some functions are actually named
|     something starting with __ and the normal name is an alias.  */
| #if defined (__stub_shl_load) || defined (__stub___shl_load)
| choke me
| #else
| char (*f) () = shl_load;
| #endif
| #ifdef __cplusplus
| }
| #endif
| 
| int
| main ()
| {
| return f != shl_load;
|   ;
|   return 0;
| }
configure:14989: result: no
configure:14999: checking for shl_load in -ldld
configure:15029: gcc -o conftest -g -O2   conftest.c -ldld  -ldl  >&5
/usr/bin/ld: cannot find -ldld
collect2: ld returned 1 exit status
configure:15035: $? = 1
configure: failed program was:
| /* confdefs.h.  */
| 
| #define PACKAGE_NAME "cyton"
| #define PACKAGE_TARNAME "cyton"
| #define PACKAGE_VERSION "0.1"
| #define PACKAGE_STRING "cyton 0.1"
| #define PACKAGE_BUGREPORT "imax@cc.gatech.edu"
| #define HAVE_ATOL 1
| #define HAVE_ATOI 1
| #define STDC_HEADERS 1
| #ifdef __cplusplus
| extern "C" void exit (int) throw ();
| #endif
| #define HAVE_SYS_TYPES_H 1
| #define HAVE_SYS_STAT_H 1
| #define HAVE_STDLIB_H 1
| #define HAVE_STRING_H 1
| #define HAVE_MEMORY_H 1
| #define HAVE_STRINGS_H 1
| #define HAVE_INTTYPES_H 1
| #define HAVE_STDINT_H 1
| #define HAVE_UNISTD_H 1
| #define HAVE_DLFCN_H 1
| #define LT_OBJDIR ".libs/"
| #define LT_MODULE_EXT ".so"
| #define LT_MODULE_PATH_VAR "LD_LIBRARY_PATH"
| #define LT_DLSEARCH_PATH "/lib:/usr/lib:/usr/lib/nvidia-current:/usr/lib/atlas:/lib/i486-linux-gnu:/usr/lib/i486-linux-gnu:/lib/i686-linux-gnu:/usr/lib/i686-linux-gnu:/usr/lib/alsa-lib:/usr/local/lib"
| #define HAVE_LIBDL 1
| #define HAVE_DLERROR 1
| /* end confdefs.h.  */
| 
| /* Override any gcc2 internal prototype to avoid an error.  */
| #ifdef __cplusplus
| extern "C"
| #endif
| /* We use char because int might match the return type of a gcc2
|    builtin and then its argument prototype would still apply.  */
| char shl_load ();
| int
| main ()
| {
| shl_load ();
|   ;
|   return 0;
| }
configure:15061: result: no
configure:15261: checking for dld_link in -ldld
configure:15291: gcc -o conftest -g -O2   conftest.c -ldld  -ldl  >&5
/usr/bin/ld: cannot find -ldld
collect2: ld returned 1 exit status
configure:15297: $? = 1
configure: failed program was:
| /* confdefs.h.  */
| 
| #define PACKAGE_NAME "cyton"
| #define PACKAGE_TARNAME "cyton"
| #define PACKAGE_VERSION "0.1"
| #define PACKAGE_STRING "cyton 0.1"
| #define PACKAGE_BUGREPORT "imax@cc.gatech.edu"
| #define HAVE_ATOL 1
| #define HAVE_ATOI 1
| #define STDC_HEADERS 1
| #ifdef __cplusplus
| extern "C" void exit (int) throw ();
| #endif
| #define HAVE_SYS_TYPES_H 1
| #define HAVE_SYS_STAT_H 1
| #define HAVE_STDLIB_H 1
| #define HAVE_STRING_H 1
| #define HAVE_MEMORY_H 1
| #define HAVE_STRINGS_H 1
| #define HAVE_INTTYPES_H 1
| #define HAVE_STDINT_H 1
| #define HAVE_UNISTD_H 1
| #define HAVE_DLFCN_H 1
| #define LT_OBJDIR ".libs/"
| #define LT_MODULE_EXT ".so"
| #define LT_MODULE_PATH_VAR "LD_LIBRARY_PATH"
| #define LT_DLSEARCH_PATH "/lib:/usr/lib:/usr/lib/nvidia-current:/usr/lib/atlas:/lib/i486-linux-gnu:/usr/lib/i486-linux-gnu:/lib/i686-linux-gnu:/usr/lib/i686-linux-gnu:/usr/lib/alsa-lib:/usr/local/lib"
| #define HAVE_LIBDL 1
| #define HAVE_DLERROR 1
| /* end confdefs.h.  */
| 
| /* Override any gcc2 internal prototype to avoid an error.  */
| #ifdef __cplusplus
| extern "C"
| #endif
| /* We use char because int might match the return type of a gcc2
|    builtin and then its argument prototype would still apply.  */
| char dld_link ();
| int
| main ()
| {
| dld_link ();
|   ;
|   return 0;
| }
configure:15323: result: no
configure:15361: checking for _ prefix in compiled symbols
configure:15371: gcc -c -g -O2  conftest.c >&5
configure:15374: $? = 0
configure:15378: /usr/bin/nm -B conftest.o \| sed -n -e 's/^.*[	 ]\([ABCDGIRSTW][ABCDGIRSTW]*\)[	 ][	 ]*\([_A-Za-z][_A-Za-z0-9]*\)$/\1 \2 \2/p' \> conftest.nm
configure:15381: $? = 0
configure:15403: result: no
configure:15519: checking whether deplibs are loaded by dlopen
configure:15613: result: yes
configure:15629: checking for argz.h
configure:15645: gcc -c -g -O2  conftest.c >&5
configure:15651: $? = 0
configure:15655: test -z 
			 || test ! -s conftest.err
configure:15658: $? = 0
configure:15661: test -s conftest.o
configure:15664: $? = 0
configure:15675: result: yes
configure:15687: checking for error_t
configure:15714: gcc -c -g -O2  conftest.c >&5
configure:15720: $? = 0
configure:15724: test -z 
			 || test ! -s conftest.err
configure:15727: $? = 0
configure:15730: test -s conftest.o
configure:15733: $? = 0
configure:15744: result: yes
configure:15779: checking for argz_add
configure:15836: gcc -o conftest -g -O2   conftest.c -ldl  >&5
configure:15842: $? = 0
configure:15846: test -z 
			 || test ! -s conftest.err
configure:15849: $? = 0
configure:15852: test -s conftest
configure:15855: $? = 0
configure:15867: result: yes
configure:15779: checking for argz_append
configure:15836: gcc -o conftest -g -O2   conftest.c -ldl  >&5
configure:15842: $? = 0
configure:15846: test -z 
			 || test ! -s conftest.err
configure:15849: $? = 0
configure:15852: test -s conftest
configure:15855: $? = 0
configure:15867: result: yes
configure:15779: checking for argz_count
configure:15836: gcc -o conftest -g -O2   conftest.c -ldl  >&5
configure:15842: $? = 0
configure:15846: test -z 
			 || test ! -s conftest.err
configure:15849: $? = 0
configure:15852: test -s conftest
configure:15855: $? = 0
configure:15867: result: yes
configure:15779: checking for argz_create_sep
configure:15836: gcc -o conftest -g -O2   conftest.c -ldl  >&5
configure:15842: $? = 0
configure:15846: test -z 
			 || test ! -s conftest.err
configure:15849: $? = 0
configure:15852: test -s conftest
configure:15855: $? = 0
configure:15867: result: yes
configure:15779: checking for argz_insert
configure:15836: gcc -o conftest -g -O2   conftest.c -ldl  >&5
configure:15842: $? = 0
configure:15846: test -z 
			 || test ! -s conftest.err
configure:15849: $? = 0
configure:15852: test -s conftest
configure:15855: $? = 0
configure:15867: result: yes
configure:15779: checking for argz_next
configure:15836: gcc -o conftest -g -O2   conftest.c -ldl  >&5
configure:15842: $? = 0
configure:15846: test -z 
			 || test ! -s conftest.err
configure:15849: $? = 0
configure:15852: test -s conftest
configure:15855: $? = 0
configure:15867: result: yes
configure:15779: checking for argz_stringify
configure:15836: gcc -o conftest -g -O2   conftest.c -ldl  >&5
configure:15842: $? = 0
configure:15846: test -z 
			 || test ! -s conftest.err
configure:15849: $? = 0
configure:15852: test -s conftest
configure:15855: $? = 0
configure:15867: result: yes
configure:15884: checking if argz actually works
configure:15915: result: yes
configure:15936: checking whether libtool supports -dlopen/-dlpreopen
configure:15948: result: yes
configure:15980: checking for ltdl.h
configure:15997: gcc -c -g -O2  conftest.c >&5
configure:16003: $? = 0
configure:16007: test -z 
			 || test ! -s conftest.err
configure:16010: $? = 0
configure:16013: test -s conftest.o
configure:16016: $? = 0
configure:16027: result: yes
configure:16030: checking whether lt_dlinterface_register is declared
configure:16056: gcc -c -g -O2  conftest.c >&5
configure:16062: $? = 0
configure:16066: test -z 
			 || test ! -s conftest.err
configure:16069: $? = 0
configure:16072: test -s conftest.o
configure:16075: $? = 0
configure:16086: result: yes
configure:16089: checking for lt_dladvise_preload in -lltdl
configure:16119: gcc -o conftest -g -O2   conftest.c -lltdl  -ldl  >&5
configure:16125: $? = 0
configure:16129: test -z 
			 || test ! -s conftest.err
configure:16132: $? = 0
configure:16135: test -s conftest
configure:16138: $? = 0
configure:16151: result: yes
configure:16256: checking where to find libltdl headers
configure:16258: result: 
configure:16260: checking where to find libltdl library
configure:16262: result: -lltdl
configure:16325: checking for unistd.h
configure:16371: result: yes
configure:16325: checking for dl.h
configure:16341: gcc -c -g -O2  conftest.c >&5
conftest.c:80: fatal error: dl.h: No such file or directory
compilation terminated.
configure:16347: $? = 1
configure: failed program was:
| /* confdefs.h.  */
| 
| #define PACKAGE_NAME "cyton"
| #define PACKAGE_TARNAME "cyton"
| #define PACKAGE_VERSION "0.1"
| #define PACKAGE_STRING "cyton 0.1"
| #define PACKAGE_BUGREPORT "imax@cc.gatech.edu"
| #define HAVE_ATOL 1
| #define HAVE_ATOI 1
| #define STDC_HEADERS 1
| #ifdef __cplusplus
| extern "C" void exit (int) throw ();
| #endif
| #define HAVE_SYS_TYPES_H 1
| #define HAVE_SYS_STAT_H 1
| #define HAVE_STDLIB_H 1
| #define HAVE_STRING_H 1
| #define HAVE_MEMORY_H 1
| #define HAVE_STRINGS_H 1
| #define HAVE_INTTYPES_H 1
| #define HAVE_STDINT_H 1
| #define HAVE_UNISTD_H 1
| #define HAVE_DLFCN_H 1
| #define LT_OBJDIR ".libs/"
| #define LT_MODULE_EXT ".so"
| #define LT_MODULE_PATH_VAR "LD_LIBRARY_PATH"
| #define LT_DLSEARCH_PATH "/lib:/usr/lib:/usr/lib/nvidia-current:/usr/lib/atlas:/lib/i486-linux-gnu:/usr/lib/i486-linux-gnu:/lib/i686-linux-gnu:/usr/lib/i686-linux-gnu:/usr/lib/alsa-lib:/usr/local/lib"
| #define HAVE_LIBDL 1
| #define HAVE_DLERROR 1
| #define HAVE_LIBDLLOADER 1
| #define HAVE_ARGZ_H 1
| #define HAVE_ERROR_T 1
| #define HAVE_ARGZ_ADD 1
| #define HAVE_ARGZ_APPEND 1
| #define HAVE_ARGZ_COUNT 1
| #define HAVE_ARGZ_CREATE_SEP 1
| #define HAVE_ARGZ_INSERT 1
| #define HAVE_ARGZ_NEXT 1
| #define HAVE_ARGZ_STRINGIFY 1
| #define HAVE_WORKING_ARGZ 1
| #define HAVE_PRELOADED_SYMBOLS 1
| #define HAVE_LTDL 1
| #define HAVE_UNISTD_H 1
| /* end confdefs.h.  */
| #include <stdio.h>
| #if HAVE_SYS_TYPES_H
| # include <sys/types.h>
| #endif
| #if HAVE_SYS_STAT_H
| # include <sys/stat.h>
| #endif
| #if STDC_HEADERS
| # include <stdlib.h>
| # include <stddef.h>
| #else
| # if HAVE_STDLIB_H
| #  include <stdlib.h>
| # endif
| #endif
| #if HAVE_STRING_H
| # if !STDC_HEADERS && HAVE_MEMORY_H
| #  include <memory.h>
| # endif
| # include <string.h>
| #endif
| #if HAVE_STRINGS_H
| # include <strings.h>
| #endif
| #if HAVE_INTTYPES_H
| # include <inttypes.h>
| #else
| # if HAVE_STDINT_H
| #  include <stdint.h>
| # endif
| #endif
| #if HAVE_UNISTD_H
| # include <unistd.h>
| #endif
| 
| #include <dl.h>
configure:16371: result: no
configure:16325: checking for sys/dl.h
configure:16341: gcc -c -g -O2  conftest.c >&5
conftest.c:80: fatal error: sys/dl.h: No such file or directory
compilation terminated.
configure:16347: $? = 1
configure: failed program was:
| /* confdefs.h.  */
| 
| #define PACKAGE_NAME "cyton"
| #define PACKAGE_TARNAME "cyton"
| #define PACKAGE_VERSION "0.1"
| #define PACKAGE_STRING "cyton 0.1"
| #define PACKAGE_BUGREPORT "imax@cc.gatech.edu"
| #define HAVE_ATOL 1
| #define HAVE_ATOI 1
| #define STDC_HEADERS 1
| #ifdef __cplusplus
| extern "C" void exit (int) throw ();
| #endif
| #define HAVE_SYS_TYPES_H 1
| #define HAVE_SYS_STAT_H 1
| #define HAVE_STDLIB_H 1
| #define HAVE_STRING_H 1
| #define HAVE_MEMORY_H 1
| #define HAVE_STRINGS_H 1
| #define HAVE_INTTYPES_H 1
| #define HAVE_STDINT_H 1
| #define HAVE_UNISTD_H 1
| #define HAVE_DLFCN_H 1
| #define LT_OBJDIR ".libs/"
| #define LT_MODULE_EXT ".so"
| #define LT_MODULE_PATH_VAR "LD_LIBRARY_PATH"
| #define LT_DLSEARCH_PATH "/lib:/usr/lib:/usr/lib/nvidia-current:/usr/lib/atlas:/lib/i486-linux-gnu:/usr/lib/i486-linux-gnu:/lib/i686-linux-gnu:/usr/lib/i686-linux-gnu:/usr/lib/alsa-lib:/usr/local/lib"
| #define HAVE_LIBDL 1
| #define HAVE_DLERROR 1
| #define HAVE_LIBDLLOADER 1
| #define HAVE_ARGZ_H 1
| #define HAVE_ERROR_T 1
| #define HAVE_ARGZ_ADD 1
| #define HAVE_ARGZ_APPEND 1
| #define HAVE_ARGZ_COUNT 1
| #define HAVE_ARGZ_CREATE_SEP 1
| #define HAVE_ARGZ_INSERT 1
| #define HAVE_ARGZ_NEXT 1
| #define HAVE_ARGZ_STRINGIFY 1
| #define HAVE_WORKING_ARGZ 1
| #define HAVE_PRELOADED_SYMBOLS 1
| #define HAVE_LTDL 1
| #define HAVE_UNISTD_H 1
| /* end confdefs.h.  */
| #include <stdio.h>
| #if HAVE_SYS_TYPES_H
| # include <sys/types.h>
| #endif
| #if HAVE_SYS_STAT_H
| # include <sys/stat.h>
| #endif
| #if STDC_HEADERS
| # include <stdlib.h>
| # include <stddef.h>
| #else
| # if HAVE_STDLIB_H
| #  include <stdlib.h>
| # endif
| #endif
| #if HAVE_STRING_H
| # if !STDC_HEADERS && HAVE_MEMORY_H
| #  include <memory.h>
| # endif
| # include <string.h>
| #endif
| #if HAVE_STRINGS_H
| # include <strings.h>
| #endif
| #if HAVE_INTTYPES_H
| # include <inttypes.h>
| #else
| # if HAVE_STDINT_H
| #  include <stdint.h>
| # endif
| #endif
| #if HAVE_UNISTD_H
| # include <unistd.h>
| #endif
| 
| #include <sys/dl.h>
configure:16371: result: no
configure:16325: checking for dld.h
configure:16341: gcc -c -g -O2  conftest.c >&5
conftest.c:80: fatal error: dld.h: No such file or directory
compilation terminated.
configure:16347: $? = 1
configure: failed program was:
| /* confdefs.h.  */
| 
| #define PACKAGE_NAME "cyton"
| #define PACKAGE_TARNAME "cyton"
| #define PACKAGE_VERSION "0.1"
| #define PACKAGE_STRING "cyton 0.1"
| #define PACKAGE_BUGREPORT "imax@cc.gatech.edu"
| #define HAVE_ATOL 1
| #define HAVE_ATOI 1
| #define STDC_HEADERS 1
| #ifdef __cplusplus
| extern "C" void exit (int) throw ();
| #endif
| #define HAVE_SYS_TYPES_H 1
| #define HAVE_SYS_STAT_H 1
| #define HAVE_STDLIB_H 1
| #define HAVE_STRING_H 1
| #define HAVE_MEMORY_H 1
| #define HAVE_STRINGS_H 1
| #define HAVE_INTTYPES_H 1
| #define HAVE_STDINT_H 1
| #define HAVE_UNISTD_H 1
| #define HAVE_DLFCN_H 1
| #define LT_OBJDIR ".libs/"
| #define LT_MODULE_EXT ".so"
| #define LT_MODULE_PATH_VAR "LD_LIBRARY_PATH"
| #define LT_DLSEARCH_PATH "/lib:/usr/lib:/usr/lib/nvidia-current:/usr/lib/atlas:/lib/i486-linux-gnu:/usr/lib/i486-linux-gnu:/lib/i686-linux-gnu:/usr/lib/i686-linux-gnu:/usr/lib/alsa-lib:/usr/local/lib"
| #define HAVE_LIBDL 1
| #define HAVE_DLERROR 1
| #define HAVE_LIBDLLOADER 1
| #define HAVE_ARGZ_H 1
| #define HAVE_ERROR_T 1
| #define HAVE_ARGZ_ADD 1
| #define HAVE_ARGZ_APPEND 1
| #define HAVE_ARGZ_COUNT 1
| #define HAVE_ARGZ_CREATE_SEP 1
| #define HAVE_ARGZ_INSERT 1
| #define HAVE_ARGZ_NEXT 1
| #define HAVE_ARGZ_STRINGIFY 1
| #define HAVE_WORKING_ARGZ 1
| #define HAVE_PRELOADED_SYMBOLS 1
| #define HAVE_LTDL 1
| #define HAVE_UNISTD_H 1
| /* end confdefs.h.  */
| #include <stdio.h>
| #if HAVE_SYS_TYPES_H
| # include <sys/types.h>
| #endif
| #if HAVE_SYS_STAT_H
| # include <sys/stat.h>
| #endif
| #if STDC_HEADERS
| # include <stdlib.h>
| # include <stddef.h>
| #else
| # if HAVE_STDLIB_H
| #  include <stdlib.h>
| # endif
| #endif
| #if HAVE_STRING_H
| # if !STDC_HEADERS && HAVE_MEMORY_H
| #  include <memory.h>
| # endif
| # include <string.h>
| #endif
| #if HAVE_STRINGS_H
| # include <strings.h>
| #endif
| #if HAVE_INTTYPES_H
| # include <inttypes.h>
| #else
| # if HAVE_STDINT_H
| #  include <stdint.h>
| # endif
| #endif
| #if HAVE_UNISTD_H
| # include <unistd.h>
| #endif
| 
| #include <dld.h>
configure:16371: result: no
configure:16325: checking for mach-o/dyld.h
configure:16341: gcc -c -g -O2  conftest.c >&5
conftest.c:80: fatal error: mach-o/dyld.h: No such file or directory
compilation terminated.
configure:16347: $? = 1
configure: failed program was:
| /* confdefs.h.  */
| 
| #define PACKAGE_NAME "cyton"
| #define PACKAGE_TARNAME "cyton"
| #define PACKAGE_VERSION "0.1"
| #define PACKAGE_STRING "cyton 0.1"
| #define PACKAGE_BUGREPORT "imax@cc.gatech.edu"
| #define HAVE_ATOL 1
| #define HAVE_ATOI 1
| #define STDC_HEADERS 1
| #ifdef __cplusplus
| extern "C" void exit (int) throw ();
| #endif
| #define HAVE_SYS_TYPES_H 1
| #define HAVE_SYS_STAT_H 1
| #define HAVE_STDLIB_H 1
| #define HAVE_STRING_H 1
| #define HAVE_MEMORY_H 1
| #define HAVE_STRINGS_H 1
| #define HAVE_INTTYPES_H 1
| #define HAVE_STDINT_H 1
| #define HAVE_UNISTD_H 1
| #define HAVE_DLFCN_H 1
| #define LT_OBJDIR ".libs/"
| #define LT_MODULE_EXT ".so"
| #define LT_MODULE_PATH_VAR "LD_LIBRARY_PATH"
| #define LT_DLSEARCH_PATH "/lib:/usr/lib:/usr/lib/nvidia-current:/usr/lib/atlas:/lib/i486-linux-gnu:/usr/lib/i486-linux-gnu:/lib/i686-linux-gnu:/usr/lib/i686-linux-gnu:/usr/lib/alsa-lib:/usr/local/lib"
| #define HAVE_LIBDL 1
| #define HAVE_DLERROR 1
| #define HAVE_LIBDLLOADER 1
| #define HAVE_ARGZ_H 1
| #define HAVE_ERROR_T 1
| #define HAVE_ARGZ_ADD 1
| #define HAVE_ARGZ_APPEND 1
| #define HAVE_ARGZ_COUNT 1
| #define HAVE_ARGZ_CREATE_SEP 1
| #define HAVE_ARGZ_INSERT 1
| #define HAVE_ARGZ_NEXT 1
| #define HAVE_ARGZ_STRINGIFY 1
| #define HAVE_WORKING_ARGZ 1
| #define HAVE_PRELOADED_SYMBOLS 1
| #define HAVE_LTDL 1
| #define HAVE_UNISTD_H 1
| /* end confdefs.h.  */
| #include <stdio.h>
| #if HAVE_SYS_TYPES_H
| # include <sys/types.h>
| #endif
| #if HAVE_SYS_STAT_H
| # include <sys/stat.h>
| #endif
| #if STDC_HEADERS
| # include <stdlib.h>
| # include <stddef.h>
| #else
| # if HAVE_STDLIB_H
| #  include <stdlib.h>
| # endif
| #endif
| #if HAVE_STRING_H
| # if !STDC_HEADERS && HAVE_MEMORY_H
| #  include <memory.h>
| # endif
| # include <string.h>
| #endif
| #if HAVE_STRINGS_H
| # include <strings.h>
| #endif
| #if HAVE_INTTYPES_H
| # include <inttypes.h>
| #else
| # if HAVE_STDINT_H
| #  include <stdint.h>
| # endif
| #endif
| #if HAVE_UNISTD_H
| # include <unistd.h>
| #endif
| 
| #include <mach-o/dyld.h>
configure:16371: result: no
configure:16325: checking for dirent.h
configure:16341: gcc -c -g -O2  conftest.c >&5
configure:16347: $? = 0
configure:16351: test -z 
			 || test ! -s conftest.err
configure:16354: $? = 0
configure:16357: test -s conftest.o
configure:16360: $? = 0
configure:16371: result: yes
configure:16389: checking for closedir
configure:16446: gcc -o conftest -g -O2   conftest.c -ldl  >&5
configure:16452: $? = 0
configure:16456: test -z 
			 || test ! -s conftest.err
configure:16459: $? = 0
configure:16462: test -s conftest
configure:16465: $? = 0
configure:16477: result: yes
configure:16389: checking for opendir
configure:16446: gcc -o conftest -g -O2   conftest.c -ldl  >&5
configure:16452: $? = 0
configure:16456: test -z 
			 || test ! -s conftest.err
configure:16459: $? = 0
configure:16462: test -s conftest
configure:16465: $? = 0
configure:16477: result: yes
configure:16389: checking for readdir
configure:16446: gcc -o conftest -g -O2   conftest.c -ldl  >&5
configure:16452: $? = 0
configure:16456: test -z 
			 || test ! -s conftest.err
configure:16459: $? = 0
configure:16462: test -s conftest
configure:16465: $? = 0
configure:16477: result: yes
configure:16497: checking for strlcat
configure:16554: gcc -o conftest -g -O2   conftest.c -ldl  >&5
/tmp/ccpqV9xI.o: In function `main':
/home/mahendra/cyton/conftest.c:88: undefined reference to `strlcat'
/tmp/ccpqV9xI.o:(.data+0x0): undefined reference to `strlcat'
collect2: ld returned 1 exit status
configure:16560: $? = 1
configure: failed program was:
| /* confdefs.h.  */
| 
| #define PACKAGE_NAME "cyton"
| #define PACKAGE_TARNAME "cyton"
| #define PACKAGE_VERSION "0.1"
| #define PACKAGE_STRING "cyton 0.1"
| #define PACKAGE_BUGREPORT "imax@cc.gatech.edu"
| #define HAVE_ATOL 1
| #define HAVE_ATOI 1
| #define STDC_HEADERS 1
| #ifdef __cplusplus
| extern "C" void exit (int) throw ();
| #endif
| #define HAVE_SYS_TYPES_H 1
| #define HAVE_SYS_STAT_H 1
| #define HAVE_STDLIB_H 1
| #define HAVE_STRING_H 1
| #define HAVE_MEMORY_H 1
| #define HAVE_STRINGS_H 1
| #define HAVE_INTTYPES_H 1
| #define HAVE_STDINT_H 1
| #define HAVE_UNISTD_H 1
| #define HAVE_DLFCN_H 1
| #define LT_OBJDIR ".libs/"
| #define LT_MODULE_EXT ".so"
| #define LT_MODULE_PATH_VAR "LD_LIBRARY_PATH"
| #define LT_DLSEARCH_PATH "/lib:/usr/lib:/usr/lib/nvidia-current:/usr/lib/atlas:/lib/i486-linux-gnu:/usr/lib/i486-linux-gnu:/lib/i686-linux-gnu:/usr/lib/i686-linux-gnu:/usr/lib/alsa-lib:/usr/local/lib"
| #define HAVE_LIBDL 1
| #define HAVE_DLERROR 1
| #define HAVE_LIBDLLOADER 1
| #define HAVE_ARGZ_H 1
| #define HAVE_ERROR_T 1
| #define HAVE_ARGZ_ADD 1
| #define HAVE_ARGZ_APPEND 1
| #define HAVE_ARGZ_COUNT 1
| #define HAVE_ARGZ_CREATE_SEP 1
| #define HAVE_ARGZ_INSERT 1
| #define HAVE_ARGZ_NEXT 1
| #define HAVE_ARGZ_STRINGIFY 1
| #define HAVE_WORKING_ARGZ 1
| #define HAVE_PRELOADED_SYMBOLS 1
| #define HAVE_LTDL 1
| #define HAVE_UNISTD_H 1
| #define HAVE_DIRENT_H 1
| #define HAVE_CLOSEDIR 1
| #define HAVE_OPENDIR 1
| #define HAVE_READDIR 1
| /* end confdefs.h.  */
| /* Define strlcat to an innocuous variant, in case <limits.h> declares strlcat.
|    For example, HP-UX 11i <limits.h> declares gettimeofday.  */
| #define strlcat innocuous_strlcat
| 
| /* System header to define __stub macros and hopefully few prototypes,
|     which can conflict with char strlcat (); below.
|     Prefer <limits.h> to <assert.h> if __STDC__ is defined, since
|     <limits.h> exists even on freestanding compilers.  */
| 
| #ifdef __STDC__
| # include <limits.h>
| #else
| # include <assert.h>
| #endif
| 
| #undef strlcat
| 
| /* Override any gcc2 internal prototype to avoid an error.  */
| #ifdef __cplusplus
| extern "C"
| {
| #endif
| /* We use char because int might match the return type of a gcc2
|    builtin and then its argument prototype would still apply.  */
| char strlcat ();
| /* The GNU C library defines this for functions which it implements
|     to always fail with ENOSYS.  Some functions are actually named
|     something starting with __ and the normal name is an alias.  */
| #if defined (__stub_strlcat) || defined (__stub___strlcat)
| choke me
| #else
| char (*f) () = strlcat;
| #endif
| #ifdef __cplusplus
| }
| #endif
| 
| int
| main ()
| {
| return f != strlcat;
|   ;
|   return 0;
| }
configure:16585: result: no
configure:16497: checking for strlcpy
configure:16554: gcc -o conftest -g -O2   conftest.c -ldl  >&5
/tmp/ccK7oxYJ.o: In function `main':
/home/mahendra/cyton/conftest.c:88: undefined reference to `strlcpy'
/tmp/ccK7oxYJ.o:(.data+0x0): undefined reference to `strlcpy'
collect2: ld returned 1 exit status
configure:16560: $? = 1
configure: failed program was:
| /* confdefs.h.  */
| 
| #define PACKAGE_NAME "cyton"
| #define PACKAGE_TARNAME "cyton"
| #define PACKAGE_VERSION "0.1"
| #define PACKAGE_STRING "cyton 0.1"
| #define PACKAGE_BUGREPORT "imax@cc.gatech.edu"
| #define HAVE_ATOL 1
| #define HAVE_ATOI 1
| #define STDC_HEADERS 1
| #ifdef __cplusplus
| extern "C" void exit (int) throw ();
| #endif
| #define HAVE_SYS_TYPES_H 1
| #define HAVE_SYS_STAT_H 1
| #define HAVE_STDLIB_H 1
| #define HAVE_STRING_H 1
| #define HAVE_MEMORY_H 1
| #define HAVE_STRINGS_H 1
| #define HAVE_INTTYPES_H 1
| #define HAVE_STDINT_H 1
| #define HAVE_UNISTD_H 1
| #define HAVE_DLFCN_H 1
| #define LT_OBJDIR ".libs/"
| #define LT_MODULE_EXT ".so"
| #define LT_MODULE_PATH_VAR "LD_LIBRARY_PATH"
| #define LT_DLSEARCH_PATH "/lib:/usr/lib:/usr/lib/nvidia-current:/usr/lib/atlas:/lib/i486-linux-gnu:/usr/lib/i486-linux-gnu:/lib/i686-linux-gnu:/usr/lib/i686-linux-gnu:/usr/lib/alsa-lib:/usr/local/lib"
| #define HAVE_LIBDL 1
| #define HAVE_DLERROR 1
| #define HAVE_LIBDLLOADER 1
| #define HAVE_ARGZ_H 1
| #define HAVE_ERROR_T 1
| #define HAVE_ARGZ_ADD 1
| #define HAVE_ARGZ_APPEND 1
| #define HAVE_ARGZ_COUNT 1
| #define HAVE_ARGZ_CREATE_SEP 1
| #define HAVE_ARGZ_INSERT 1
| #define HAVE_ARGZ_NEXT 1
| #define HAVE_ARGZ_STRINGIFY 1
| #define HAVE_WORKING_ARGZ 1
| #define HAVE_PRELOADED_SYMBOLS 1
| #define HAVE_LTDL 1
| #define HAVE_UNISTD_H 1
| #define HAVE_DIRENT_H 1
| #define HAVE_CLOSEDIR 1
| #define HAVE_OPENDIR 1
| #define HAVE_READDIR 1
| /* end confdefs.h.  */
| /* Define strlcpy to an innocuous variant, in case <limits.h> declares strlcpy.
|    For example, HP-UX 11i <limits.h> declares gettimeofday.  */
| #define strlcpy innocuous_strlcpy
| 
| /* System header to define __stub macros and hopefully few prototypes,
|     which can conflict with char strlcpy (); below.
|     Prefer <limits.h> to <assert.h> if __STDC__ is defined, since
|     <limits.h> exists even on freestanding compilers.  */
| 
| #ifdef __STDC__
| # include <limits.h>
| #else
| # include <assert.h>
| #endif
| 
| #undef strlcpy
| 
| /* Override any gcc2 internal prototype to avoid an error.  */
| #ifdef __cplusplus
| extern "C"
| {
| #endif
| /* We use char because int might match the return type of a gcc2
|    builtin and then its argument prototype would still apply.  */
| char strlcpy ();
| /* The GNU C library defines this for functions which it implements
|     to always fail with ENOSYS.  Some functions are actually named
|     something starting with __ and the normal name is an alias.  */
| #if defined (__stub_strlcpy) || defined (__stub___strlcpy)
| choke me
| #else
| char (*f) () = strlcpy;
| #endif
| #ifdef __cplusplus
| }
| #endif
| 
| int
| main ()
| {
| return f != strlcpy;
|   ;
|   return 0;
| }
configure:16585: result: no
configure:16670: checking for csh
configure:16703: result: no
configure:16732: checking for cygpath
configure:16759: result: echo
configure:16787: checking needed include args for ffs package
configure:16844: searching for ./ffs.h /home/mahendra/cyton/../ffs/ffs.h /home/mahendra/cyton/../include/ffs.h /home/mahendra/cyton/../share/ffs.h /home/mahendra/ffs/ffs.h /home/mahendra//include/ffs.h /home/mahendra/include/ffs.h /usr/include/ffs.h /usr/local/include/ffs.h /opt/ffs/include/ffs.h /opt/misc/include/ffs.h /opt/misc/include//ffs.h 
configure:16863: result: 
configure:16877: checking needed link args for ffs package
configure:16934: searching for ./libffs.la /home/mahendra/cyton/../ffs/libffs.la /home/mahendra/cyton/../lib/libffs.la /home/mahendra/cyton/../share/libffs.la /home/mahendra/ffs/libffs.la /home/mahendra//lib/libffs.la /home/mahendra/lib/libffs.la /usr/lib/gcc/i686-linux-gnu/4.4.5/libffs.la /usr/lib/libffs.la /lib/libffs.la /usr/lib/i686-linux-gnu/libffs.la /usr/lib/libffs.la /usr/local/lib/libffs.la /opt/ffs/lib/libffs.la /opt/misc/lib/libffs.la /opt/misc/lib//libffs.la 
configure:16955: result: 
configure:17118: checking needed include args for gen_thread package
configure:17175: searching for ./gen_thread.h /home/mahendra/cyton/../gen_thread/gen_thread.h /home/mahendra/cyton/../include/gen_thread.h /home/mahendra/cyton/../share/gen_thread.h /home/mahendra/gen_thread/gen_thread.h /home/mahendra//include/gen_thread.h /home/mahendra/include/gen_thread.h /usr/include/gen_thread.h /usr/local/include/gen_thread.h /opt/gen_thread/include/gen_thread.h /opt/misc/include/gen_thread.h /opt/misc/include//gen_thread.h 
configure:17194: result: 
configure:17208: checking needed link args for gen_thread package
configure:17265: searching for ./libgen_thread.la /home/mahendra/cyton/../gen_thread/libgen_thread.la /home/mahendra/cyton/../lib/libgen_thread.la /home/mahendra/cyton/../share/libgen_thread.la /home/mahendra/gen_thread/libgen_thread.la /home/mahendra//lib/libgen_thread.la /home/mahendra/lib/libgen_thread.la /usr/lib/gcc/i686-linux-gnu/4.4.5/libgen_thread.la /usr/lib/libgen_thread.la /lib/libgen_thread.la /usr/lib/i686-linux-gnu/libgen_thread.la /usr/lib/libgen_thread.la /usr/local/lib/libgen_thread.la /opt/gen_thread/lib/libgen_thread.la /opt/misc/lib/libgen_thread.la /opt/misc/lib//libgen_thread.la 
configure:17286: result: 
configure:17449: checking needed include args for atl package
configure:17506: searching for ./atl.h /home/mahendra/cyton/../atl/atl.h /home/mahendra/cyton/../include/atl.h /home/mahendra/cyton/../share/atl.h /home/mahendra/atl/atl.h /home/mahendra//include/atl.h /home/mahendra/include/atl.h /usr/include/atl.h /usr/local/include/atl.h /opt/atl/include/atl.h /opt/misc/include/atl.h /opt/misc/include//atl.h 
configure:17525: result: 
configure:17539: checking needed link args for atl package
configure:17596: searching for ./libatl.la /home/mahendra/cyton/../atl/libatl.la /home/mahendra/cyton/../lib/libatl.la /home/mahendra/cyton/../share/libatl.la /home/mahendra/atl/libatl.la /home/mahendra//lib/libatl.la /home/mahendra/lib/libatl.la /usr/lib/gcc/i686-linux-gnu/4.4.5/libatl.la /usr/lib/libatl.la /lib/libatl.la /usr/lib/i686-linux-gnu/libatl.la /usr/lib/libatl.la /usr/local/lib/libatl.la /opt/atl/lib/libatl.la /opt/misc/lib/libatl.la /opt/misc/lib//libatl.la 
configure:17617: result: 
configure:17780: checking needed include args for evpath package
configure:17837: searching for ./evpath.h /home/mahendra/cyton/../evpath/evpath.h /home/mahendra/cyton/../include/evpath.h /home/mahendra/cyton/../share/evpath.h /home/mahendra/evpath/evpath.h /home/mahendra//include/evpath.h /home/mahendra/include/evpath.h /usr/include/evpath.h /usr/local/include/evpath.h /opt/evpath/include/evpath.h /opt/misc/include/evpath.h /opt/misc/include//evpath.h 
configure:17856: result: 
configure:17870: checking needed link args for evpath package
configure:17927: searching for ./libevpath.la /home/mahendra/cyton/../evpath/libevpath.la /home/mahendra/cyton/../lib/libevpath.la /home/mahendra/cyton/../share/libevpath.la /home/mahendra/evpath/libevpath.la /home/mahendra//lib/libevpath.la /home/mahendra/lib/libevpath.la /usr/lib/gcc/i686-linux-gnu/4.4.5/libevpath.la /usr/lib/libevpath.la /lib/libevpath.la /usr/lib/i686-linux-gnu/libevpath.la /usr/lib/libevpath.la /usr/local/lib/libevpath.la /opt/evpath/lib/libevpath.la /opt/misc/lib/libevpath.la /opt/misc/lib//libevpath.la 
configure:17948: result: 
configure:18092: checking whether build environment is sane
configure:18135: result: yes
configure:18200: checking for gawk
configure:18216: found /usr/bin/gawk
configure:18226: result: gawk
configure:18236: checking whether make sets $(MAKE)
configure:18256: result: yes
configure:18286: checking for style of include used by make
configure:18314: result: GNU
configure:18490: checking dependency style of gcc
configure:18580: result: gcc3
configure:18599: checking dependency style of g++
configure:18689: result: gcc3
configure:18865: creating ./config.status

## ---------------- ##
## Cache variables. ##
## ---------------- ##

ac_cv_build=i686-pc-linux-gnu
ac_cv_build_alias=i686-pc-linux-gnu
ac_cv_c_compiler_gnu=yes
ac_cv_cxx_compiler_gnu=yes
ac_cv_env_CC_set=
ac_cv_env_CC_value=
ac_cv_env_CFLAGS_set=
ac_cv_env_CFLAGS_value=
ac_cv_env_CPPFLAGS_set=
ac_cv_env_CPPFLAGS_value=
ac_cv_env_CPP_set=
ac_cv_env_CPP_value=
ac_cv_env_CXXCPP_set=
ac_cv_env_CXXCPP_value=
ac_cv_env_CXXFLAGS_set=
ac_cv_env_CXXFLAGS_value=
ac_cv_env_CXX_set=
ac_cv_env_CXX_value=
ac_cv_env_LDFLAGS_set=
ac_cv_env_LDFLAGS_value=
ac_cv_env_build_alias_set=
ac_cv_env_build_alias_value=
ac_cv_env_host_alias_set=
ac_cv_env_host_alias_value=
ac_cv_env_target_alias_set=
ac_cv_env_target_alias_value=
ac_cv_exeext=
ac_cv_func_argz_add=yes
ac_cv_func_argz_append=yes
ac_cv_func_argz_count=yes
ac_cv_func_argz_create_sep=yes
ac_cv_func_argz_insert=yes
ac_cv_func_argz_next=yes
ac_cv_func_argz_stringify=yes
ac_cv_func_atoi=yes
ac_cv_func_atol=yes
ac_cv_func_closedir=yes
ac_cv_func_dlerror=yes
ac_cv_func_opendir=yes
ac_cv_func_readdir=yes
ac_cv_func_shl_load=no
ac_cv_func_strlcat=no
ac_cv_func_strlcpy=no
ac_cv_have_decl_lt_dlinterface_register=yes
ac_cv_header_argz_h=yes
ac_cv_header_dirent_h=yes
ac_cv_header_dl_h=no
ac_cv_header_dld_h=no
ac_cv_header_dlfcn_h=yes
ac_cv_header_inttypes_h=yes
ac_cv_header_ltdl_h=yes
ac_cv_header_mach_o_dyld_h=no
ac_cv_header_memory_h=yes
ac_cv_header_stdc=yes
ac_cv_header_stdint_h=yes
ac_cv_header_stdlib_h=yes
ac_cv_header_string_h=yes
ac_cv_header_strings_h=yes
ac_cv_header_sys_dl_h=no
ac_cv_header_sys_stat_h=yes
ac_cv_header_sys_types_h=yes
ac_cv_header_unistd_h=yes
ac_cv_host=i686-pc-linux-gnu
ac_cv_host_alias=i686-pc-linux-gnu
ac_cv_lib_dld_dld_link=no
ac_cv_lib_dld_shl_load=no
ac_cv_lib_ltdl_lt_dladvise_preload=yes
ac_cv_objext=o
ac_cv_path_install='/usr/bin/install -c'
ac_cv_prog_AWK=gawk
ac_cv_prog_CPP='gcc -E'
ac_cv_prog_CXXCPP='g++ -E'
ac_cv_prog_PATHPROG=echo
ac_cv_prog_ac_ct_AR=ar
ac_cv_prog_ac_ct_CC=gcc
ac_cv_prog_ac_ct_CXX=g++
ac_cv_prog_ac_ct_OBJDUMP=objdump
ac_cv_prog_ac_ct_RANLIB=ranlib
ac_cv_prog_ac_ct_STRIP=strip
ac_cv_prog_cc_g=yes
ac_cv_prog_cc_stdc=
ac_cv_prog_cxx_g=yes
ac_cv_prog_egrep='grep -E'
ac_cv_prog_fgrep='grep -F'
ac_cv_prog_make_make_set=yes
ac_cv_search_dlopen=-ldl
ac_cv_type_error_t=yes
am_cv_CC_dependencies_compiler_type=gcc3
am_cv_CXX_dependencies_compiler_type=gcc3
cercs_cv_archive=
cercs_cv_atl_link_arg=
cercs_cv_atl_link_dir=
cercs_cv_evpath_link_arg=
cercs_cv_evpath_link_dir=
cercs_cv_ffs_link_arg=
cercs_cv_ffs_link_dir=
cercs_cv_gen_thread_link_arg=
cercs_cv_gen_thread_link_dir=
libltdl_cv_lib_dl_dlopen=yes
libltdl_cv_preloaded_symbols=yes
libltdl_cv_shlibext=.so
lt_cv_deplibs_check_method=pass_all
lt_cv_file_magic_cmd='$MAGIC_CMD'
lt_cv_file_magic_test_file=
lt_cv_ld_reload_flag=-r
lt_cv_module_path_var=LD_LIBRARY_PATH
lt_cv_nm_interface='BSD nm'
lt_cv_objdir=.libs
lt_cv_path_LD=/usr/bin/ld
lt_cv_path_LDCXX=/usr/bin/ld
lt_cv_path_NM='/usr/bin/nm -B'
lt_cv_path_SED=/bin/sed
lt_cv_prog_compiler_c_o=yes
lt_cv_prog_compiler_c_o_CXX=yes
lt_cv_prog_compiler_pic_works=yes
lt_cv_prog_compiler_pic_works_CXX=yes
lt_cv_prog_compiler_rtti_exceptions=no
lt_cv_prog_compiler_static_works=yes
lt_cv_prog_compiler_static_works_CXX=yes
lt_cv_prog_gnu_ld=yes
lt_cv_prog_gnu_ldcxx=yes
lt_cv_sys_argz_works=yes
lt_cv_sys_dlopen_deplibs=yes
lt_cv_sys_dlsearch_path='/lib /usr/lib /usr/lib/nvidia-current /usr/lib/atlas /lib/i486-linux-gnu /usr/lib/i486-linux-gnu /lib/i686-linux-gnu /usr/lib/i686-linux-gnu /usr/lib/alsa-lib /usr/local/lib '
lt_cv_sys_global_symbol_pipe='sed -n -e '\''s/^.*[	 ]\([ABCDGIRSTW][ABCDGIRSTW]*\)[	 ][	 ]*\([_A-Za-z][_A-Za-z0-9]*\)$/\1 \2 \2/p'\'''
lt_cv_sys_global_symbol_to_c_name_address='sed -n -e '\''s/^: \([^ ]*\) $/  {\"\1\", (void *) 0},/p'\'' -e '\''s/^[ABCDGIRSTW]* \([^ ]*\) \([^ ]*\)$/  {"\2", (void *) \&\2},/p'\'''
lt_cv_sys_global_symbol_to_c_name_address_lib_prefix='sed -n -e '\''s/^: \([^ ]*\) $/  {\"\1\", (void *) 0},/p'\'' -e '\''s/^[ABCDGIRSTW]* \([^ ]*\) \(lib[^ ]*\)$/  {"\2", (void *) \&\2},/p'\'' -e '\''s/^[ABCDGIRSTW]* \([^ ]*\) \([^ ]*\)$/  {"lib\2", (void *) \&\2},/p'\'''
lt_cv_sys_global_symbol_to_cdecl='sed -n -e '\''s/^T .* \(.*\)$/extern int \1();/p'\'' -e '\''s/^[ABCDGIRSTW]* .* \(.*\)$/extern char \1;/p'\'''
lt_cv_sys_max_cmd_len=805306365
lt_cv_sys_symbol_underscore=no

## ----------------- ##
## Output variables. ##
## ----------------- ##

ACLOCAL='${SHELL} /home/mahendra/cyton/libltdl/config/missing --run aclocal-1.9'
AMDEPBACKSLASH='\'
AMDEP_FALSE='#'
AMDEP_TRUE=''
AMTAR='${SHELL} /home/mahendra/cyton/libltdl/config/missing --run tar'
AR='ar'
ARGZ_H=''
AUTOCONF='${SHELL} /home/mahendra/cyton/libltdl/config/missing --run autoconf'
AUTOHEADER='${SHELL} /home/mahendra/cyton/libltdl/config/missing --run autoheader'
AUTOMAKE='${SHELL} /home/mahendra/cyton/libltdl/config/missing --run automake-1.9'
AWK='gawk'
CC='gcc'
CCDEPMODE='depmode=gcc3'
CFLAGS='-g -O2'
CONVENIENCE_LTDL_FALSE='#'
CONVENIENCE_LTDL_TRUE=''
CPP='gcc -E'
CPPFLAGS=''
CSH=''
CXX='g++'
CXXCPP='g++ -E'
CXXDEPMODE='depmode=gcc3'
CXXFLAGS='-g'
CYGPATH_W='echo'
DEFS='-DHAVE_CONFIG_H'
DEPDIR='.deps'
DSYMUTIL=''
DUMPBIN=''
ECHO_C=''
ECHO_N='-n'
ECHO_T=''
EGREP='grep -E'
EXEEXT=''
FGREP='grep -F'
GREP='grep'
INCLTDL=''
INSTALL_DATA='${INSTALL} -m 644'
INSTALL_LTDL_FALSE=''
INSTALL_LTDL_TRUE='#'
INSTALL_PROGRAM='${INSTALL}'
INSTALL_SCRIPT='${INSTALL}'
INSTALL_STRIP_PROGRAM='${SHELL} $(install_sh) -c -s'
LD='/usr/bin/ld'
LDFLAGS=''
LIBADD_DL='-ldl '
LIBADD_DLD_LINK=''
LIBADD_DLOPEN='-ldl'
LIBADD_SHL_LOAD=''
LIBLTDL='-lltdl'
LIBOBJS=''
LIBS='-ldl '
LIBTOOL='$(SHELL) $(top_builddir)/libtool'
LIPO=''
LN_S='ln -s'
LTDLDEPS=''
LTDLINCL=''
LTDLOPEN='libltdl'
LTLIBOBJS=''
LT_CONFIG_H='config.h'
LT_DLLOADERS=' libltdl/dlopen.la'
LT_DLPREOPEN='-dlpreopen libltdl/dlopen.la '
MAINT='#'
MAINTAINER_MODE_FALSE=''
MAINTAINER_MODE_TRUE='#'
MAKEINFO='${SHELL} /home/mahendra/cyton/libltdl/config/missing --run makeinfo'
NM='/usr/bin/nm -B'
NMEDIT=''
OBJDUMP='objdump'
OBJEXT='o'
OTOOL64=''
OTOOL=''
PACKAGE='cyton'
PACKAGE_BUGREPORT='imax@cc.gatech.edu'
PACKAGE_NAME='cyton'
PACKAGE_STRING='cyton 0.1'
PACKAGE_TARNAME='cyton'
PACKAGE_VERSION='0.1'
PATHPROG='echo'
PATH_SEPARATOR=':'
RANLIB='ranlib'
SED='/bin/sed'
SET_MAKE=''
SHELL='/bin/bash'
STRIP='strip'
VERSION='0.1'
ac_ct_AR='ar'
ac_ct_CC='gcc'
ac_ct_CXX='g++'
ac_ct_DSYMUTIL=''
ac_ct_DUMPBIN=''
ac_ct_LIPO=''
ac_ct_NMEDIT=''
ac_ct_OBJDUMP='objdump'
ac_ct_OTOOL64=''
ac_ct_OTOOL=''
ac_ct_RANLIB='ranlib'
ac_ct_STRIP='strip'
am__fastdepCC_FALSE='#'
am__fastdepCC_TRUE=''
am__fastdepCXX_FALSE='#'
am__fastdepCXX_TRUE=''
am__include='include'
am__leading_dot='.'
am__quote=''
am__tar='${AMTAR} chof - "$$tardir"'
am__untar='${AMTAR} xf -'
bindir='${exec_prefix}/bin'
build='i686-pc-linux-gnu'
build_alias=''
build_cpu='i686'
build_os='linux-gnu'
build_vendor='pc'
datadir='${prefix}/share'
exec_prefix='${prefix}'
host='i686-pc-linux-gnu'
host_alias=''
host_cpu='i686'
host_os='linux-gnu'
host_vendor='pc'
includedir='${prefix}/include'
infodir='${prefix}/info'
install_sh='/home/mahendra/cyton/libltdl/config/install-sh'
libdir='${exec_prefix}/lib'
libexecdir='${exec_prefix}/libexec'
localstatedir='${prefix}/var'
lt_ECHO='echo'
ltdl_LIBOBJS=' lt__strl.o'
ltdl_LTLIBOBJS=' lt__strl.lo'
mandir='${prefix}/man'
mkdir_p='mkdir -p --'
oldincludedir='/usr/include'
prefix='/usr/local'
program_transform_name='s,x,x,'
sbindir='${exec_prefix}/sbin'
sharedstatedir='${prefix}/com'
subdirs=' libltdl'
sys_symbol_underscore='no'
sysconfdir='${prefix}/etc'
target_alias=''

## ----------- ##
## confdefs.h. ##
## ----------- ##

#define HAVE_ARGZ_ADD 1
#define HAVE_ARGZ_APPEND 1
#define HAVE_ARGZ_COUNT 1
#define HAVE_ARGZ_CREATE_SEP 1
#define HAVE_ARGZ_H 1
#define HAVE_ARGZ_INSERT 1
#define HAVE_ARGZ_NEXT 1
#define HAVE_ARGZ_STRINGIFY 1
#define HAVE_ATOI 1
#define HAVE_ATOL 1
#define HAVE_CLOSEDIR 1
#define HAVE_DIRENT_H 1
#define HAVE_DLERROR 1
#define HAVE_DLFCN_H 1
#define HAVE_ERROR_T 1
#define HAVE_INTTYPES_H 1
#define HAVE_LIBDL 1
#define HAVE_LIBDLLOADER 1
#define HAVE_LTDL 1
#define HAVE_MEMORY_H 1
#define HAVE_OPENDIR 1
#define HAVE_PRELOADED_SYMBOLS 1
#define HAVE_READDIR 1
#define HAVE_STDINT_H 1
#define HAVE_STDLIB_H 1
#define HAVE_STRINGS_H 1
#define HAVE_STRING_H 1
#define HAVE_SYS_STAT_H 1
#define HAVE_SYS_TYPES_H 1
#define HAVE_UNISTD_H 1
#define HAVE_UNISTD_H 1
#define HAVE_WORKING_ARGZ 1
#define LT_DLSEARCH_PATH "/lib:/usr/lib:/usr/lib/nvidia-current:/usr/lib/atlas:/lib/i486-linux-gnu:/usr/lib/i486-linux-gnu:/lib/i686-linux-gnu:/usr/lib/i686-linux-gnu:/usr/lib/alsa-lib:/usr/local/lib"
#define LT_LIBEXT "a"
#define LT_MODULE_EXT ".so"
#define LT_MODULE_PATH_VAR "LD_LIBRARY_PATH"
#define LT_OBJDIR ".libs/"
#define PACKAGE "cyton"
#define PACKAGE_BUGREPORT "imax@cc.gatech.edu"
#define PACKAGE_NAME "cyton"
#define PACKAGE_STRING "cyton 0.1"
#define PACKAGE_TARNAME "cyton"
#define PACKAGE_VERSION "0.1"
#define STDC_HEADERS 1
#define VERSION "0.1"
#endif
#ifdef __cplusplus
extern "C" void exit (int) throw ();

configure: exit 0

## ---------------------- ##
## Running config.status. ##
## ---------------------- ##

This file was extended by cyton config.status 0.1, which was
generated by GNU Autoconf 2.59.  Invocation command line was

  CONFIG_FILES    = 
  CONFIG_HEADERS  = 
  CONFIG_LINKS    = 
  CONFIG_COMMANDS = 
  $ ./config.status 

on 1up

config.status:1006: creating Makefile
config.status:1006: creating util/Makefile
config.status:1006: creating context/Makefile
config.status:1006: creating formats/Makefile
config.status:1006: creating graph/Makefile
config.status:1006: creating metrics/Makefile
config.status:1006: creating monitoring/Makefile
config.status:1006: creating planner/Makefile
config.status:1006: creating bootserver/Makefile
config.status:1006: creating agent/Makefile
config.status:1006: creating functions/Makefile
config.status:1110: creating config.h
config.status:1290: config.h is unchanged
config.status:1470: executing libtool commands
config.status:1470: executing depfiles commands
