top - 11:29:54 up 69 days, 10:55,  1 user,  load average: 0.00, 0.00, 0.00
Tasks:   1 total,   0 running,   1 sleeping,   0 stopped,   0 zombie
Cpu(s):  7.4%us,  1.4%sy,  0.0%ni, 89.5%id,  1.0%wa,  0.1%hi,  0.5%si,  0.0%st
Mem:   6104992k total,  1679224k used,  4425768k free,   483156k buffers
Swap:  2048276k total,    15104k used,  2033172k free,   798508k cached

  PID USER      PR  NI  VIRT  RES  SHR S %CPU %MEM    TIME+  COMMAND                                                                                         
24750 root      15   0  140m 5072 1188 S  0.0  0.1   0:03.33 python                                                                                          


top - 11:29:54 up 69 days, 10:55,  1 user,  load average: 0.00, 0.00, 0.00
Tasks:   1 total,   0 running,   1 sleeping,   0 stopped,   0 zombie
Cpu(s):  0.0%us,  0.0%sy,  0.0%ni,100.0%id,  0.0%wa,  0.0%hi,  0.0%si,  0.0%st
Mem:   6104992k total,  1679224k used,  4425768k free,   483156k buffers
Swap:  2048276k total,    15104k used,  2033172k free,   798508k cached

  PID USER      PR  NI  VIRT  RES  SHR S %CPU %MEM    TIME+  COMMAND                                                                                         
24750 root      15   0  140m 5072 1188 S  0.0  0.1   0:03.33 python                                                                                          


top - 11:29:55 up 69 days, 10:55,  1 user,  load average: 0.00, 0.00, 0.00
Tasks:   1 total,   0 running,   1 sleeping,   0 stopped,   0 zombie
Cpu(s):  0.0%us,  0.0%sy,  0.0%ni,100.0%id,  0.0%wa,  0.0%hi,  0.0%si,  0.0%st
Mem:   6104992k total,  1679224k used,  4425768k free,   483156k buffers
Swap:  2048276k total,    15104k used,  2033172k free,   798508k cached

  PID USER      PR  NI  VIRT  RES  SHR S %CPU %MEM    TIME+  COMMAND                                                                                         
24750 root      15   0  140m 5072 1188 S  0.0  0.1   0:03.33 python                                                                                          


top - 11:29:55 up 69 days, 10:55,  1 user,  load average: 0.00, 0.00, 0.00
Tasks:   1 total,   0 running,   1 sleeping,   0 stopped,   0 zombie
Cpu(s):  0.0%us,  1.0%sy,  0.0%ni, 99.0%id,  0.0%wa,  0.0%hi,  0.0%si,  0.0%st
Mem:   6104992k total,  1679224k used,  4425768k free,   483156k buffers
Swap:  2048276k total,    15104k used,  2033172k free,   798512k cached

  PID USER      PR  NI  VIRT  RES  SHR S %CPU %MEM    TIME+  COMMAND                                                                                         
24750 root      15   0  140m 5072 1188 S  0.0  0.1   0:03.33 python                                                                                          


top - 11:29:56 up 69 days, 10:55,  1 user,  load average: 0.00, 0.00, 0.00
Tasks:   1 total,   0 running,   1 sleeping,   0 stopped,   0 zombie
Cpu(s):  0.0%us,  0.0%sy,  0.0%ni, 97.0%id,  3.0%wa,  0.0%hi,  0.0%si,  0.0%st
Mem:   6104992k total,  1679224k used,  4425768k free,   483156k buffers
Swap:  2048276k total,    15104k used,  2033172k free,   798512k cached

  PID USER      PR  NI  VIRT  RES  SHR S %CPU %MEM    TIME+  COMMAND                                                                                         
24750 root      15   0  140m 5072 1188 S  0.0  0.1   0:03.33 python                                                                                          


top - 11:29:56 up 69 days, 10:55,  1 user,  load average: 0.00, 0.00, 0.00
Tasks:   1 total,   0 running,   1 sleeping,   0 stopped,   0 zombie
Cpu(s):  0.0%us,  0.0%sy,  0.0%ni,100.0%id,  0.0%wa,  0.0%hi,  0.0%si,  0.0%st
Mem:   6104992k total,  1679224k used,  4425768k free,   483156k buffers
Swap:  2048276k total,    15104k used,  2033172k free,   798512k cached

  PID USER      PR  NI  VIRT  RES  SHR S %CPU %MEM    TIME+  COMMAND                                                                                         
24750 root      15   0  140m 5072 1188 S  0.0  0.1   0:03.33 python                                                                                          


top - 11:29:57 up 69 days, 10:55,  1 user,  load average: 0.00, 0.00, 0.00
Tasks:   1 total,   0 running,   1 sleeping,   0 stopped,   0 zombie
Cpu(s):  0.0%us,  0.0%sy,  0.0%ni,100.0%id,  0.0%wa,  0.0%hi,  0.0%si,  0.0%st
Mem:   6104992k total,  1679224k used,  4425768k free,   483156k buffers
Swap:  2048276k total,    15104k used,  2033172k free,   798512k cached

  PID USER      PR  NI  VIRT  RES  SHR S %CPU %MEM    TIME+  COMMAND                                                                                         
24750 root      15   0  140m 5072 1188 S  0.0  0.1   0:03.33 python                                                                                          


top - 11:29:57 up 69 days, 10:55,  1 user,  load average: 0.00, 0.00, 0.00
Tasks:   1 total,   0 running,   1 sleeping,   0 stopped,   0 zombie
Cpu(s):  0.0%us,  0.0%sy,  0.0%ni,100.0%id,  0.0%wa,  0.0%hi,  0.0%si,  0.0%st
Mem:   6104992k total,  1679224k used,  4425768k free,   483156k buffers
Swap:  2048276k total,    15104k used,  2033172k free,   798516k cached

  PID USER      PR  NI  VIRT  RES  SHR S %CPU %MEM    TIME+  COMMAND                                                                                         
24750 root      15   0  140m 5072 1188 S  0.0  0.1   0:03.33 python                                                                                          


top - 11:29:58 up 69 days, 10:55,  1 user,  load average: 0.00, 0.00, 0.00
Tasks:   1 total,   0 running,   1 sleeping,   0 stopped,   0 zombie
Cpu(s):  0.0%us,  0.0%sy,  0.0%ni,100.0%id,  0.0%wa,  0.0%hi,  0.0%si,  0.0%st
Mem:   6104992k total,  1679224k used,  4425768k free,   483156k buffers
Swap:  2048276k total,    15104k used,  2033172k free,   798516k cached

  PID USER      PR  NI  VIRT  RES  SHR S %CPU %MEM    TIME+  COMMAND                                                                                         
24750 root      15   0  140m 5072 1188 S  0.0  0.1   0:03.33 python                                                                                          


top - 11:29:58 up 69 days, 10:55,  1 user,  load average: 0.00, 0.00, 0.00
Tasks:   1 total,   0 running,   1 sleeping,   0 stopped,   0 zombie
Cpu(s):  0.0%us,  0.0%sy,  0.0%ni,100.0%id,  0.0%wa,  0.0%hi,  0.0%si,  0.0%st
Mem:   6104992k total,  1679224k used,  4425768k free,   483156k buffers
Swap:  2048276k total,    15104k used,  2033172k free,   798516k cached

  PID USER      PR  NI  VIRT  RES  SHR S %CPU %MEM    TIME+  COMMAND                                                                                         
24750 root      15   0  140m 5072 1188 S  0.0  0.1   0:03.33 python                                                                                          


top - 11:29:59 up 69 days, 10:55,  1 user,  load average: 0.00, 0.00, 0.00
Tasks:   1 total,   0 running,   1 sleeping,   0 stopped,   0 zombie
Cpu(s):  0.0%us,  0.0%sy,  0.0%ni, 99.0%id,  1.0%wa,  0.0%hi,  0.0%si,  0.0%st
Mem:   6104992k total,  1679224k used,  4425768k free,   483156k buffers
Swap:  2048276k total,    15104k used,  2033172k free,   798516k cached

  PID USER      PR  NI  VIRT  RES  SHR S %CPU %MEM    TIME+  COMMAND                                                                                         
24750 root      15   0  140m 5072 1188 S  0.0  0.1   0:03.33 python                                                                                          


top - 11:29:59 up 69 days, 10:55,  1 user,  load average: 0.00, 0.00, 0.00
Tasks:   1 total,   0 running,   1 sleeping,   0 stopped,   0 zombie
Cpu(s):  0.0%us,  0.0%sy,  0.0%ni, 99.0%id,  1.0%wa,  0.0%hi,  0.0%si,  0.0%st
Mem:   6104992k total,  1679224k used,  4425768k free,   483156k buffers
Swap:  2048276k total,    15104k used,  2033172k free,   798516k cached

  PID USER      PR  NI  VIRT  RES  SHR S %CPU %MEM    TIME+  COMMAND                                                                                         
24750 root      15   0  140m 5072 1188 S  0.0  0.1   0:03.33 python                                                                                          


top - 11:30:00 up 69 days, 10:55,  1 user,  load average: 0.00, 0.00, 0.00
Tasks:   1 total,   0 running,   1 sleeping,   0 stopped,   0 zombie
Cpu(s):  0.0%us,  0.0%sy,  0.0%ni,100.0%id,  0.0%wa,  0.0%hi,  0.0%si,  0.0%st
Mem:   6104992k total,  1679224k used,  4425768k free,   483156k buffers
Swap:  2048276k total,    15104k used,  2033172k free,   798516k cached

  PID USER      PR  NI  VIRT  RES  SHR S %CPU %MEM    TIME+  COMMAND                                                                                         
24750 root      15   0  140m 5072 1188 S  0.0  0.1   0:03.33 python                                                                                          


top - 11:30:00 up 69 days, 10:55,  1 user,  load average: 0.00, 0.00, 0.00
Tasks:   1 total,   0 running,   1 sleeping,   0 stopped,   0 zombie
Cpu(s):  0.0%us,  0.0%sy,  0.0%ni,100.0%id,  0.0%wa,  0.0%hi,  0.0%si,  0.0%st
Mem:   6104992k total,  1679224k used,  4425768k free,   483156k buffers
Swap:  2048276k total,    15104k used,  2033172k free,   798516k cached

  PID USER      PR  NI  VIRT  RES  SHR S %CPU %MEM    TIME+  COMMAND                                                                                         
24750 root      15   0  140m 5072 1188 S  0.0  0.1   0:03.33 python                                                                                          


top - 11:30:01 up 69 days, 10:55,  1 user,  load average: 0.00, 0.00, 0.00
Tasks:   1 total,   0 running,   1 sleeping,   0 stopped,   0 zombie
Cpu(s):  4.0%us,  3.0%sy,  0.0%ni, 88.1%id,  5.0%wa,  0.0%hi,  0.0%si,  0.0%st
Mem:   6104992k total,  1679968k used,  4425024k free,   483156k buffers
Swap:  2048276k total,    15104k used,  2033172k free,   798516k cached

  PID USER      PR  NI  VIRT  RES  SHR S %CPU %MEM    TIME+  COMMAND                                                                                         
24750 root      15   0  140m 5072 1188 S  0.0  0.1   0:03.33 python                                                                                          


top - 11:30:01 up 69 days, 10:55,  1 user,  load average: 0.00, 0.00, 0.00
Tasks:   1 total,   0 running,   1 sleeping,   0 stopped,   0 zombie
Cpu(s):  0.0%us,  1.0%sy,  0.0%ni, 99.0%id,  0.0%wa,  0.0%hi,  0.0%si,  0.0%st
Mem:   6104992k total,  1679968k used,  4425024k free,   483156k buffers
Swap:  2048276k total,    15104k used,  2033172k free,   798524k cached

  PID USER      PR  NI  VIRT  RES  SHR S %CPU %MEM    TIME+  COMMAND                                                                                         
24750 root      15   0  140m 5072 1188 S  0.0  0.1   0:03.33 python                                                                                          


top - 11:30:02 up 69 days, 10:55,  1 user,  load average: 0.00, 0.00, 0.00
Tasks:   1 total,   0 running,   1 sleeping,   0 stopped,   0 zombie
Cpu(s):  0.0%us,  0.0%sy,  0.0%ni,100.0%id,  0.0%wa,  0.0%hi,  0.0%si,  0.0%st
Mem:   6104992k total,  1679968k used,  4425024k free,   483156k buffers
Swap:  2048276k total,    15104k used,  2033172k free,   798524k cached

  PID USER      PR  NI  VIRT  RES  SHR S %CPU %MEM    TIME+  COMMAND                                                                                         
24750 root      15   0  140m 5072 1188 S  0.0  0.1   0:03.33 python                                                                                          


top - 11:30:02 up 69 days, 10:55,  1 user,  load average: 0.00, 0.00, 0.00
Tasks:   1 total,   0 running,   1 sleeping,   0 stopped,   0 zombie
Cpu(s):  0.0%us,  0.0%sy,  0.0%ni,100.0%id,  0.0%wa,  0.0%hi,  0.0%si,  0.0%st
Mem:   6104992k total,  1679968k used,  4425024k free,   483156k buffers
Swap:  2048276k total,    15104k used,  2033172k free,   798524k cached

  PID USER      PR  NI  VIRT  RES  SHR S %CPU %MEM    TIME+  COMMAND                                                                                         
24750 root      15   0  140m 5072 1188 S  0.0  0.1   0:03.33 python                                                                                          


top - 11:30:03 up 69 days, 10:55,  1 user,  load average: 0.00, 0.00, 0.00
Tasks:   1 total,   0 running,   1 sleeping,   0 stopped,   0 zombie
Cpu(s):  0.0%us,  0.0%sy,  0.0%ni,100.0%id,  0.0%wa,  0.0%hi,  0.0%si,  0.0%st
Mem:   6104992k total,  1679968k used,  4425024k free,   483156k buffers
Swap:  2048276k total,    15104k used,  2033172k free,   798524k cached

  PID USER      PR  NI  VIRT  RES  SHR S %CPU %MEM    TIME+  COMMAND                                                                                         
24750 root      15   0  140m 5072 1188 S  0.0  0.1   0:03.33 python                                                                                          


top - 11:30:03 up 69 days, 10:55,  1 user,  load average: 0.00, 0.00, 0.00
Tasks:   1 total,   0 running,   1 sleeping,   0 stopped,   0 zombie
Cpu(s):  0.0%us,  0.0%sy,  0.0%ni,100.0%id,  0.0%wa,  0.0%hi,  0.0%si,  0.0%st
Mem:   6104992k total,  1679968k used,  4425024k free,   483156k buffers
Swap:  2048276k total,    15104k used,  2033172k free,   798528k cached

  PID USER      PR  NI  VIRT  RES  SHR S %CPU %MEM    TIME+  COMMAND                                                                                         
24750 root      15   0  140m 5072 1188 S  0.0  0.1   0:03.33 python                                                                                          

