1262034742434188.000000 	 754 	 427347 	 14821 	 0 	 0 
1262034743444188.000000 	 754 	 427347 	 14821 	 0 	 0 
1262034744448981.000000 	 754 	 427347 	 14821 	 0 	 0 
1262034745453173.000000 	 754 	 427347 	 14821 	 0 	 0 
1262034746457182.000000 	 754 	 427347 	 14821 	 0 	 0 
1262034747461385.000000 	 754 	 427347 	 14821 	 0 	 0 
1262034748469477.000000 	 754 	 427347 	 14821 	 0 	 0 
1262034749477630.000000 	 754 	 427347 	 14821 	 0 	 0 
1262034750491159.000000 	 754 	 427347 	 14821 	 0 	 0 
1262034751498008.000000 	 754 	 427347 	 14821 	 0 	 0 
1262034752506048.000000 	 754 	 427347 	 14821 	 0 	 0 
1262034753514232.000000 	 754 	 427347 	 14821 	 0 	 0 
1262034754522286.000000 	 754 	 427347 	 14821 	 0 	 0 
1262034755530428.000000 	 754 	 427347 	 14821 	 0 	 0 
1262034756538584.000000 	 754 	 427347 	 14821 	 0 	 0 
1262034757546732.000000 	 754 	 427347 	 14821 	 0 	 0 
1262034758554924.000000 	 754 	 427347 	 14821 	 0 	 0 
1262034759563135.000000 	 754 	 427347 	 14821 	 0 	 0 
1262034760571148.000000 	 754 	 427347 	 14821 	 0 	 0 
1262034761583595.000000 	 754 	 427347 	 14821 	 0 	 0 
1262034762590745.000000 	 754 	 427347 	 14821 	 0 	 0 
1262034763598796.000000 	 754 	 427347 	 14821 	 0 	 0 
1262034764606783.000000 	 754 	 427347 	 14821 	 0 	 0 
1262034765614844.000000 	 754 	 427347 	 14821 	 0 	 0 
1262034766622917.000000 	 754 	 427347 	 14821 	 0 	 0 
1262034767630937.000000 	 754 	 427347 	 14821 	 0 	 0 
1262034768638921.000000 	 754 	 427347 	 14821 	 0 	 0 
1262034769647027.000000 	 754 	 427347 	 14821 	 0 	 0 
1262034770655000.000000 	 754 	 427347 	 14821 	 0 	 0 
1262034868100367.000000 	 754 	 427347 	 14821 	 0 	 0 
1262034989355348.000000 	 754 	 427347 	 14821 	 0 	 0 
1262034990363148.000000 	 754 	 427347 	 14821 	 0 	 0 
1262034991371184.000000 	 754 	 427347 	 14821 	 0 	 0 
1262035004990066.000000 	 754 	 427347 	 14821 	 0 	 0 
1262035005995692.000000 	 754 	 427347 	 14821 	 0 	 0 
1262035034325735.000000 	 754 	 427347 	 14821 	 0 	 0 
1262036983756038.000000 	 754 	 427347 	 14821 	 0 	 0 	 0 	 200 	 32 	 11 
1262036984760995.000000 	 754 	 427347 	 14821 	 0 	 0 	 0 	 200 	 32 	 11 
1262036985769049.000000 	 754 	 427347 	 14821 	 0 	 0 	 0 	 200 	 32 	 11 
1262036986776993.000000 	 754 	 427347 	 14821 	 0 	 0 	 0 	 200 	 32 	 11 
1262036987781196.000000 	 754 	 427347 	 14821 	 0 	 0 	 0 	 200 	 32 	 11 
1262037742967163.000000 	 754 	 427347 	 14821 	 0 	 0 	 0 	 200 	 32 	 11 
1262037743974650.000000 	 754 	 427347 	 14821 	 0 	 0 	 0 	 200 	 32 	 11 
1262037744978601.000000 	 754 	 427347 	 14821 	 0 	 0 	 0 	 200 	 32 	 11 
1262037745982731.000000 	 754 	 427347 	 14821 	 0 	 0 	 0 	 200 	 32 	 11 
1262037746986771.000000 	 754 	 427347 	 14821 	 0 	 0 	 0 	 200 	 32 	 11 
1262037747991038.000000 	 754 	 427347 	 14821 	 0 	 0 	 0 	 200 	 32 	 11 
1262037749000517.000000 	 754 	 427347 	 14821 	 0 	 0 	 0 	 200 	 32 	 11 
1262037750007151.000000 	 754 	 427347 	 14821 	 0 	 0 	 0 	 200 	 32 	 11 
1262037751015222.000000 	 754 	 427347 	 14821 	 0 	 0 	 0 	 200 	 32 	 11 
1262037752023250.000000 	 754 	 427347 	 14821 	 0 	 0 	 0 	 200 	 32 	 11 
1262037753031313.000000 	 754 	 427347 	 14821 	 0 	 0 	 0 	 200 	 32 	 11 
1262037754039320.000000 	 754 	 427347 	 14821 	 0 	 0 	 0 	 200 	 32 	 11 
1262037755047534.000000 	 754 	 427347 	 14821 	 0 	 0 	 0 	 200 	 32 	 11 
1262037756055685.000000 	 754 	 427347 	 14821 	 0 	 0 	 0 	 200 	 32 	 11 
1262037757066283.000000 	 754 	 427347 	 14821 	 0 	 0 	 0 	 200 	 32 	 11 
1262037758072045.000000 	 754 	 427347 	 14821 	 0 	 0 	 0 	 200 	 32 	 11 
1262037759079927.000000 	 754 	 427347 	 14821 	 0 	 0 	 0 	 200 	 32 	 11 
1262037760088011.000000 	 754 	 427347 	 14821 	 0 	 0 	 0 	 200 	 32 	 11 
1262037910787057.000000 	 754 	 427347 	 14821 	 0 	 0 	 0 	 200 	 32 	 11 
1262037911793457.000000 	 754 	 427347 	 14821 	 0 	 0 	 0 	 200 	 32 	 11 
1262037912801265.000000 	 754 	 427347 	 14821 	 0 	 0 	 0 	 200 	 32 	 11 
1262037913805210.000000 	 754 	 427347 	 14821 	 0 	 0 	 0 	 200 	 32 	 11 
1262037914809318.000000 	 754 	 427347 	 14821 	 0 	 0 	 0 	 200 	 32 	 11 
1262037915813408.000000 	 754 	 427347 	 14821 	 0 	 0 	 0 	 200 	 32 	 11 
1262037916821911.000000 	 754 	 427347 	 14821 	 0 	 0 	 0 	 200 	 32 	 11 
1262037917829868.000000 	 754 	 427347 	 14821 	 0 	 0 	 0 	 200 	 32 	 11 
1262037918838682.000000 	 754 	 427347 	 14821 	 0 	 0 	 0 	 200 	 32 	 11 
1262040886511377.000000 	 754 	 427347 	 14821 	 0 	 0 	 0 	 200 	 32 	 11 
1262040887519467.000000 	 754 	 427347 	 14821 	 0 	 0 	 0 	 200 	 32 	 11 
1262040888525881.000000 	 754 	 427347 	 14821 	 0 	 0 	 0 	 200 	 32 	 11 
1262040889533901.000000 	 754 	 427347 	 14821 	 0 	 0 	 0 	 200 	 32 	 11 
1262040890541943.000000 	 754 	 427347 	 14821 	 0 	 0 	 0 	 200 	 32 	 11 
1262040891546053.000000 	 754 	 427347 	 14821 	 0 	 0 	 0 	 200 	 32 	 11 
1262040892554105.000000 	 754 	 427347 	 14821 	 0 	 0 	 0 	 200 	 32 	 11 
1262040893562044.000000 	 754 	 427347 	 14821 	 0 	 0 	 0 	 200 	 32 	 11 
1262040894566244.000000 	 754 	 427347 	 14821 	 0 	 0 	 0 	 200 	 32 	 11 
1262040895574259.000000 	 754 	 427347 	 14821 	 0 	 0 	 0 	 200 	 32 	 11 
1262040896582433.000000 	 754 	 427347 	 14821 	 0 	 0 	 0 	 200 	 32 	 11 
1262040897590478.000000 	 754 	 427347 	 14821 	 0 	 0 	 0 	 200 	 32 	 11 
1262040898598622.000000 	 754 	 427347 	 14821 	 0 	 0 	 0 	 200 	 32 	 11 
1262041857895328.000000 	 754 	 427347 	 14821 	 0 	 0 	 0 	 200 	 32 	 11 
1262041858900627.000000 	 754 	 427347 	 14821 	 0 	 0 	 0 	 200 	 32 	 11 
1262041899940973.000000 	 754 	 427347 	 14821 	 0 	 0 	 0 	 200 	 32 	 11 
1262041900945940.000000 	 754 	 427347 	 14821 	 0 	 0 	 0 	 200 	 32 	 11 
1262041901953441.000000 	 754 	 427347 	 14821 	 0 	 0 	 0 	 200 	 32 	 11 
1262041902957531.000000 	 754 	 427347 	 14821 	 0 	 0 	 0 	 200 	 32 	 11 
1262041903961623.000000 	 754 	 427347 	 14821 	 0 	 0 	 0 	 200 	 32 	 11 
1262041904965661.000000 	 754 	 427347 	 14821 	 0 	 0 	 0 	 200 	 32 	 11 
1262041905969794.000000 	 754 	 427347 	 14821 	 0 	 0 	 0 	 200 	 32 	 11 
1262041906977842.000000 	 754 	 427347 	 14821 	 0 	 0 	 0 	 200 	 32 	 11 
1262041907985898.000000 	 754 	 427347 	 14821 	 0 	 0 	 0 	 200 	 32 	 11 
1262041908994124.000000 	 754 	 427347 	 14821 	 0 	 0 	 0 	 200 	 32 	 11 
1262041910002143.000000 	 754 	 427347 	 14821 	 0 	 0 	 0 	 200 	 32 	 11 
1262042194069486.000000 	 754 	 427347 	 14821 	 0 	 0 	 0 	 200 	 32 	 11 
1262042195076964.000000 	 754 	 427347 	 14821 	 0 	 0 	 0 	 200 	 32 	 11 
1262042296436659.000000 	 754 	 427347 	 14821 	 0 	 0 	 0 	 200 	 32 	 11 
1262042297440910.000000 	 754 	 427347 	 14821 	 0 	 0 	 0 	 200 	 32 	 11 
1262042298445640.000000 	 754 	 427347 	 14821 	 0 	 0 	 0 	 200 	 32 	 11 
1262042299453072.000000 	 754 	 427347 	 14821 	 0 	 0 	 0 	 200 	 32 	 11 
1262042300457192.000000 	 754 	 427347 	 14821 	 0 	 0 	 0 	 200 	 32 	 11 
1262042301461303.000000 	 754 	 427347 	 14821 	 0 	 0 	 0 	 200 	 32 	 11 
1262042302469287.000000 	 754 	 427347 	 14821 	 0 	 0 	 0 	 200 	 32 	 11 
1262042303477309.000000 	 754 	 427347 	 14821 	 0 	 0 	 0 	 200 	 32 	 11 
1262042304481440.000000 	 754 	 427347 	 14821 	 0 	 0 	 0 	 200 	 32 	 11 
1262042305489549.000000 	 754 	 427347 	 14821 	 0 	 0 	 0 	 200 	 32 	 11 
1262042306497749.000000 	 754 	 427347 	 14821 	 0 	 0 	 0 	 200 	 32 	 11 
1262042307505726.000000 	 754 	 427347 	 14821 	 0 	 0 	 0 	 200 	 32 	 11 
1262042308513999.000000 	 754 	 427347 	 14821 	 0 	 0 	 0 	 200 	 32 	 11 
1262042309521996.000000 	 754 	 427347 	 14821 	 0 	 0 	 0 	 200 	 32 	 11 
1262043444082141.000000 	 0 	 0 	 0 	 0 	 0 	 0 	 0 	 0 	 0 
1262043445089225.000000 	 0 	 0 	 0 	 0 	 0 	 0 	 0 	 0 	 0 
1262043446093215.000000 	 0 	 0 	 0 	 0 	 0 	 0 	 0 	 0 	 0 
1262043447097332.000000 	 0 	 0 	 0 	 0 	 0 	 0 	 0 	 0 	 0 
1262043448101392.000000 	 0 	 0 	 0 	 0 	 0 	 0 	 0 	 0 	 0 
1262043449105449.000000 	 0 	 0 	 0 	 0 	 0 	 0 	 0 	 0 	 0 
1262043450109517.000000 	 0 	 0 	 0 	 0 	 0 	 0 	 0 	 0 	 0 
1262043451116002.000000 	 0 	 0 	 0 	 0 	 0 	 0 	 0 	 0 	 0 
1262043452122013.000000 	 0 	 0 	 0 	 0 	 0 	 0 	 0 	 0 	 0 
1262043453125853.000000 	 0 	 0 	 0 	 0 	 0 	 0 	 0 	 0 	 0 
1262043454129936.000000 	 0 	 0 	 0 	 0 	 0 	 0 	 0 	 0 	 0 
1262043455134019.000000 	 0 	 0 	 0 	 0 	 0 	 0 	 0 	 0 	 0 
1262043456138103.000000 	 0 	 0 	 0 	 0 	 0 	 0 	 0 	 0 	 0 
1262043457142254.000000 	 0 	 0 	 0 	 0 	 0 	 0 	 0 	 0 	 0 
1262043458146328.000000 	 0 	 0 	 0 	 0 	 0 	 0 	 0 	 0 	 0 
1262043459150412.000000 	 0 	 0 	 0 	 0 	 0 	 0 	 0 	 0 	 0 
1262043527057531.000000 	 754 	 427347 	 14821 	 0 	 0 	 0 	 200 	 32 	 11 
1262043528064623.000000 	 754 	 427347 	 14821 	 0 	 0 	 0 	 200 	 32 	 11 
1262043529069026.000000 	 754 	 427347 	 14821 	 0 	 0 	 0 	 200 	 32 	 11 
1262043530073019.000000 	 754 	 427347 	 14821 	 0 	 0 	 0 	 200 	 32 	 11 
1262043531077125.000000 	 754 	 427347 	 14821 	 0 	 0 	 0 	 200 	 32 	 11 
1262043532081245.000000 	 754 	 427347 	 14821 	 0 	 0 	 0 	 200 	 32 	 11 
1262043533085382.000000 	 754 	 427347 	 14821 	 0 	 0 	 0 	 200 	 32 	 11 
1262043534089353.000000 	 754 	 427347 	 14821 	 0 	 0 	 0 	 200 	 32 	 11 
1262043535093158.000000 	 754 	 427347 	 14821 	 0 	 0 	 0 	 200 	 32 	 11 
1262043536097632.000000 	 754 	 427347 	 14821 	 0 	 0 	 0 	 200 	 32 	 11 
1262043537105688.000000 	 754 	 427347 	 14821 	 0 	 0 	 0 	 200 	 32 	 11 
1262043538113407.000000 	 754 	 427347 	 14821 	 0 	 0 	 0 	 200 	 32 	 11 
1262043539117573.000000 	 754 	 427347 	 14821 	 0 	 0 	 0 	 200 	 32 	 11 
1262043540122031.000000 	 754 	 427347 	 14821 	 0 	 0 	 0 	 200 	 32 	 11 
1262043541129936.000000 	 754 	 427347 	 14821 	 0 	 0 	 0 	 200 	 32 	 11 
1262043542138206.000000 	 754 	 427347 	 14821 	 0 	 0 	 0 	 200 	 32 	 11 
1262043543146335.000000 	 754 	 427347 	 14821 	 0 	 0 	 0 	 200 	 32 	 11 
1262043544154337.000000 	 754 	 427347 	 14821 	 0 	 0 	 0 	 200 	 32 	 11 
1262043545162478.000000 	 754 	 427347 	 14821 	 0 	 0 	 0 	 200 	 32 	 11 
1262043546170556.000000 	 754 	 427347 	 14821 	 0 	 0 	 0 	 200 	 32 	 11 
1262043547178573.000000 	 754 	 427347 	 14821 	 0 	 0 	 0 	 200 	 32 	 11 
1262043548186638.000000 	 754 	 427347 	 14821 	 0 	 0 	 0 	 200 	 32 	 11 
1262043549194735.000000 	 754 	 427347 	 14821 	 0 	 0 	 0 	 200 	 32 	 11 
1262043550202723.000000 	 754 	 427347 	 14821 	 0 	 0 	 0 	 200 	 32 	 11 
1262043551210739.000000 	 754 	 427347 	 14821 	 0 	 0 	 0 	 200 	 32 	 11 
1262043552218892.000000 	 754 	 427347 	 14821 	 0 	 0 	 0 	 200 	 32 	 11 
1262043553226862.000000 	 754 	 427347 	 14821 	 0 	 0 	 0 	 200 	 32 	 11 
1262043554234440.000000 	 754 	 427347 	 14821 	 0 	 0 	 0 	 200 	 32 	 11 
1262043555242958.000000 	 754 	 427347 	 14821 	 0 	 0 	 0 	 200 	 32 	 11 
1262043556250969.000000 	 754 	 427347 	 14821 	 0 	 0 	 0 	 200 	 32 	 11 
1262043557261073.000000 	 754 	 427347 	 14821 	 0 	 0 	 0 	 200 	 32 	 11 
1262043558266830.000000 	 754 	 427347 	 14821 	 0 	 0 	 0 	 200 	 32 	 11 
1262043559275170.000000 	 754 	 427347 	 14821 	 0 	 0 	 0 	 200 	 32 	 11 
1262043560282805.000000 	 754 	 427347 	 14821 	 0 	 0 	 0 	 200 	 32 	 11 
1262043561291229.000000 	 754 	 427347 	 14821 	 0 	 0 	 0 	 200 	 32 	 11 
1262043562299210.000000 	 754 	 427347 	 14821 	 0 	 0 	 0 	 200 	 32 	 11 
1262043563307162.000000 	 754 	 427347 	 14821 	 0 	 0 	 0 	 200 	 32 	 11 
1262043564315280.000000 	 754 	 427347 	 14821 	 0 	 0 	 0 	 200 	 32 	 11 
1262043565323321.000000 	 754 	 427347 	 14821 	 0 	 0 	 0 	 200 	 32 	 11 
1262043566331294.000000 	 754 	 427347 	 14821 	 0 	 0 	 0 	 200 	 32 	 11 
1262043567339372.000000 	 754 	 427347 	 14821 	 0 	 0 	 0 	 200 	 32 	 11 
1262043568347419.000000 	 754 	 427347 	 14821 	 0 	 0 	 0 	 200 	 32 	 11 
1262043569355471.000000 	 754 	 427347 	 14821 	 0 	 0 	 0 	 200 	 32 	 11 
1262043570363475.000000 	 754 	 427347 	 14821 	 0 	 0 	 0 	 200 	 32 	 11 
1262043571371511.000000 	 754 	 427347 	 14821 	 0 	 0 	 0 	 200 	 32 	 11 
1262043572379617.000000 	 754 	 427347 	 14821 	 0 	 0 	 0 	 200 	 32 	 11 
1262043573387582.000000 	 754 	 427347 	 14821 	 0 	 0 	 0 	 200 	 32 	 11 
1262043574395607.000000 	 754 	 427347 	 14821 	 0 	 0 	 0 	 200 	 32 	 11 
1262043575403677.000000 	 754 	 427347 	 14821 	 0 	 0 	 0 	 200 	 32 	 11 
1262043576411338.000000 	 754 	 427347 	 14821 	 0 	 0 	 0 	 200 	 32 	 11 
1262043577419833.000000 	 754 	 427347 	 14821 	 0 	 0 	 0 	 200 	 32 	 11 
1262043578427764.000000 	 754 	 427347 	 14821 	 0 	 0 	 0 	 200 	 32 	 11 
1262043579435506.000000 	 754 	 427347 	 14821 	 0 	 0 	 0 	 200 	 32 	 11 
1262043580444504.000000 	 754 	 427347 	 14821 	 0 	 0 	 0 	 200 	 32 	 11 
1262043581451996.000000 	 754 	 427347 	 14821 	 0 	 0 	 0 	 200 	 32 	 11 
1262043582460053.000000 	 754 	 427347 	 14821 	 0 	 0 	 0 	 200 	 32 	 11 
1262043583467598.000000 	 754 	 427347 	 14821 	 0 	 0 	 0 	 200 	 32 	 11 
1262043584476042.000000 	 754 	 427347 	 14821 	 0 	 0 	 0 	 200 	 32 	 11 
1262043585484119.000000 	 754 	 427347 	 14821 	 0 	 0 	 0 	 200 	 32 	 11 
1262043586492733.000000 	 754 	 427347 	 14821 	 0 	 0 	 0 	 200 	 32 	 11 
1262043587500498.000000 	 754 	 427347 	 14821 	 0 	 0 	 0 	 200 	 32 	 11 
1262043588508379.000000 	 754 	 427347 	 14821 	 0 	 0 	 0 	 200 	 32 	 11 
1262043589516226.000000 	 754 	 427347 	 14821 	 0 	 0 	 0 	 200 	 32 	 11 
1262043590523967.000000 	 754 	 427347 	 14821 	 0 	 0 	 0 	 200 	 32 	 11 
1262043591532330.000000 	 754 	 427347 	 14821 	 0 	 0 	 0 	 200 	 32 	 11 
1262043592542470.000000 	 754 	 427347 	 14821 	 0 	 0 	 0 	 200 	 32 	 11 
1262043593548674.000000 	 754 	 427347 	 14821 	 0 	 0 	 0 	 200 	 32 	 11 
1262043594556479.000000 	 754 	 427347 	 14821 	 0 	 0 	 0 	 200 	 32 	 11 
1262043595564447.000000 	 754 	 427347 	 14821 	 0 	 0 	 0 	 200 	 32 	 11 
1262043596572500.000000 	 754 	 427347 	 14821 	 0 	 0 	 0 	 200 	 32 	 11 
1262043597580518.000000 	 754 	 427347 	 14821 	 0 	 0 	 0 	 200 	 32 	 11 
1262043598588608.000000 	 754 	 427347 	 14821 	 0 	 0 	 0 	 200 	 32 	 11 
1262043599596559.000000 	 754 	 427347 	 14821 	 0 	 0 	 0 	 200 	 32 	 11 
1262043600604685.000000 	 754 	 427347 	 14821 	 0 	 0 	 0 	 200 	 32 	 11 
1262043601612708.000000 	 754 	 427347 	 14821 	 0 	 0 	 0 	 200 	 32 	 11 
1262043602620775.000000 	 754 	 427347 	 14821 	 0 	 0 	 0 	 200 	 32 	 11 
1262043603628358.000000 	 754 	 427347 	 14821 	 0 	 0 	 0 	 200 	 32 	 11 
1262043604636833.000000 	 754 	 427347 	 14821 	 0 	 0 	 0 	 200 	 32 	 11 
1262043605644831.000000 	 754 	 427347 	 14821 	 0 	 0 	 0 	 200 	 32 	 11 
1262043606652973.000000 	 754 	 427347 	 14821 	 0 	 0 	 0 	 200 	 32 	 11 
1262043607660901.000000 	 754 	 427347 	 14821 	 0 	 0 	 0 	 200 	 32 	 11 
1262043608668996.000000 	 754 	 427347 	 14821 	 0 	 0 	 0 	 200 	 32 	 11 
1262043609676946.000000 	 754 	 427347 	 14821 	 0 	 0 	 0 	 200 	 32 	 11 
1262043610685048.000000 	 754 	 427347 	 14821 	 0 	 0 	 0 	 200 	 32 	 11 
1262043611693676.000000 	 754 	 427347 	 14821 	 0 	 0 	 0 	 200 	 32 	 11 
1262043612701553.000000 	 754 	 427347 	 14821 	 0 	 0 	 0 	 200 	 32 	 11 
1262043613709530.000000 	 754 	 427347 	 14821 	 0 	 0 	 0 	 200 	 32 	 11 
1262043614717285.000000 	 754 	 427347 	 14821 	 0 	 0 	 0 	 200 	 32 	 11 
1262043615725274.000000 	 754 	 427347 	 14821 	 0 	 0 	 0 	 200 	 32 	 11 
1262043616733599.000000 	 754 	 427347 	 14821 	 0 	 0 	 0 	 200 	 32 	 11 
1262043617741345.000000 	 754 	 427347 	 14821 	 0 	 0 	 0 	 200 	 32 	 11 
1262043618749364.000000 	 754 	 427347 	 14821 	 0 	 0 	 0 	 200 	 32 	 11 
1262043619757367.000000 	 754 	 427347 	 14821 	 0 	 0 	 0 	 200 	 32 	 11 
1262043620765458.000000 	 754 	 427347 	 14821 	 0 	 0 	 0 	 200 	 32 	 11 
1262043621773116.000000 	 754 	 427347 	 14821 	 0 	 0 	 0 	 200 	 32 	 11 
1262043622781603.000000 	 754 	 427347 	 14821 	 0 	 0 	 0 	 200 	 32 	 11 
1262043623789546.000000 	 754 	 427347 	 14821 	 0 	 0 	 0 	 200 	 32 	 11 
1262043624797601.000000 	 754 	 427347 	 14821 	 0 	 0 	 0 	 200 	 32 	 11 
1262043625805611.000000 	 754 	 427347 	 14821 	 0 	 0 	 0 	 200 	 32 	 11 
1262043626813631.000000 	 754 	 427347 	 14821 	 0 	 0 	 0 	 200 	 32 	 11 
1262043627823571.000000 	 754 	 427347 	 14821 	 0 	 0 	 0 	 200 	 32 	 11 
1262043628829643.000000 	 754 	 427347 	 14821 	 0 	 0 	 0 	 200 	 32 	 11 
1262043629837846.000000 	 754 	 427347 	 14821 	 0 	 0 	 0 	 200 	 32 	 11 
1262043630846018.000000 	 754 	 427347 	 14821 	 0 	 0 	 0 	 200 	 32 	 11 
1262043631853863.000000 	 754 	 427347 	 14821 	 0 	 0 	 0 	 200 	 32 	 11 
1262043632862378.000000 	 754 	 427347 	 14821 	 0 	 0 	 0 	 200 	 32 	 11 
1262043633869917.000000 	 754 	 427347 	 14821 	 0 	 0 	 0 	 200 	 32 	 11 
1262043634877970.000000 	 754 	 427347 	 14821 	 0 	 0 	 0 	 200 	 32 	 11 
1262043635885672.000000 	 754 	 427347 	 14821 	 0 	 0 	 0 	 200 	 32 	 11 
1262043636894112.000000 	 754 	 427347 	 14821 	 0 	 0 	 0 	 200 	 32 	 11 
1262043637902119.000000 	 754 	 427347 	 14821 	 0 	 0 	 0 	 200 	 32 	 11 
1262043638909776.000000 	 754 	 427347 	 14821 	 0 	 0 	 0 	 200 	 32 	 11 
1262043639918237.000000 	 754 	 427347 	 14821 	 0 	 0 	 0 	 200 	 32 	 11 
1262043640926215.000000 	 754 	 427347 	 14821 	 0 	 0 	 0 	 200 	 32 	 11 
1262043641934224.000000 	 754 	 427347 	 14821 	 0 	 0 	 0 	 200 	 32 	 11 
1262043642942400.000000 	 754 	 427347 	 14821 	 0 	 0 	 0 	 200 	 32 	 11 
1262043643950318.000000 	 754 	 427347 	 14821 	 0 	 0 	 0 	 200 	 32 	 11 
1262043644958442.000000 	 754 	 427347 	 14821 	 0 	 0 	 0 	 200 	 32 	 11 
1262043645966464.000000 	 754 	 427347 	 14821 	 0 	 0 	 0 	 200 	 32 	 11 
1262043646974158.000000 	 754 	 427347 	 14821 	 0 	 0 	 0 	 200 	 32 	 11 
1262043647982519.000000 	 754 	 427347 	 14821 	 0 	 0 	 0 	 200 	 32 	 11 
1262043648990576.000000 	 754 	 427347 	 14821 	 0 	 0 	 0 	 200 	 32 	 11 
1262043649998595.000000 	 754 	 427347 	 14821 	 0 	 0 	 0 	 200 	 32 	 11 
1262043651006623.000000 	 754 	 427347 	 14821 	 0 	 0 	 0 	 200 	 32 	 11 
1262043652014724.000000 	 754 	 427347 	 14821 	 0 	 0 	 0 	 200 	 32 	 11 
1262043653022749.000000 	 754 	 427347 	 14821 	 0 	 0 	 0 	 200 	 32 	 11 
1262043654030695.000000 	 754 	 427347 	 14821 	 0 	 0 	 0 	 200 	 32 	 11 
1262043655038747.000000 	 754 	 427347 	 14821 	 0 	 0 	 0 	 200 	 32 	 11 
1262043656046796.000000 	 754 	 427347 	 14821 	 0 	 0 	 0 	 200 	 32 	 11 
1262043657054518.000000 	 754 	 427347 	 14821 	 0 	 0 	 0 	 200 	 32 	 11 
1262043658064201.000000 	 754 	 427347 	 14821 	 0 	 0 	 0 	 200 	 32 	 11 
1262043659071073.000000 	 754 	 427347 	 14821 	 0 	 0 	 0 	 200 	 32 	 11 
1262043660078913.000000 	 754 	 427347 	 14821 	 0 	 0 	 0 	 200 	 32 	 11 
1262043661086532.000000 	 754 	 427347 	 14821 	 0 	 0 	 0 	 200 	 32 	 11 
1262043662095045.000000 	 754 	 427347 	 14821 	 0 	 0 	 0 	 200 	 32 	 11 
1262043663104805.000000 	 754 	 427347 	 14821 	 0 	 0 	 0 	 200 	 32 	 11 
1262043664111195.000000 	 754 	 427347 	 14821 	 0 	 0 	 0 	 200 	 32 	 11 
1262043665119074.000000 	 754 	 427347 	 14821 	 0 	 0 	 0 	 200 	 32 	 11 
1262043666127133.000000 	 754 	 427347 	 14821 	 0 	 0 	 0 	 200 	 32 	 11 
1262043667135184.000000 	 754 	 427347 	 14821 	 0 	 0 	 0 	 200 	 32 	 11 
1262043668143220.000000 	 754 	 427347 	 14821 	 0 	 0 	 0 	 200 	 32 	 11 
1262043669151166.000000 	 754 	 427347 	 14821 	 0 	 0 	 0 	 200 	 32 	 11 
1262043670158927.000000 	 754 	 427347 	 14821 	 0 	 0 	 0 	 200 	 32 	 11 
1262043671167312.000000 	 754 	 427347 	 14821 	 0 	 0 	 0 	 200 	 32 	 11 
1262043672175315.000000 	 754 	 427347 	 14821 	 0 	 0 	 0 	 200 	 32 	 11 
1262043673183438.000000 	 754 	 427347 	 14821 	 0 	 0 	 0 	 200 	 32 	 11 
1262043674191410.000000 	 754 	 427347 	 14821 	 0 	 0 	 0 	 200 	 32 	 11 
1262043675199439.000000 	 754 	 427347 	 14821 	 0 	 0 	 0 	 200 	 32 	 11 
1262043676207526.000000 	 754 	 427347 	 14821 	 0 	 0 	 0 	 200 	 32 	 11 
1262043677216093.000000 	 754 	 427347 	 14821 	 0 	 0 	 0 	 200 	 32 	 11 
1262043678224044.000000 	 754 	 427347 	 14821 	 0 	 0 	 0 	 200 	 32 	 11 
1262043679231967.000000 	 754 	 427347 	 14821 	 0 	 0 	 0 	 200 	 32 	 11 
1262043680240051.000000 	 754 	 427347 	 14821 	 0 	 0 	 0 	 200 	 32 	 11 
1262043681248153.000000 	 754 	 427347 	 14821 	 0 	 0 	 0 	 200 	 32 	 11 
1262043682255826.000000 	 754 	 427347 	 14821 	 0 	 0 	 0 	 200 	 32 	 11 
1262043683264220.000000 	 754 	 427347 	 14821 	 0 	 0 	 0 	 200 	 32 	 11 
1262043684272191.000000 	 754 	 427347 	 14821 	 0 	 0 	 0 	 200 	 32 	 11 
1262043685279901.000000 	 754 	 427347 	 14821 	 0 	 0 	 0 	 200 	 32 	 11 
1262043686288371.000000 	 754 	 427347 	 14821 	 0 	 0 	 0 	 200 	 32 	 11 
1262043687296300.000000 	 754 	 427347 	 14821 	 0 	 0 	 0 	 200 	 32 	 11 
1262043688304371.000000 	 754 	 427347 	 14821 	 0 	 0 	 0 	 200 	 32 	 11 
1262043689312342.000000 	 754 	 427347 	 14821 	 0 	 0 	 0 	 200 	 32 	 11 
1262043690320408.000000 	 754 	 427347 	 14821 	 0 	 0 	 0 	 200 	 32 	 11 
1262043691328095.000000 	 754 	 427347 	 14821 	 0 	 0 	 0 	 200 	 32 	 11 
1262043692336562.000000 	 754 	 427347 	 14821 	 0 	 0 	 0 	 200 	 32 	 11 
1262043693344495.000000 	 754 	 427347 	 14821 	 0 	 0 	 0 	 200 	 32 	 11 
1262043694352201.000000 	 754 	 427347 	 14821 	 0 	 0 	 0 	 200 	 32 	 11 
1262043695360605.000000 	 754 	 427347 	 14821 	 0 	 0 	 0 	 200 	 32 	 11 
1262043696368717.000000 	 754 	 427347 	 14821 	 0 	 0 	 0 	 200 	 32 	 11 
1262043697376707.000000 	 754 	 427347 	 14821 	 0 	 0 	 0 	 200 	 32 	 11 
1262043698384789.000000 	 754 	 427347 	 14821 	 0 	 0 	 0 	 200 	 32 	 11 
1262043699395044.000000 	 754 	 427347 	 14821 	 0 	 0 	 0 	 200 	 32 	 11 
1262043700400912.000000 	 754 	 427347 	 14821 	 0 	 0 	 0 	 200 	 32 	 11 
1262043701408884.000000 	 754 	 427347 	 14821 	 0 	 0 	 0 	 200 	 32 	 11 
1262043702416973.000000 	 754 	 427347 	 14821 	 0 	 0 	 0 	 200 	 32 	 11 
1262043703424931.000000 	 754 	 427347 	 14821 	 0 	 0 	 0 	 200 	 32 	 11 
1262043704432982.000000 	 754 	 427347 	 14821 	 0 	 0 	 0 	 200 	 32 	 11 
1262043705440927.000000 	 754 	 427347 	 14821 	 0 	 0 	 0 	 200 	 32 	 11 
1262043706448721.000000 	 754 	 427347 	 14821 	 0 	 0 	 0 	 200 	 32 	 11 
1262043707456348.000000 	 754 	 427347 	 14821 	 0 	 0 	 0 	 200 	 32 	 11 
1262043708464769.000000 	 754 	 427347 	 14821 	 0 	 0 	 0 	 200 	 32 	 11 
1262043709472745.000000 	 754 	 427347 	 14821 	 0 	 0 	 0 	 200 	 32 	 11 
1262043710480431.000000 	 754 	 427347 	 14821 	 0 	 0 	 0 	 200 	 32 	 11 
1262043711484937.000000 	 754 	 427347 	 14821 	 0 	 0 	 0 	 200 	 32 	 11 
1262043712492948.000000 	 754 	 427347 	 14821 	 0 	 0 	 0 	 200 	 32 	 11 
1262043713500532.000000 	 754 	 427347 	 14821 	 0 	 0 	 0 	 200 	 32 	 11 
1262043714504965.000000 	 754 	 427347 	 14821 	 0 	 0 	 0 	 200 	 32 	 11 
1262043715512974.000000 	 754 	 427347 	 14821 	 0 	 0 	 0 	 200 	 32 	 11 
1262043716521195.000000 	 754 	 427347 	 14821 	 0 	 0 	 0 	 200 	 32 	 11 
1262043717529397.000000 	 754 	 427347 	 14821 	 0 	 0 	 0 	 200 	 32 	 11 
1262043718537312.000000 	 754 	 427347 	 14821 	 0 	 0 	 0 	 200 	 32 	 11 
1262043719545127.000000 	 754 	 427347 	 14821 	 0 	 0 	 0 	 200 	 32 	 11 
1262043720553203.000000 	 754 	 427347 	 14821 	 0 	 0 	 0 	 200 	 32 	 11 
1262043721561194.000000 	 754 	 427347 	 14821 	 0 	 0 	 0 	 200 	 32 	 11 
1262043722569895.000000 	 754 	 427347 	 14821 	 0 	 0 	 0 	 200 	 32 	 11 
1262043723577608.000000 	 754 	 427347 	 14821 	 0 	 0 	 0 	 200 	 32 	 11 
1262043724585688.000000 	 754 	 427347 	 14821 	 0 	 0 	 0 	 200 	 32 	 11 
1262043725593706.000000 	 754 	 427347 	 14821 	 0 	 0 	 0 	 200 	 32 	 11 
1262043726601700.000000 	 754 	 427347 	 14821 	 0 	 0 	 0 	 200 	 32 	 11 
1262043727609921.000000 	 754 	 427347 	 14821 	 0 	 0 	 0 	 200 	 32 	 11 
1262043728617879.000000 	 754 	 427347 	 14821 	 0 	 0 	 0 	 200 	 32 	 11 
1262043729625794.000000 	 754 	 427347 	 14821 	 0 	 0 	 0 	 200 	 32 	 11 
1262043730633947.000000 	 754 	 427347 	 14821 	 0 	 0 	 0 	 200 	 32 	 11 
1262043731641883.000000 	 754 	 427347 	 14821 	 0 	 0 	 0 	 200 	 32 	 11 
1262043732649697.000000 	 754 	 427347 	 14821 	 0 	 0 	 0 	 200 	 32 	 11 
1262043733657624.000000 	 754 	 427347 	 14821 	 0 	 0 	 0 	 200 	 32 	 11 
1262043734668079.000000 	 754 	 427347 	 14821 	 0 	 0 	 0 	 200 	 32 	 11 
1262043735674196.000000 	 754 	 427347 	 14821 	 0 	 0 	 0 	 200 	 32 	 11 
1262043736681774.000000 	 754 	 427347 	 14821 	 0 	 0 	 0 	 200 	 32 	 11 
1262043737689986.000000 	 754 	 427347 	 14821 	 0 	 0 	 0 	 200 	 32 	 11 
1262043738698152.000000 	 754 	 427347 	 14821 	 0 	 0 	 0 	 200 	 32 	 11 
1262043739705968.000000 	 754 	 427347 	 14821 	 0 	 0 	 0 	 200 	 32 	 11 
1262043740714193.000000 	 754 	 427347 	 14821 	 0 	 0 	 0 	 200 	 32 	 11 
1262043741721821.000000 	 754 	 427347 	 14821 	 0 	 0 	 0 	 200 	 32 	 11 
1262043742730346.000000 	 754 	 427347 	 14821 	 0 	 0 	 0 	 200 	 32 	 11 
1262043743744030.000000 	 754 	 427347 	 14821 	 0 	 0 	 0 	 200 	 32 	 11 
1262043744750612.000000 	 754 	 427347 	 14821 	 0 	 0 	 0 	 200 	 32 	 11 
1262043745758261.000000 	 754 	 427347 	 14821 	 0 	 0 	 0 	 200 	 32 	 11 
1262043746766454.000000 	 754 	 427347 	 14821 	 0 	 0 	 0 	 200 	 32 	 11 
1262043747774364.000000 	 754 	 427347 	 14821 	 0 	 0 	 0 	 200 	 32 	 11 
1262043748782165.000000 	 754 	 427347 	 14821 	 0 	 0 	 0 	 200 	 32 	 11 
1262043749790447.000000 	 754 	 427347 	 14821 	 0 	 0 	 0 	 200 	 32 	 11 
1262043750798580.000000 	 754 	 427347 	 14821 	 0 	 0 	 0 	 200 	 32 	 11 
1262043751809205.000000 	 754 	 427347 	 14821 	 0 	 0 	 0 	 200 	 32 	 11 
1262043752814824.000000 	 754 	 427347 	 14821 	 0 	 0 	 0 	 200 	 32 	 11 
1262043753822578.000000 	 754 	 427347 	 14821 	 0 	 0 	 0 	 200 	 32 	 11 
1262043754830311.000000 	 754 	 427347 	 14821 	 0 	 0 	 0 	 200 	 32 	 11 
1262043755838743.000000 	 754 	 427347 	 14821 	 0 	 0 	 0 	 200 	 32 	 11 
1262043756846488.000000 	 754 	 427347 	 14821 	 0 	 0 	 0 	 200 	 32 	 11 
1262043757854414.000000 	 754 	 427347 	 14821 	 0 	 0 	 0 	 200 	 32 	 11 
1262043758862559.000000 	 754 	 427347 	 14821 	 0 	 0 	 0 	 200 	 32 	 11 
1262043759872739.000000 	 754 	 427347 	 14821 	 0 	 0 	 0 	 200 	 32 	 11 
1262043760878934.000000 	 754 	 427347 	 14821 	 0 	 0 	 0 	 200 	 32 	 11 
1262043761887114.000000 	 754 	 427347 	 14821 	 0 	 0 	 0 	 200 	 32 	 11 
1262043762895000.000000 	 754 	 427347 	 14821 	 0 	 0 	 0 	 200 	 32 	 11 
1262043763902656.000000 	 754 	 427347 	 14821 	 0 	 0 	 0 	 200 	 32 	 11 
1262043764911229.000000 	 754 	 427347 	 14821 	 0 	 0 	 0 	 200 	 32 	 11 
1262043765919117.000000 	 754 	 427347 	 14821 	 0 	 0 	 0 	 200 	 32 	 11 
1262043766927061.000000 	 754 	 427347 	 14821 	 0 	 0 	 0 	 200 	 32 	 11 
1262043767935193.000000 	 754 	 427347 	 14821 	 0 	 0 	 0 	 200 	 32 	 11 
1262043768942874.000000 	 754 	 427347 	 14821 	 0 	 0 	 0 	 200 	 32 	 11 
1262043769951243.000000 	 754 	 427347 	 14821 	 0 	 0 	 0 	 200 	 32 	 11 
1262043770961634.000000 	 754 	 427347 	 14821 	 0 	 0 	 0 	 200 	 32 	 11 
1262043771967519.000000 	 754 	 427347 	 14821 	 0 	 0 	 0 	 200 	 32 	 11 
1262043772975013.000000 	 754 	 427347 	 14821 	 0 	 0 	 0 	 200 	 32 	 11 
1262043773983409.000000 	 754 	 427347 	 14821 	 0 	 0 	 0 	 200 	 32 	 11 
1262043774991321.000000 	 754 	 427347 	 14821 	 0 	 0 	 0 	 200 	 32 	 11 
1262043775999438.000000 	 754 	 427347 	 14821 	 0 	 0 	 0 	 200 	 32 	 11 
1262043777007431.000000 	 754 	 427347 	 14821 	 0 	 0 	 0 	 200 	 32 	 11 
1262043778015589.000000 	 754 	 427347 	 14821 	 0 	 0 	 0 	 200 	 32 	 11 
1262043779023137.000000 	 754 	 427347 	 14821 	 0 	 0 	 0 	 200 	 32 	 11 
1262043780027606.000000 	 754 	 427347 	 14821 	 0 	 0 	 0 	 200 	 32 	 11 
1262043781035583.000000 	 754 	 427347 	 14821 	 0 	 0 	 0 	 200 	 32 	 11 
1262043782043650.000000 	 754 	 427347 	 14821 	 0 	 0 	 0 	 200 	 32 	 11 
1262043783051949.000000 	 754 	 427347 	 14821 	 0 	 0 	 0 	 200 	 32 	 11 
1262043784059763.000000 	 754 	 427347 	 14821 	 0 	 0 	 0 	 200 	 32 	 11 
1262043785067835.000000 	 754 	 427347 	 14821 	 0 	 0 	 0 	 200 	 32 	 11 
1262043786075761.000000 	 754 	 427347 	 14821 	 0 	 0 	 0 	 200 	 32 	 11 
1262043787083397.000000 	 754 	 427347 	 14821 	 0 	 0 	 0 	 200 	 32 	 11 
1262043788087849.000000 	 754 	 427347 	 14821 	 0 	 0 	 0 	 200 	 32 	 11 
1262043789095790.000000 	 754 	 427347 	 14821 	 0 	 0 	 0 	 200 	 32 	 11 
1262043790103793.000000 	 754 	 427347 	 14821 	 0 	 0 	 0 	 200 	 32 	 11 
1262043791111858.000000 	 754 	 427347 	 14821 	 0 	 0 	 0 	 200 	 32 	 11 
1262043792119943.000000 	 754 	 427347 	 14821 	 0 	 0 	 0 	 200 	 32 	 11 
1262043793128004.000000 	 754 	 427347 	 14821 	 0 	 0 	 0 	 200 	 32 	 11 
1262043794136042.000000 	 754 	 427347 	 14821 	 0 	 0 	 0 	 200 	 32 	 11 
1262043795144087.000000 	 754 	 427347 	 14821 	 0 	 0 	 0 	 200 	 32 	 11 
1262043796152131.000000 	 754 	 427347 	 14821 	 0 	 0 	 0 	 200 	 32 	 11 
1262043797160462.000000 	 754 	 427347 	 14821 	 0 	 0 	 0 	 200 	 32 	 11 
1262043798168418.000000 	 754 	 427347 	 14821 	 0 	 0 	 0 	 200 	 32 	 11 
1262043799176679.000000 	 754 	 427347 	 14821 	 0 	 0 	 0 	 200 	 32 	 11 
1262043800184065.000000 	 754 	 427347 	 14821 	 0 	 0 	 0 	 200 	 32 	 11 
1262043801192529.000000 	 754 	 427347 	 14821 	 0 	 0 	 0 	 200 	 32 	 11 
1262043802200464.000000 	 754 	 427347 	 14821 	 0 	 0 	 0 	 200 	 32 	 11 
1262043803208511.000000 	 754 	 427347 	 14821 	 0 	 0 	 0 	 200 	 32 	 11 
1262043804216502.000000 	 754 	 427347 	 14821 	 0 	 0 	 0 	 200 	 32 	 11 
1262043805224506.000000 	 754 	 427347 	 14821 	 0 	 0 	 0 	 200 	 32 	 11 
1262043806235665.000000 	 754 	 427347 	 14821 	 0 	 0 	 0 	 200 	 32 	 11 
1262043807240837.000000 	 754 	 427347 	 14821 	 0 	 0 	 0 	 200 	 32 	 11 
1262043808248767.000000 	 754 	 427347 	 14821 	 0 	 0 	 0 	 200 	 32 	 11 
1262043809256744.000000 	 754 	 427347 	 14821 	 0 	 0 	 0 	 200 	 32 	 11 
1262043810264732.000000 	 754 	 427347 	 14821 	 0 	 0 	 0 	 200 	 32 	 11 
1262043811272742.000000 	 754 	 427347 	 14821 	 0 	 0 	 0 	 200 	 32 	 11 
1262043812280901.000000 	 754 	 427347 	 14821 	 0 	 0 	 0 	 200 	 32 	 11 
1262043813289013.000000 	 754 	 427347 	 14821 	 0 	 0 	 0 	 200 	 32 	 11 
1262043814296856.000000 	 754 	 427347 	 14821 	 0 	 0 	 0 	 200 	 32 	 11 
1262043815304468.000000 	 754 	 427347 	 14821 	 0 	 0 	 0 	 200 	 32 	 11 
1262043816308973.000000 	 754 	 427347 	 14821 	 0 	 0 	 0 	 200 	 32 	 11 
1262043817317050.000000 	 754 	 427347 	 14821 	 0 	 0 	 0 	 200 	 32 	 11 
1262043818325040.000000 	 754 	 427347 	 14821 	 0 	 0 	 0 	 200 	 32 	 11 
1262043819333011.000000 	 754 	 427347 	 14821 	 0 	 0 	 0 	 200 	 32 	 11 
1262043820341028.000000 	 754 	 427347 	 14821 	 0 	 0 	 0 	 200 	 32 	 11 
1262043821349095.000000 	 754 	 427347 	 14821 	 0 	 0 	 0 	 200 	 32 	 11 
1262043822357186.000000 	 754 	 427347 	 14821 	 0 	 0 	 0 	 200 	 32 	 11 
1262043823365186.000000 	 754 	 427347 	 14821 	 0 	 0 	 0 	 200 	 32 	 11 
1262043824373193.000000 	 754 	 427347 	 14821 	 0 	 0 	 0 	 200 	 32 	 11 
1262043825381209.000000 	 754 	 427347 	 14821 	 0 	 0 	 0 	 200 	 32 	 11 
1262043826389263.000000 	 754 	 427347 	 14821 	 0 	 0 	 0 	 200 	 32 	 11 
1262043827397276.000000 	 754 	 427347 	 14821 	 0 	 0 	 0 	 200 	 32 	 11 
1262043828405410.000000 	 754 	 427347 	 14821 	 0 	 0 	 0 	 200 	 32 	 11 
1262043829413380.000000 	 754 	 427347 	 14821 	 0 	 0 	 0 	 200 	 32 	 11 
1262043830421490.000000 	 754 	 427347 	 14821 	 0 	 0 	 0 	 200 	 32 	 11 
1262043831429561.000000 	 754 	 427347 	 14821 	 0 	 0 	 0 	 200 	 32 	 11 
1262043832437146.000000 	 754 	 427347 	 14821 	 0 	 0 	 0 	 200 	 32 	 11 
1262043833441222.000000 	 754 	 427347 	 14821 	 0 	 0 	 0 	 200 	 32 	 11 
1262043834445648.000000 	 754 	 427347 	 14821 	 0 	 0 	 0 	 200 	 32 	 11 
1262043835453623.000000 	 754 	 427347 	 14821 	 0 	 0 	 0 	 200 	 32 	 11 
1262043836461662.000000 	 754 	 427347 	 14821 	 0 	 0 	 0 	 200 	 32 	 11 
1262043837469957.000000 	 754 	 427347 	 14821 	 0 	 0 	 0 	 200 	 32 	 11 
1262043838477797.000000 	 754 	 427347 	 14821 	 0 	 0 	 0 	 200 	 32 	 11 
1262043839485397.000000 	 754 	 427347 	 14821 	 0 	 0 	 0 	 200 	 32 	 11 
1262043840489864.000000 	 754 	 427347 	 14821 	 0 	 0 	 0 	 200 	 32 	 11 
1262043841497828.000000 	 754 	 427347 	 14821 	 0 	 0 	 0 	 200 	 32 	 11 
1262043842508810.000000 	 754 	 427347 	 14821 	 0 	 0 	 0 	 200 	 32 	 11 
1262043843514133.000000 	 754 	 427347 	 14821 	 0 	 0 	 0 	 200 	 32 	 11 
1262043844522336.000000 	 754 	 427347 	 14821 	 0 	 0 	 0 	 200 	 32 	 11 
1262043845531148.000000 	 754 	 427347 	 14821 	 0 	 0 	 0 	 200 	 32 	 11 
1262043846538332.000000 	 754 	 427347 	 14821 	 0 	 0 	 0 	 200 	 32 	 11 
1262043847546180.000000 	 754 	 427347 	 14821 	 0 	 0 	 0 	 200 	 32 	 11 
1262043848554347.000000 	 754 	 427347 	 14821 	 0 	 0 	 0 	 200 	 32 	 11 
1262043849563808.000000 	 754 	 427347 	 14821 	 0 	 0 	 0 	 200 	 32 	 11 
1262043850570511.000000 	 754 	 427347 	 14821 	 0 	 0 	 0 	 200 	 32 	 11 
1262043851578467.000000 	 754 	 427347 	 14821 	 0 	 0 	 0 	 200 	 32 	 11 
1262043852586172.000000 	 754 	 427347 	 14821 	 0 	 0 	 0 	 200 	 32 	 11 
1262043853594570.000000 	 754 	 427347 	 14821 	 0 	 0 	 0 	 200 	 32 	 11 
1262043854602142.000000 	 754 	 427347 	 14821 	 0 	 0 	 0 	 200 	 32 	 11 
1262043855610599.000000 	 754 	 427347 	 14821 	 0 	 0 	 0 	 200 	 32 	 11 
1262043856618589.000000 	 754 	 427347 	 14821 	 0 	 0 	 0 	 200 	 32 	 11 
1262043857626572.000000 	 754 	 427347 	 14821 	 0 	 0 	 0 	 200 	 32 	 11 
1262043858634677.000000 	 754 	 427347 	 14821 	 0 	 0 	 0 	 200 	 32 	 11 
1262043859642646.000000 	 754 	 427347 	 14821 	 0 	 0 	 0 	 200 	 32 	 11 
1262043860650352.000000 	 754 	 427347 	 14821 	 0 	 0 	 0 	 200 	 32 	 11 
1262043861654767.000000 	 754 	 427347 	 14821 	 0 	 0 	 0 	 200 	 32 	 11 
1262043862662821.000000 	 754 	 427347 	 14821 	 0 	 0 	 0 	 200 	 32 	 11 
1262043863670816.000000 	 754 	 427347 	 14821 	 0 	 0 	 0 	 200 	 32 	 11 
1262043864678857.000000 	 754 	 427347 	 14821 	 0 	 0 	 0 	 200 	 32 	 11 
1262043865686506.000000 	 754 	 427347 	 14821 	 0 	 0 	 0 	 200 	 32 	 11 
1262043866692725.000000 	 754 	 427347 	 14821 	 0 	 0 	 0 	 200 	 32 	 11 
1262043867699090.000000 	 754 	 427347 	 14821 	 0 	 0 	 0 	 200 	 32 	 11 
1262043868706683.000000 	 754 	 427347 	 14821 	 0 	 0 	 0 	 200 	 32 	 11 
1262043869715099.000000 	 754 	 427347 	 14821 	 0 	 0 	 0 	 200 	 32 	 11 
1262043870723131.000000 	 754 	 427347 	 14821 	 0 	 0 	 0 	 200 	 32 	 11 
1262043871731145.000000 	 754 	 427347 	 14821 	 0 	 0 	 0 	 200 	 32 	 11 
1262043872739306.000000 	 754 	 427347 	 14821 	 0 	 0 	 0 	 200 	 32 	 11 
1262043873747356.000000 	 754 	 427347 	 14821 	 0 	 0 	 0 	 200 	 32 	 11 
1262043874755488.000000 	 754 	 427347 	 14821 	 0 	 0 	 0 	 200 	 32 	 11 
1262043875766929.000000 	 754 	 427347 	 14821 	 0 	 0 	 0 	 200 	 32 	 11 
1262043876775721.000000 	 754 	 427347 	 14821 	 0 	 0 	 0 	 200 	 32 	 11 
1262043877783500.000000 	 754 	 427347 	 14821 	 0 	 0 	 0 	 200 	 32 	 11 
1262043878791645.000000 	 754 	 427347 	 14821 	 0 	 0 	 0 	 200 	 32 	 11 
1262043879799543.000000 	 754 	 427347 	 14821 	 0 	 0 	 0 	 200 	 32 	 11 
1262043880807694.000000 	 754 	 427347 	 14821 	 0 	 0 	 0 	 200 	 32 	 11 
1262043881815198.000000 	 754 	 427347 	 14821 	 0 	 0 	 0 	 200 	 32 	 11 
1262043882823996.000000 	 754 	 427347 	 14821 	 0 	 0 	 0 	 200 	 32 	 11 
1262043883831633.000000 	 754 	 427347 	 14821 	 0 	 0 	 0 	 200 	 32 	 11 
1262043884839676.000000 	 754 	 427347 	 14821 	 0 	 0 	 0 	 200 	 32 	 11 
1262043885847990.000000 	 754 	 427347 	 14821 	 0 	 0 	 0 	 200 	 32 	 11 
1262043886855940.000000 	 754 	 427347 	 14821 	 0 	 0 	 0 	 200 	 32 	 11 
1262043887863954.000000 	 754 	 427347 	 14821 	 0 	 0 	 0 	 200 	 32 	 11 
1262043888872102.000000 	 754 	 427347 	 14821 	 0 	 0 	 0 	 200 	 32 	 11 
1262043889909443.000000 	 754 	 427347 	 14821 	 0 	 0 	 0 	 200 	 32 	 11 
1262043890916499.000000 	 754 	 427347 	 14821 	 0 	 0 	 0 	 200 	 32 	 11 
1262043891928311.000000 	 754 	 427347 	 14821 	 0 	 0 	 0 	 200 	 32 	 11 
1262043892936225.000000 	 754 	 427347 	 14821 	 0 	 0 	 0 	 200 	 32 	 11 
1262043893943988.000000 	 754 	 427347 	 14821 	 0 	 0 	 0 	 200 	 32 	 11 
1262043894952044.000000 	 754 	 427347 	 14821 	 0 	 0 	 0 	 200 	 32 	 11 
1262043895960038.000000 	 754 	 427347 	 14821 	 0 	 0 	 0 	 200 	 32 	 11 
1262043896968181.000000 	 754 	 427347 	 14821 	 0 	 0 	 0 	 200 	 32 	 11 
1262043897976197.000000 	 754 	 427347 	 14821 	 0 	 0 	 0 	 200 	 32 	 11 
1262043898984260.000000 	 754 	 427347 	 14821 	 0 	 0 	 0 	 200 	 32 	 11 
1262043899992270.000000 	 754 	 427347 	 14821 	 0 	 0 	 0 	 200 	 32 	 11 
1262043901000296.000000 	 754 	 427347 	 14821 	 0 	 0 	 0 	 200 	 32 	 11 
1262043902008725.000000 	 754 	 427347 	 14821 	 0 	 0 	 0 	 200 	 32 	 11 
1262043903016522.000000 	 754 	 427347 	 14821 	 0 	 0 	 0 	 200 	 32 	 11 
1262043904024533.000000 	 754 	 427347 	 14821 	 0 	 0 	 0 	 200 	 32 	 11 
1262043905032444.000000 	 754 	 427347 	 14821 	 0 	 0 	 0 	 200 	 32 	 11 
1262043906040490.000000 	 754 	 427347 	 14821 	 0 	 0 	 0 	 200 	 32 	 11 
1262043907048205.000000 	 754 	 427347 	 14821 	 0 	 0 	 0 	 200 	 32 	 11 
1262043908057204.000000 	 754 	 427347 	 14821 	 0 	 0 	 0 	 200 	 32 	 11 
1262043909064687.000000 	 754 	 427347 	 14821 	 0 	 0 	 0 	 200 	 32 	 11 
1262043910072698.000000 	 754 	 427347 	 14821 	 0 	 0 	 0 	 200 	 32 	 11 
1262043911080747.000000 	 754 	 427347 	 14821 	 0 	 0 	 0 	 200 	 32 	 11 
1262043912091282.000000 	 754 	 427347 	 14821 	 0 	 0 	 0 	 200 	 32 	 11 
1262043913096875.000000 	 754 	 427347 	 14821 	 0 	 0 	 0 	 200 	 32 	 11 
1262043914104809.000000 	 754 	 427347 	 14821 	 0 	 0 	 0 	 200 	 32 	 11 
1262043915112818.000000 	 754 	 427347 	 14821 	 0 	 0 	 0 	 200 	 32 	 11 
1262043916120880.000000 	 754 	 427347 	 14821 	 0 	 0 	 0 	 200 	 32 	 11 
1262043917128864.000000 	 754 	 427347 	 14821 	 0 	 0 	 0 	 200 	 32 	 11 
1262043918136944.000000 	 754 	 427347 	 14821 	 0 	 0 	 0 	 200 	 32 	 11 
1262043919145442.000000 	 754 	 427347 	 14821 	 0 	 0 	 0 	 200 	 32 	 11 
1262043920153202.000000 	 754 	 427347 	 14821 	 0 	 0 	 0 	 200 	 32 	 11 
1262043921161232.000000 	 754 	 427347 	 14821 	 0 	 0 	 0 	 200 	 32 	 11 
1262043922169245.000000 	 754 	 427347 	 14821 	 0 	 0 	 0 	 200 	 32 	 11 
1262043923177279.000000 	 754 	 427347 	 14821 	 0 	 0 	 0 	 200 	 32 	 11 
1262043924185297.000000 	 754 	 427347 	 14821 	 0 	 0 	 0 	 200 	 32 	 11 
1262043925193545.000000 	 754 	 427347 	 14821 	 0 	 0 	 0 	 200 	 32 	 11 
1262043926201460.000000 	 754 	 427347 	 14821 	 0 	 0 	 0 	 200 	 32 	 11 
1262043927209430.000000 	 754 	 427347 	 14821 	 0 	 0 	 0 	 200 	 32 	 11 
1262043928217602.000000 	 754 	 427347 	 14821 	 0 	 0 	 0 	 200 	 32 	 11 
1262043929225460.000000 	 754 	 427347 	 14821 	 0 	 0 	 0 	 200 	 32 	 11 
1262043930233547.000000 	 754 	 427347 	 14821 	 0 	 0 	 0 	 200 	 32 	 11 
1262043931241527.000000 	 754 	 427347 	 14821 	 0 	 0 	 0 	 200 	 32 	 11 
1262043932249307.000000 	 754 	 427347 	 14821 	 0 	 0 	 0 	 200 	 32 	 11 
1262043933257719.000000 	 754 	 427347 	 14821 	 0 	 0 	 0 	 200 	 32 	 11 
1262043934265743.000000 	 754 	 427347 	 14821 	 0 	 0 	 0 	 200 	 32 	 11 
1262043935273604.000000 	 754 	 427347 	 14821 	 0 	 0 	 0 	 200 	 32 	 11 
1262043936281655.000000 	 754 	 427347 	 14821 	 0 	 0 	 0 	 200 	 32 	 11 
1262043937289586.000000 	 754 	 427347 	 14821 	 0 	 0 	 0 	 200 	 32 	 11 
1262043938298065.000000 	 754 	 427347 	 14821 	 0 	 0 	 0 	 200 	 32 	 11 
1262043939305891.000000 	 754 	 427347 	 14821 	 0 	 0 	 0 	 200 	 32 	 11 
1262043940313830.000000 	 754 	 427347 	 14821 	 0 	 0 	 0 	 200 	 32 	 11 
1262043941321786.000000 	 754 	 427347 	 14821 	 0 	 0 	 0 	 200 	 32 	 11 
1262043942330227.000000 	 754 	 427347 	 14821 	 0 	 0 	 0 	 200 	 32 	 11 
1262043943338101.000000 	 754 	 427347 	 14821 	 0 	 0 	 0 	 200 	 32 	 11 
1262043944349117.000000 	 754 	 427347 	 14821 	 0 	 0 	 0 	 200 	 32 	 11 
1262043945354348.000000 	 754 	 427347 	 14821 	 0 	 0 	 0 	 200 	 32 	 11 
1262043946362256.000000 	 754 	 427347 	 14821 	 0 	 0 	 0 	 200 	 32 	 11 
1262043947370049.000000 	 754 	 427347 	 14821 	 0 	 0 	 0 	 200 	 32 	 11 
1262043948378502.000000 	 754 	 427347 	 14821 	 0 	 0 	 0 	 200 	 32 	 11 
1262043949386463.000000 	 754 	 427347 	 14821 	 0 	 0 	 0 	 200 	 32 	 11 
1262043950394341.000000 	 754 	 427347 	 14821 	 0 	 0 	 0 	 200 	 32 	 11 
1262043951402383.000000 	 754 	 427347 	 14821 	 0 	 0 	 0 	 200 	 32 	 11 
1262043952410440.000000 	 754 	 427347 	 14821 	 0 	 0 	 0 	 200 	 32 	 11 
1262043953418471.000000 	 754 	 427347 	 14821 	 0 	 0 	 0 	 200 	 32 	 11 
1262043954426453.000000 	 754 	 427347 	 14821 	 0 	 0 	 0 	 200 	 32 	 11 
1262043955434059.000000 	 754 	 427347 	 14821 	 0 	 0 	 0 	 200 	 32 	 11 
1262043956442567.000000 	 754 	 427347 	 14821 	 0 	 0 	 0 	 200 	 32 	 11 
1262043957450148.000000 	 754 	 427347 	 14821 	 0 	 0 	 0 	 200 	 32 	 11 
1262043958458709.000000 	 754 	 427347 	 14821 	 0 	 0 	 0 	 200 	 32 	 11 
1262043959466597.000000 	 754 	 427347 	 14821 	 0 	 0 	 0 	 200 	 32 	 11 
1262043960474688.000000 	 754 	 427347 	 14821 	 0 	 0 	 0 	 200 	 32 	 11 
1262043961482678.000000 	 754 	 427347 	 14821 	 0 	 0 	 0 	 200 	 32 	 11 
1262043962490956.000000 	 754 	 427347 	 14821 	 0 	 0 	 0 	 200 	 32 	 11 
1262043963498496.000000 	 754 	 427347 	 14821 	 0 	 0 	 0 	 200 	 32 	 11 
1262043964506297.000000 	 754 	 427347 	 14821 	 0 	 0 	 0 	 200 	 32 	 11 
1262043965510276.000000 	 754 	 427347 	 14821 	 0 	 0 	 0 	 200 	 32 	 11 
1262043966514280.000000 	 754 	 427347 	 14821 	 0 	 0 	 0 	 200 	 32 	 11 
1262043967518322.000000 	 754 	 427347 	 14821 	 0 	 0 	 0 	 200 	 32 	 11 
1262043968522359.000000 	 754 	 427347 	 14821 	 0 	 0 	 0 	 200 	 32 	 11 
1262043969526376.000000 	 754 	 427347 	 14821 	 0 	 0 	 0 	 200 	 32 	 11 
1262043970530413.000000 	 754 	 427347 	 14821 	 0 	 0 	 0 	 200 	 32 	 11 
1262043971534408.000000 	 754 	 427347 	 14821 	 0 	 0 	 0 	 200 	 32 	 11 
1262043972538537.000000 	 754 	 427347 	 14821 	 0 	 0 	 0 	 200 	 32 	 11 
1262043973542550.000000 	 754 	 427347 	 14821 	 0 	 0 	 0 	 200 	 32 	 11 
1262043974547347.000000 	 754 	 427347 	 14821 	 0 	 0 	 0 	 200 	 32 	 11 
1262043975555238.000000 	 754 	 427347 	 14821 	 0 	 0 	 0 	 200 	 32 	 11 
1262043976563218.000000 	 754 	 427347 	 14821 	 0 	 0 	 0 	 200 	 32 	 11 
1262043977571189.000000 	 754 	 427347 	 14821 	 0 	 0 	 0 	 200 	 32 	 11 
1262043978579251.000000 	 754 	 427347 	 14821 	 0 	 0 	 0 	 200 	 32 	 11 
1262043979587243.000000 	 754 	 427347 	 14821 	 0 	 0 	 0 	 200 	 32 	 11 
1262043980597299.000000 	 754 	 427347 	 14821 	 0 	 0 	 0 	 200 	 32 	 11 
1262043981603533.000000 	 754 	 427347 	 14821 	 0 	 0 	 0 	 200 	 32 	 11 
1262043982611429.000000 	 754 	 427347 	 14821 	 0 	 0 	 0 	 200 	 32 	 11 
1262043983619607.000000 	 754 	 427347 	 14821 	 0 	 0 	 0 	 200 	 32 	 11 
1262043984627546.000000 	 754 	 427347 	 14821 	 0 	 0 	 0 	 200 	 32 	 11 
1262043985635575.000000 	 754 	 427347 	 14821 	 0 	 0 	 0 	 200 	 32 	 11 
1262043986644092.000000 	 754 	 427347 	 14821 	 0 	 0 	 0 	 200 	 32 	 11 
1262043987651842.000000 	 754 	 427347 	 14821 	 0 	 0 	 0 	 200 	 32 	 11 
1262043988659920.000000 	 754 	 427347 	 14821 	 0 	 0 	 0 	 200 	 32 	 11 
1262043989667746.000000 	 754 	 427347 	 14821 	 0 	 0 	 0 	 200 	 32 	 11 
1262043990675978.000000 	 754 	 427347 	 14821 	 0 	 0 	 0 	 200 	 32 	 11 
1262043991683823.000000 	 754 	 427347 	 14821 	 0 	 0 	 0 	 200 	 32 	 11 
1262043992692084.000000 	 754 	 427347 	 14821 	 0 	 0 	 0 	 200 	 32 	 11 
1262043993699910.000000 	 754 	 427347 	 14821 	 0 	 0 	 0 	 200 	 32 	 11 
1262043994708048.000000 	 754 	 427347 	 14821 	 0 	 0 	 0 	 200 	 32 	 11 
1262043995715625.000000 	 754 	 427347 	 14821 	 0 	 0 	 0 	 200 	 32 	 11 
1262043996720226.000000 	 754 	 427347 	 14821 	 0 	 0 	 0 	 200 	 32 	 11 
1262043997727771.000000 	 754 	 427347 	 14821 	 0 	 0 	 0 	 200 	 32 	 11 
1262043998736356.000000 	 754 	 427347 	 14821 	 0 	 0 	 0 	 200 	 32 	 11 
1262043999744176.000000 	 754 	 427347 	 14821 	 0 	 0 	 0 	 200 	 32 	 11 
1262044000752316.000000 	 754 	 427347 	 14821 	 0 	 0 	 0 	 200 	 32 	 11 
1262044001760226.000000 	 754 	 427347 	 14821 	 0 	 0 	 0 	 200 	 32 	 11 
1262044002768099.000000 	 754 	 427347 	 14821 	 0 	 0 	 0 	 200 	 32 	 11 
1262044003776360.000000 	 754 	 427347 	 14821 	 0 	 0 	 0 	 200 	 32 	 11 
1262044004784579.000000 	 754 	 427347 	 14821 	 0 	 0 	 0 	 200 	 32 	 11 
1262044005792479.000000 	 754 	 427347 	 14821 	 0 	 0 	 0 	 200 	 32 	 11 
1262044006800537.000000 	 754 	 427347 	 14821 	 0 	 0 	 0 	 200 	 32 	 11 
1262044007808521.000000 	 754 	 427347 	 14821 	 0 	 0 	 0 	 200 	 32 	 11 
1262044008816675.000000 	 754 	 427347 	 14821 	 0 	 0 	 0 	 200 	 32 	 11 
1262044009824537.000000 	 754 	 427347 	 14821 	 0 	 0 	 0 	 200 	 32 	 11 
1262044010832694.000000 	 754 	 427347 	 14821 	 0 	 0 	 0 	 200 	 32 	 11 
1262044011840697.000000 	 754 	 427347 	 14821 	 0 	 0 	 0 	 200 	 32 	 11 
1262044012848830.000000 	 754 	 427347 	 14821 	 0 	 0 	 0 	 200 	 32 	 11 
1262044013856717.000000 	 754 	 427347 	 14821 	 0 	 0 	 0 	 200 	 32 	 11 
1262044014864847.000000 	 754 	 427347 	 14821 	 0 	 0 	 0 	 200 	 32 	 11 
1262044015876202.000000 	 754 	 427347 	 14821 	 0 	 0 	 0 	 200 	 32 	 11 
1262044016881079.000000 	 754 	 427347 	 14821 	 0 	 0 	 0 	 200 	 32 	 11 
1262044017890974.000000 	 754 	 427347 	 14821 	 0 	 0 	 0 	 200 	 32 	 11 
1262044018896700.000000 	 754 	 427347 	 14821 	 0 	 0 	 0 	 200 	 32 	 11 
1262044019905159.000000 	 754 	 427347 	 14821 	 0 	 0 	 0 	 200 	 32 	 11 
1262044020912711.000000 	 754 	 427347 	 14821 	 0 	 0 	 0 	 200 	 32 	 11 
1262044021920773.000000 	 754 	 427347 	 14821 	 0 	 0 	 0 	 200 	 32 	 11 
1262044022929741.000000 	 754 	 427347 	 14821 	 0 	 0 	 0 	 200 	 32 	 11 
1262044023936878.000000 	 754 	 427347 	 14821 	 0 	 0 	 0 	 200 	 32 	 11 
1262044024945346.000000 	 754 	 427347 	 14821 	 0 	 0 	 0 	 200 	 32 	 11 
1262044025953255.000000 	 754 	 427347 	 14821 	 0 	 0 	 0 	 200 	 32 	 11 
1262044026961349.000000 	 754 	 427347 	 14821 	 0 	 0 	 0 	 200 	 32 	 11 
1262044027969420.000000 	 754 	 427347 	 14821 	 0 	 0 	 0 	 200 	 32 	 11 
1262044028977419.000000 	 754 	 427347 	 14821 	 0 	 0 	 0 	 200 	 32 	 11 
1262044029985483.000000 	 754 	 427347 	 14821 	 0 	 0 	 0 	 200 	 32 	 11 
1262044030993409.000000 	 754 	 427347 	 14821 	 0 	 0 	 0 	 200 	 32 	 11 
1262044032001498.000000 	 754 	 427347 	 14821 	 0 	 0 	 0 	 200 	 32 	 11 
1262044033009541.000000 	 754 	 427347 	 14821 	 0 	 0 	 0 	 200 	 32 	 11 
1262044034017560.000000 	 754 	 427347 	 14821 	 0 	 0 	 0 	 200 	 32 	 11 
1262044035025046.000000 	 754 	 427347 	 14821 	 0 	 0 	 0 	 200 	 32 	 11 
1262044036029327.000000 	 754 	 427347 	 14821 	 0 	 0 	 0 	 200 	 32 	 11 
1262044037037750.000000 	 754 	 427347 	 14821 	 0 	 0 	 0 	 200 	 32 	 11 
1262044038045810.000000 	 754 	 427347 	 14821 	 0 	 0 	 0 	 200 	 32 	 11 
1262044039053728.000000 	 754 	 427347 	 14821 	 0 	 0 	 0 	 200 	 32 	 11 
1262044040061801.000000 	 754 	 427347 	 14821 	 0 	 0 	 0 	 200 	 32 	 11 
1262044041069794.000000 	 754 	 427347 	 14821 	 0 	 0 	 0 	 200 	 32 	 11 
1262044042078017.000000 	 754 	 427347 	 14821 	 0 	 0 	 0 	 200 	 32 	 11 
1262044043085984.000000 	 754 	 427347 	 14821 	 0 	 0 	 0 	 200 	 32 	 11 
1262044044093921.000000 	 754 	 427347 	 14821 	 0 	 0 	 0 	 200 	 32 	 11 
1262044045101981.000000 	 754 	 427347 	 14821 	 0 	 0 	 0 	 200 	 32 	 11 
1262044046110288.000000 	 754 	 427347 	 14821 	 0 	 0 	 0 	 200 	 32 	 11 
1262044047118020.000000 	 754 	 427347 	 14821 	 0 	 0 	 0 	 200 	 32 	 11 
1262044048126025.000000 	 754 	 427347 	 14821 	 0 	 0 	 0 	 200 	 32 	 11 
1262044049134029.000000 	 754 	 427347 	 14821 	 0 	 0 	 0 	 200 	 32 	 11 
1262044050142088.000000 	 754 	 427347 	 14821 	 0 	 0 	 0 	 200 	 32 	 11 
1262044051152929.000000 	 754 	 427347 	 14821 	 0 	 0 	 0 	 200 	 32 	 11 
1262044052158384.000000 	 754 	 427347 	 14821 	 0 	 0 	 0 	 200 	 32 	 11 
1262044053166264.000000 	 754 	 427347 	 14821 	 0 	 0 	 0 	 200 	 32 	 11 
1262044054174184.000000 	 754 	 427347 	 14821 	 0 	 0 	 0 	 200 	 32 	 11 
1262044055182307.000000 	 754 	 427347 	 14821 	 0 	 0 	 0 	 200 	 32 	 11 
1262044056190324.000000 	 754 	 427347 	 14821 	 0 	 0 	 0 	 200 	 32 	 11 
1262044057197990.000000 	 754 	 427347 	 14821 	 0 	 0 	 0 	 200 	 32 	 11 
1262044058202457.000000 	 754 	 427347 	 14821 	 0 	 0 	 0 	 200 	 32 	 11 
1262044059210398.000000 	 754 	 427347 	 14821 	 0 	 0 	 0 	 200 	 32 	 11 
1262044060218882.000000 	 754 	 427347 	 14821 	 0 	 0 	 0 	 200 	 32 	 11 
1262044061226642.000000 	 754 	 427347 	 14821 	 0 	 0 	 0 	 200 	 32 	 11 
1262044062234673.000000 	 754 	 427347 	 14821 	 0 	 0 	 0 	 200 	 32 	 11 
1262044063242712.000000 	 754 	 427347 	 14821 	 0 	 0 	 0 	 200 	 32 	 11 
1262044064250734.000000 	 754 	 427347 	 14821 	 0 	 0 	 0 	 200 	 32 	 11 
1262044065258809.000000 	 754 	 427347 	 14821 	 0 	 0 	 0 	 200 	 32 	 11 
1262044066266396.000000 	 754 	 427347 	 14821 	 0 	 0 	 0 	 200 	 32 	 11 
1262044067274897.000000 	 754 	 427347 	 14821 	 0 	 0 	 0 	 200 	 32 	 11 
1262044068282989.000000 	 754 	 427347 	 14821 	 0 	 0 	 0 	 200 	 32 	 11 
1262044069290909.000000 	 754 	 427347 	 14821 	 0 	 0 	 0 	 200 	 32 	 11 
1262044070298574.000000 	 754 	 427347 	 14821 	 0 	 0 	 0 	 200 	 32 	 11 
1262044071307260.000000 	 754 	 427347 	 14821 	 0 	 0 	 0 	 200 	 32 	 11 
1262044072314599.000000 	 754 	 427347 	 14821 	 0 	 0 	 0 	 200 	 32 	 11 
1262044073319075.000000 	 754 	 427347 	 14821 	 0 	 0 	 0 	 200 	 32 	 11 
1262044074327017.000000 	 754 	 427347 	 14821 	 0 	 0 	 0 	 200 	 32 	 11 
1262044075335024.000000 	 754 	 427347 	 14821 	 0 	 0 	 0 	 200 	 32 	 11 
1262044076343053.000000 	 754 	 427347 	 14821 	 0 	 0 	 0 	 200 	 32 	 11 
1262044077351116.000000 	 754 	 427347 	 14821 	 0 	 0 	 0 	 200 	 32 	 11 
1262044078359244.000000 	 754 	 427347 	 14821 	 0 	 0 	 0 	 200 	 32 	 11 
1262044079367170.000000 	 754 	 427347 	 14821 	 0 	 0 	 0 	 200 	 32 	 11 
1262044080375202.000000 	 754 	 427347 	 14821 	 0 	 0 	 0 	 200 	 32 	 11 
1262044081383278.000000 	 754 	 427347 	 14821 	 0 	 0 	 0 	 200 	 32 	 11 
1262044082391321.000000 	 754 	 427347 	 14821 	 0 	 0 	 0 	 200 	 32 	 11 
1262044083399006.000000 	 754 	 427347 	 14821 	 0 	 0 	 0 	 200 	 32 	 11 
1262044084403390.000000 	 754 	 427347 	 14821 	 0 	 0 	 0 	 200 	 32 	 11 
1262044085411426.000000 	 754 	 427347 	 14821 	 0 	 0 	 0 	 200 	 32 	 11 
1262044086425669.000000 	 754 	 427347 	 14821 	 0 	 0 	 0 	 200 	 32 	 11 
1262044087431824.000000 	 754 	 427347 	 14821 	 0 	 0 	 0 	 200 	 32 	 11 
1262044088439800.000000 	 754 	 427347 	 14821 	 0 	 0 	 0 	 200 	 32 	 11 
1262044089447741.000000 	 754 	 427347 	 14821 	 0 	 0 	 0 	 200 	 32 	 11 
1262044090455857.000000 	 754 	 427347 	 14821 	 0 	 0 	 0 	 200 	 32 	 11 
1262044091464872.000000 	 754 	 427347 	 14821 	 0 	 0 	 0 	 200 	 32 	 11 
1262044092471814.000000 	 754 	 427347 	 14821 	 0 	 0 	 0 	 200 	 32 	 11 
1262044093479791.000000 	 754 	 427347 	 14821 	 0 	 0 	 0 	 200 	 32 	 11 
1262044094487833.000000 	 754 	 427347 	 14821 	 0 	 0 	 0 	 200 	 32 	 11 
1262044095495786.000000 	 754 	 427347 	 14821 	 0 	 0 	 0 	 200 	 32 	 11 
1262044096503469.000000 	 754 	 427347 	 14821 	 0 	 0 	 0 	 200 	 32 	 11 
1262044097507903.000000 	 754 	 427347 	 14821 	 0 	 0 	 0 	 200 	 32 	 11 
1262044098515946.000000 	 754 	 427347 	 14821 	 0 	 0 	 0 	 200 	 32 	 11 
1262044099523925.000000 	 754 	 427347 	 14821 	 0 	 0 	 0 	 200 	 32 	 11 
1262044100532030.000000 	 754 	 427347 	 14821 	 0 	 0 	 0 	 200 	 32 	 11 
1262044101540051.000000 	 754 	 427347 	 14821 	 0 	 0 	 0 	 200 	 32 	 11 
1262044102548108.000000 	 754 	 427347 	 14821 	 0 	 0 	 0 	 200 	 32 	 11 
1262044103556111.000000 	 754 	 427347 	 14821 	 0 	 0 	 0 	 200 	 32 	 11 
1262044104564126.000000 	 754 	 427347 	 14821 	 0 	 0 	 0 	 200 	 32 	 11 
1262044105572160.000000 	 754 	 427347 	 14821 	 0 	 0 	 0 	 200 	 32 	 11 
1262044106580217.000000 	 754 	 427347 	 14821 	 0 	 0 	 0 	 200 	 32 	 11 
1262044107588247.000000 	 754 	 427347 	 14821 	 0 	 0 	 0 	 200 	 32 	 11 
1262044108596384.000000 	 754 	 427347 	 14821 	 0 	 0 	 0 	 200 	 32 	 11 
1262044109604319.000000 	 754 	 427347 	 14821 	 0 	 0 	 0 	 200 	 32 	 11 
1262044110612398.000000 	 754 	 427347 	 14821 	 0 	 0 	 0 	 200 	 32 	 11 
1262044111619955.000000 	 754 	 427347 	 14821 	 0 	 0 	 0 	 200 	 32 	 11 
1262044112624499.000000 	 754 	 427347 	 14821 	 0 	 0 	 0 	 200 	 32 	 11 
1262044113632484.000000 	 754 	 427347 	 14821 	 0 	 0 	 0 	 200 	 32 	 11 
1262044114640528.000000 	 754 	 427347 	 14821 	 0 	 0 	 0 	 200 	 32 	 11 
1262044115648950.000000 	 754 	 427347 	 14821 	 0 	 0 	 0 	 200 	 32 	 11 
1262044116656620.000000 	 754 	 427347 	 14821 	 0 	 0 	 0 	 200 	 32 	 11 
1262044117664620.000000 	 754 	 427347 	 14821 	 0 	 0 	 0 	 200 	 32 	 11 
1262044118672420.000000 	 754 	 427347 	 14821 	 0 	 0 	 0 	 200 	 32 	 11 
1262044119680705.000000 	 754 	 427347 	 14821 	 0 	 0 	 0 	 200 	 32 	 11 
1262044120688793.000000 	 754 	 427347 	 14821 	 0 	 0 	 0 	 200 	 32 	 11 
1262044121699196.000000 	 754 	 427347 	 14821 	 0 	 0 	 0 	 200 	 32 	 11 
1262044122704692.000000 	 754 	 427347 	 14821 	 0 	 0 	 0 	 200 	 32 	 11 
1262044123712947.000000 	 754 	 427347 	 14821 	 0 	 0 	 0 	 200 	 32 	 11 
1262044124720979.000000 	 754 	 427347 	 14821 	 0 	 0 	 0 	 200 	 32 	 11 
1262044125728981.000000 	 754 	 427347 	 14821 	 0 	 0 	 0 	 200 	 32 	 11 
1262044126737384.000000 	 754 	 427347 	 14821 	 0 	 0 	 0 	 200 	 32 	 11 
1262044127744956.000000 	 754 	 427347 	 14821 	 0 	 0 	 0 	 200 	 32 	 11 
1262044128752854.000000 	 754 	 427347 	 14821 	 0 	 0 	 0 	 200 	 32 	 11 
1262044129761130.000000 	 754 	 427347 	 14821 	 0 	 0 	 0 	 200 	 32 	 11 
1262044130769251.000000 	 754 	 427347 	 14821 	 0 	 0 	 0 	 200 	 32 	 11 
1262044131776813.000000 	 754 	 427347 	 14821 	 0 	 0 	 0 	 200 	 32 	 11 
1262044132780931.000000 	 754 	 427347 	 14821 	 0 	 0 	 0 	 200 	 32 	 11 
1262044133784933.000000 	 754 	 427347 	 14821 	 0 	 0 	 0 	 200 	 32 	 11 
1262044134788984.000000 	 754 	 427347 	 14821 	 0 	 0 	 0 	 200 	 32 	 11 
1262044135792964.000000 	 754 	 427347 	 14821 	 0 	 0 	 0 	 200 	 32 	 11 
1262044136797064.000000 	 754 	 427347 	 14821 	 0 	 0 	 0 	 200 	 32 	 11 
1262044137801090.000000 	 754 	 427347 	 14821 	 0 	 0 	 0 	 200 	 32 	 11 
1262044138805542.000000 	 754 	 427347 	 14821 	 0 	 0 	 0 	 200 	 32 	 11 
1262044139813899.000000 	 754 	 427347 	 14821 	 0 	 0 	 0 	 200 	 32 	 11 
1262044140821593.000000 	 754 	 427347 	 14821 	 0 	 0 	 0 	 200 	 32 	 11 
1262044141829564.000000 	 754 	 427347 	 14821 	 0 	 0 	 0 	 200 	 32 	 11 
1262044142837707.000000 	 754 	 427347 	 14821 	 0 	 0 	 0 	 200 	 32 	 11 
1262044143845608.000000 	 754 	 427347 	 14821 	 0 	 0 	 0 	 200 	 32 	 11 
1262044144853721.000000 	 754 	 427347 	 14821 	 0 	 0 	 0 	 200 	 32 	 11 
1262044145861782.000000 	 754 	 427347 	 14821 	 0 	 0 	 0 	 200 	 32 	 11 
1262044146869874.000000 	 754 	 427347 	 14821 	 0 	 0 	 0 	 200 	 32 	 11 
1262044147877789.000000 	 754 	 427347 	 14821 	 0 	 0 	 0 	 200 	 32 	 11 
1262044148885934.000000 	 754 	 427347 	 14821 	 0 	 0 	 0 	 200 	 32 	 11 
1262044149895943.000000 	 754 	 427347 	 14821 	 0 	 0 	 0 	 200 	 32 	 11 
1262044150901997.000000 	 754 	 427347 	 14821 	 0 	 0 	 0 	 200 	 32 	 11 
1262044151910033.000000 	 754 	 427347 	 14821 	 0 	 0 	 0 	 200 	 32 	 11 
1262044152918018.000000 	 754 	 427347 	 14821 	 0 	 0 	 0 	 200 	 32 	 11 
1262044153926150.000000 	 754 	 427347 	 14821 	 0 	 0 	 0 	 200 	 32 	 11 
1262044154934026.000000 	 754 	 427347 	 14821 	 0 	 0 	 0 	 200 	 32 	 11 
1262044155941819.000000 	 754 	 427347 	 14821 	 0 	 0 	 0 	 200 	 32 	 11 
1262044156949826.000000 	 754 	 427347 	 14821 	 0 	 0 	 0 	 200 	 32 	 11 
1262044157954328.000000 	 754 	 427347 	 14821 	 0 	 0 	 0 	 200 	 32 	 11 
1262044158962144.000000 	 754 	 427347 	 14821 	 0 	 0 	 0 	 200 	 32 	 11 
1262044159970216.000000 	 754 	 427347 	 14821 	 0 	 0 	 0 	 200 	 32 	 11 
1262044160977848.000000 	 754 	 427347 	 14821 	 0 	 0 	 0 	 200 	 32 	 11 
1262044161982756.000000 	 754 	 427347 	 14821 	 0 	 0 	 0 	 200 	 32 	 11 
1262044162990304.000000 	 754 	 427347 	 14821 	 0 	 0 	 0 	 200 	 32 	 11 
1262044163997949.000000 	 754 	 427347 	 14821 	 0 	 0 	 0 	 200 	 32 	 11 
1262044165002416.000000 	 754 	 427347 	 14821 	 0 	 0 	 0 	 200 	 32 	 11 
1262044166010042.000000 	 754 	 427347 	 14821 	 0 	 0 	 0 	 200 	 32 	 11 
1262044167014073.000000 	 754 	 427347 	 14821 	 0 	 0 	 0 	 200 	 32 	 11 
1262044168018582.000000 	 754 	 427347 	 14821 	 0 	 0 	 0 	 200 	 32 	 11 
1262044169026512.000000 	 754 	 427347 	 14821 	 0 	 0 	 0 	 200 	 32 	 11 
1262044170034576.000000 	 754 	 427347 	 14821 	 0 	 0 	 0 	 200 	 32 	 11 
1262044171042564.000000 	 754 	 427347 	 14821 	 0 	 0 	 0 	 200 	 32 	 11 
1262044172050600.000000 	 754 	 427347 	 14821 	 0 	 0 	 0 	 200 	 32 	 11 
1262044173058694.000000 	 754 	 427347 	 14821 	 0 	 0 	 0 	 200 	 32 	 11 
1262044174066704.000000 	 754 	 427347 	 14821 	 0 	 0 	 0 	 200 	 32 	 11 
1262044175074763.000000 	 754 	 427347 	 14821 	 0 	 0 	 0 	 200 	 32 	 11 
1262044176082827.000000 	 754 	 427347 	 14821 	 0 	 0 	 0 	 200 	 32 	 11 
1262044177090841.000000 	 754 	 427347 	 14821 	 0 	 0 	 0 	 200 	 32 	 11 
1262044178098918.000000 	 754 	 427347 	 14821 	 0 	 0 	 0 	 200 	 32 	 11 
1262044179106503.000000 	 754 	 427347 	 14821 	 0 	 0 	 0 	 200 	 32 	 11 
1262044180110991.000000 	 754 	 427347 	 14821 	 0 	 0 	 0 	 200 	 32 	 11 
1262044181118637.000000 	 754 	 427347 	 14821 	 0 	 0 	 0 	 200 	 32 	 11 
1262044182123092.000000 	 754 	 427347 	 14821 	 0 	 0 	 0 	 200 	 32 	 11 
1262044183131128.000000 	 754 	 427347 	 14821 	 0 	 0 	 0 	 200 	 32 	 11 
1262044184139145.000000 	 754 	 427347 	 14821 	 0 	 0 	 0 	 200 	 32 	 11 
1262044185147497.000000 	 754 	 427347 	 14821 	 0 	 0 	 0 	 200 	 32 	 11 
1262044186154869.000000 	 754 	 427347 	 14821 	 0 	 0 	 0 	 200 	 32 	 11 
1262044187158918.000000 	 754 	 427347 	 14821 	 0 	 0 	 0 	 200 	 32 	 11 
1262044188163353.000000 	 754 	 427347 	 14821 	 0 	 0 	 0 	 200 	 32 	 11 
1262044189171369.000000 	 754 	 427347 	 14821 	 0 	 0 	 0 	 200 	 32 	 11 
1262044190179426.000000 	 754 	 427347 	 14821 	 0 	 0 	 0 	 200 	 32 	 11 
1262044191187412.000000 	 754 	 427347 	 14821 	 0 	 0 	 0 	 200 	 32 	 11 
1262044192198055.000000 	 754 	 427347 	 14821 	 0 	 0 	 0 	 200 	 32 	 11 
1262044193203736.000000 	 754 	 427347 	 14821 	 0 	 0 	 0 	 200 	 32 	 11 
1262044194211556.000000 	 754 	 427347 	 14821 	 0 	 0 	 0 	 200 	 32 	 11 
1262044195219550.000000 	 754 	 427347 	 14821 	 0 	 0 	 0 	 200 	 32 	 11 
1262044196227577.000000 	 754 	 427347 	 14821 	 0 	 0 	 0 	 200 	 32 	 11 
1262044197235606.000000 	 754 	 427347 	 14821 	 0 	 0 	 0 	 200 	 32 	 11 
1262044198243727.000000 	 754 	 427347 	 14821 	 0 	 0 	 0 	 200 	 32 	 11 
1262044199251694.000000 	 754 	 427347 	 14821 	 0 	 0 	 0 	 200 	 32 	 11 
1262044200259748.000000 	 754 	 427347 	 14821 	 0 	 0 	 0 	 200 	 32 	 11 
1262044201267796.000000 	 754 	 427347 	 14821 	 0 	 0 	 0 	 200 	 32 	 11 
1262044202275819.000000 	 754 	 427347 	 14821 	 0 	 0 	 0 	 200 	 32 	 11 
1262044203283874.000000 	 754 	 427347 	 14821 	 0 	 0 	 0 	 200 	 32 	 11 
1262044204291890.000000 	 754 	 427347 	 14821 	 0 	 0 	 0 	 200 	 32 	 11 
1262044205299934.000000 	 754 	 427347 	 14821 	 0 	 0 	 0 	 200 	 32 	 11 
1262044206308017.000000 	 754 	 427347 	 14821 	 0 	 0 	 0 	 200 	 32 	 11 
1262044207316150.000000 	 754 	 427347 	 14821 	 0 	 0 	 0 	 200 	 32 	 11 
1262044208324368.000000 	 754 	 427347 	 14821 	 0 	 0 	 0 	 200 	 32 	 11 
1262044209332232.000000 	 754 	 427347 	 14821 	 0 	 0 	 0 	 200 	 32 	 11 
1262044210340335.000000 	 754 	 427347 	 14821 	 0 	 0 	 0 	 200 	 32 	 11 
1262044211348255.000000 	 754 	 427347 	 14821 	 0 	 0 	 0 	 200 	 32 	 11 
1262044212356377.000000 	 754 	 427347 	 14821 	 0 	 0 	 0 	 200 	 32 	 11 
1262044213364426.000000 	 754 	 427347 	 14821 	 0 	 0 	 0 	 200 	 32 	 11 
1262044214372108.000000 	 754 	 427347 	 14821 	 0 	 0 	 0 	 200 	 32 	 11 
1262044215376473.000000 	 754 	 427347 	 14821 	 0 	 0 	 0 	 200 	 32 	 11 
1262044216384556.000000 	 754 	 427347 	 14821 	 0 	 0 	 0 	 200 	 32 	 11 
1262044217392477.000000 	 754 	 427347 	 14821 	 0 	 0 	 0 	 200 	 32 	 11 
1262044218400289.000000 	 754 	 427347 	 14821 	 0 	 0 	 0 	 200 	 32 	 11 
1262044219404671.000000 	 754 	 427347 	 14821 	 0 	 0 	 0 	 200 	 32 	 11 
1262044220412698.000000 	 754 	 427347 	 14821 	 0 	 0 	 0 	 200 	 32 	 11 
1262044221420721.000000 	 754 	 427347 	 14821 	 0 	 0 	 0 	 200 	 32 	 11 
1262044222428785.000000 	 754 	 427347 	 14821 	 0 	 0 	 0 	 200 	 32 	 11 
1262044223436778.000000 	 754 	 427347 	 14821 	 0 	 0 	 0 	 200 	 32 	 11 
1262044224444481.000000 	 754 	 427347 	 14821 	 0 	 0 	 0 	 200 	 32 	 11 
1262044225448842.000000 	 754 	 427347 	 14821 	 0 	 0 	 0 	 200 	 32 	 11 
1262044226456926.000000 	 754 	 427347 	 14821 	 0 	 0 	 0 	 200 	 32 	 11 
1262044227464944.000000 	 754 	 427347 	 14821 	 0 	 0 	 0 	 200 	 32 	 11 
1262044228479096.000000 	 754 	 427347 	 14821 	 0 	 0 	 0 	 200 	 32 	 11 
1262044229485167.000000 	 754 	 427347 	 14821 	 0 	 0 	 0 	 200 	 32 	 11 
1262044230493172.000000 	 754 	 427347 	 14821 	 0 	 0 	 0 	 200 	 32 	 11 
1262044231501085.000000 	 754 	 427347 	 14821 	 0 	 0 	 0 	 200 	 32 	 11 
1262044232509161.000000 	 754 	 427347 	 14821 	 0 	 0 	 0 	 200 	 32 	 11 
1262044233516813.000000 	 754 	 427347 	 14821 	 0 	 0 	 0 	 200 	 32 	 11 
1262044234521293.000000 	 754 	 427347 	 14821 	 0 	 0 	 0 	 200 	 32 	 11 
1262044235528877.000000 	 754 	 427347 	 14821 	 0 	 0 	 0 	 200 	 32 	 11 
1262044236533433.000000 	 754 	 427347 	 14821 	 0 	 0 	 0 	 200 	 32 	 11 
1262044237541721.000000 	 754 	 427347 	 14821 	 0 	 0 	 0 	 200 	 32 	 11 
1262044238549493.000000 	 754 	 427347 	 14821 	 0 	 0 	 0 	 200 	 32 	 11 
1262044239557424.000000 	 754 	 427347 	 14821 	 0 	 0 	 0 	 200 	 32 	 11 
1262044240565564.000000 	 754 	 427347 	 14821 	 0 	 0 	 0 	 200 	 32 	 11 
1262044241573504.000000 	 754 	 427347 	 14821 	 0 	 0 	 0 	 200 	 32 	 11 
1262044242581608.000000 	 754 	 427347 	 14821 	 0 	 0 	 0 	 200 	 32 	 11 
1262044243589612.000000 	 754 	 427347 	 14821 	 0 	 0 	 0 	 200 	 32 	 11 
1262044244597663.000000 	 754 	 427347 	 14821 	 0 	 0 	 0 	 200 	 32 	 11 
1262044245605620.000000 	 754 	 427347 	 14821 	 0 	 0 	 0 	 200 	 32 	 11 
1262044246613730.000000 	 754 	 427347 	 14821 	 0 	 0 	 0 	 200 	 32 	 11 
1262044247621637.000000 	 754 	 427347 	 14821 	 0 	 0 	 0 	 200 	 32 	 11 
1262044248629948.000000 	 754 	 427347 	 14821 	 0 	 0 	 0 	 200 	 32 	 11 
1262044249637797.000000 	 754 	 427347 	 14821 	 0 	 0 	 0 	 200 	 32 	 11 
1262044250645925.000000 	 754 	 427347 	 14821 	 0 	 0 	 0 	 200 	 32 	 11 
1262044251653953.000000 	 754 	 427347 	 14821 	 0 	 0 	 0 	 200 	 32 	 11 
1262044252661985.000000 	 754 	 427347 	 14821 	 0 	 0 	 0 	 200 	 32 	 11 
1262044253669993.000000 	 754 	 427347 	 14821 	 0 	 0 	 0 	 200 	 32 	 11 
1262044254678063.000000 	 754 	 427347 	 14821 	 0 	 0 	 0 	 200 	 32 	 11 
1262044255685996.000000 	 754 	 427347 	 14821 	 0 	 0 	 0 	 200 	 32 	 11 
1262044256694134.000000 	 754 	 427347 	 14821 	 0 	 0 	 0 	 200 	 32 	 11 
1262044257702039.000000 	 754 	 427347 	 14821 	 0 	 0 	 0 	 200 	 32 	 11 
1262044258710272.000000 	 754 	 427347 	 14821 	 0 	 0 	 0 	 200 	 32 	 11 
1262044259718115.000000 	 754 	 427347 	 14821 	 0 	 0 	 0 	 200 	 32 	 11 
1262044260726295.000000 	 754 	 427347 	 14821 	 0 	 0 	 0 	 200 	 32 	 11 
1262044261733808.000000 	 754 	 427347 	 14821 	 0 	 0 	 0 	 200 	 32 	 11 
1262044262738419.000000 	 754 	 427347 	 14821 	 0 	 0 	 0 	 200 	 32 	 11 
1262044263748805.000000 	 754 	 427347 	 14821 	 0 	 0 	 0 	 200 	 32 	 11 
1262044264754214.000000 	 754 	 427347 	 14821 	 0 	 0 	 0 	 200 	 32 	 11 
1262044265762046.000000 	 754 	 427347 	 14821 	 0 	 0 	 0 	 200 	 32 	 11 
1262044266766671.000000 	 754 	 427347 	 14821 	 0 	 0 	 0 	 200 	 32 	 11 
1262044267774449.000000 	 754 	 427347 	 14821 	 0 	 0 	 0 	 200 	 32 	 11 
1262044268782656.000000 	 754 	 427347 	 14821 	 0 	 0 	 0 	 200 	 32 	 11 
1262044269790518.000000 	 754 	 427347 	 14821 	 0 	 0 	 0 	 200 	 32 	 11 
1262044270798732.000000 	 754 	 427347 	 14821 	 0 	 0 	 0 	 200 	 32 	 11 
1262044271806839.000000 	 754 	 427347 	 14821 	 0 	 0 	 0 	 200 	 32 	 11 
1262044272814777.000000 	 754 	 427347 	 14821 	 0 	 0 	 0 	 200 	 32 	 11 
1262044273822377.000000 	 754 	 427347 	 14821 	 0 	 0 	 0 	 200 	 32 	 11 
1262044274827067.000000 	 754 	 427347 	 14821 	 0 	 0 	 0 	 200 	 32 	 11 
1262044275835212.000000 	 754 	 427347 	 14821 	 0 	 0 	 0 	 200 	 32 	 11 
1262044276843147.000000 	 754 	 427347 	 14821 	 0 	 0 	 0 	 200 	 32 	 11 
1262044277851304.000000 	 754 	 427347 	 14821 	 0 	 0 	 0 	 200 	 32 	 11 
1262044278859097.000000 	 754 	 427347 	 14821 	 0 	 0 	 0 	 200 	 32 	 11 
1262044279867045.000000 	 754 	 427347 	 14821 	 0 	 0 	 0 	 200 	 32 	 11 
1262044280874570.000000 	 754 	 427347 	 14821 	 0 	 0 	 0 	 200 	 32 	 11 
1262044281878988.000000 	 754 	 427347 	 14821 	 0 	 0 	 0 	 200 	 32 	 11 
1262044282887429.000000 	 754 	 427347 	 14821 	 0 	 0 	 0 	 200 	 32 	 11 
1262044283895166.000000 	 754 	 427347 	 14821 	 0 	 0 	 0 	 200 	 32 	 11 
1262044284903329.000000 	 754 	 427347 	 14821 	 0 	 0 	 0 	 200 	 32 	 11 
1262044285912888.000000 	 754 	 427347 	 14821 	 0 	 0 	 0 	 200 	 32 	 11 
1262044286919245.000000 	 754 	 427347 	 14821 	 0 	 0 	 0 	 200 	 32 	 11 
1262044287927179.000000 	 754 	 427347 	 14821 	 0 	 0 	 0 	 200 	 32 	 11 
1262044288935330.000000 	 754 	 427347 	 14821 	 0 	 0 	 0 	 200 	 32 	 11 
1262044289943260.000000 	 754 	 427347 	 14821 	 0 	 0 	 0 	 200 	 32 	 11 
1262044290951380.000000 	 754 	 427347 	 14821 	 0 	 0 	 0 	 200 	 32 	 11 
1262044291959338.000000 	 754 	 427347 	 14821 	 0 	 0 	 0 	 200 	 32 	 11 
1262044292967413.000000 	 754 	 427347 	 14821 	 0 	 0 	 0 	 200 	 32 	 11 
1262044293975421.000000 	 754 	 427347 	 14821 	 0 	 0 	 0 	 200 	 32 	 11 
1262044294983555.000000 	 754 	 427347 	 14821 	 0 	 0 	 0 	 200 	 32 	 11 
1262044295991487.000000 	 754 	 427347 	 14821 	 0 	 0 	 0 	 200 	 32 	 11 
1262044296999956.000000 	 754 	 427347 	 14821 	 0 	 0 	 0 	 200 	 32 	 11 
1262044298007449.000000 	 754 	 427347 	 14821 	 0 	 0 	 0 	 200 	 32 	 11 
1262044299015236.000000 	 754 	 427347 	 14821 	 0 	 0 	 0 	 200 	 32 	 11 
1262044300019977.000000 	 754 	 427347 	 14821 	 0 	 0 	 0 	 200 	 32 	 11 
1262044301027482.000000 	 754 	 427347 	 14821 	 0 	 0 	 0 	 200 	 32 	 11 
1262044302031995.000000 	 754 	 427347 	 14821 	 0 	 0 	 0 	 200 	 32 	 11 
1262044303039963.000000 	 754 	 427347 	 14821 	 0 	 0 	 0 	 200 	 32 	 11 
1262044304047837.000000 	 754 	 427347 	 14821 	 0 	 0 	 0 	 200 	 32 	 11 
1262044305055840.000000 	 754 	 427347 	 14821 	 0 	 0 	 0 	 200 	 32 	 11 
1262044306064081.000000 	 754 	 427347 	 14821 	 0 	 0 	 0 	 200 	 32 	 11 
1262044307071691.000000 	 754 	 427347 	 14821 	 0 	 0 	 0 	 200 	 32 	 11 
1262044308076245.000000 	 754 	 427347 	 14821 	 0 	 0 	 0 	 200 	 32 	 11 
1262044309084174.000000 	 754 	 427347 	 14821 	 0 	 0 	 0 	 200 	 32 	 11 
1262044310092191.000000 	 754 	 427347 	 14821 	 0 	 0 	 0 	 200 	 32 	 11 
1262044311100232.000000 	 754 	 427347 	 14821 	 0 	 0 	 0 	 200 	 32 	 11 
1262044312108396.000000 	 754 	 427347 	 14821 	 0 	 0 	 0 	 200 	 32 	 11 
1262044313116253.000000 	 754 	 427347 	 14821 	 0 	 0 	 0 	 200 	 32 	 11 
1262044314123856.000000 	 754 	 427347 	 14821 	 0 	 0 	 0 	 200 	 32 	 11 
1262044315128348.000000 	 754 	 427347 	 14821 	 0 	 0 	 0 	 200 	 32 	 11 
1262044316136395.000000 	 754 	 427347 	 14821 	 0 	 0 	 0 	 200 	 32 	 11 
1262044317144312.000000 	 754 	 427347 	 14821 	 0 	 0 	 0 	 200 	 32 	 11 
1262044318152519.000000 	 754 	 427347 	 14821 	 0 	 0 	 0 	 200 	 32 	 11 
1262044319160049.000000 	 754 	 427347 	 14821 	 0 	 0 	 0 	 200 	 32 	 11 
1262044320164630.000000 	 754 	 427347 	 14821 	 0 	 0 	 0 	 200 	 32 	 11 
1262044321172545.000000 	 754 	 427347 	 14821 	 0 	 0 	 0 	 200 	 32 	 11 
1262044322180190.000000 	 754 	 427347 	 14821 	 0 	 0 	 0 	 200 	 32 	 11 
1262044323184875.000000 	 754 	 427347 	 14821 	 0 	 0 	 0 	 200 	 32 	 11 
1262044324192602.000000 	 754 	 427347 	 14821 	 0 	 0 	 0 	 200 	 32 	 11 
1262044325200280.000000 	 754 	 427347 	 14821 	 0 	 0 	 0 	 200 	 32 	 11 
1262044326204754.000000 	 754 	 427347 	 14821 	 0 	 0 	 0 	 200 	 32 	 11 
1262044327213184.000000 	 754 	 427347 	 14821 	 0 	 0 	 0 	 200 	 32 	 11 
1262044328220995.000000 	 754 	 427347 	 14821 	 0 	 0 	 0 	 200 	 32 	 11 
1262044329228981.000000 	 754 	 427347 	 14821 	 0 	 0 	 0 	 200 	 32 	 11 
1262044330236581.000000 	 754 	 427347 	 14821 	 0 	 0 	 0 	 200 	 32 	 11 
1262044331240996.000000 	 754 	 427347 	 14821 	 0 	 0 	 0 	 200 	 32 	 11 
1262044332248940.000000 	 754 	 427347 	 14821 	 0 	 0 	 0 	 200 	 32 	 11 
1262044333257056.000000 	 754 	 427347 	 14821 	 0 	 0 	 0 	 200 	 32 	 11 
1262044334267750.000000 	 754 	 427347 	 14821 	 0 	 0 	 0 	 200 	 32 	 11 
1262044335273304.000000 	 754 	 427347 	 14821 	 0 	 0 	 0 	 200 	 32 	 11 
1262044336281218.000000 	 754 	 427347 	 14821 	 0 	 0 	 0 	 200 	 32 	 11 
1262044337289162.000000 	 754 	 427347 	 14821 	 0 	 0 	 0 	 200 	 32 	 11 
1262044338297182.000000 	 754 	 427347 	 14821 	 0 	 0 	 0 	 200 	 32 	 11 
1262044339305199.000000 	 754 	 427347 	 14821 	 0 	 0 	 0 	 200 	 32 	 11 
1262044340313250.000000 	 754 	 427347 	 14821 	 0 	 0 	 0 	 200 	 32 	 11 
1262044341321278.000000 	 754 	 427347 	 14821 	 0 	 0 	 0 	 200 	 32 	 11 
1262044342329302.000000 	 754 	 427347 	 14821 	 0 	 0 	 0 	 200 	 32 	 11 
1262044343337389.000000 	 754 	 427347 	 14821 	 0 	 0 	 0 	 200 	 32 	 11 
1262044344345401.000000 	 754 	 427347 	 14821 	 0 	 0 	 0 	 200 	 32 	 11 
1262044345353802.000000 	 754 	 427347 	 14821 	 0 	 0 	 0 	 200 	 32 	 11 
1262044346361670.000000 	 754 	 427347 	 14821 	 0 	 0 	 0 	 200 	 32 	 11 
1262044347369652.000000 	 754 	 427347 	 14821 	 0 	 0 	 0 	 200 	 32 	 11 
1262044348377757.000000 	 754 	 427347 	 14821 	 0 	 0 	 0 	 200 	 32 	 11 
1262044349385689.000000 	 754 	 427347 	 14821 	 0 	 0 	 0 	 200 	 32 	 11 
1262044350393790.000000 	 754 	 427347 	 14821 	 0 	 0 	 0 	 200 	 32 	 11 
1262044351401823.000000 	 754 	 427347 	 14821 	 0 	 0 	 0 	 200 	 32 	 11 
1262044352409834.000000 	 754 	 427347 	 14821 	 0 	 0 	 0 	 200 	 32 	 11 
1262044353417881.000000 	 754 	 427347 	 14821 	 0 	 0 	 0 	 200 	 32 	 11 
1262044354425551.000000 	 754 	 427347 	 14821 	 0 	 0 	 0 	 200 	 32 	 11 
1262044355429962.000000 	 754 	 427347 	 14821 	 0 	 0 	 0 	 200 	 32 	 11 
1262044356438077.000000 	 754 	 427347 	 14821 	 0 	 0 	 0 	 200 	 32 	 11 
1262044357445644.000000 	 754 	 427347 	 14821 	 0 	 0 	 0 	 200 	 32 	 11 
1262044358450204.000000 	 754 	 427347 	 14821 	 0 	 0 	 0 	 200 	 32 	 11 
1262044359458097.000000 	 754 	 427347 	 14821 	 0 	 0 	 0 	 200 	 32 	 11 
1262044360466155.000000 	 754 	 427347 	 14821 	 0 	 0 	 0 	 200 	 32 	 11 
1262044361474194.000000 	 754 	 427347 	 14821 	 0 	 0 	 0 	 200 	 32 	 11 
1262044362482272.000000 	 754 	 427347 	 14821 	 0 	 0 	 0 	 200 	 32 	 11 
1262044363489929.000000 	 754 	 427347 	 14821 	 0 	 0 	 0 	 200 	 32 	 11 
1262044364494382.000000 	 754 	 427347 	 14821 	 0 	 0 	 0 	 200 	 32 	 11 
1262044365502338.000000 	 754 	 427347 	 14821 	 0 	 0 	 0 	 200 	 32 	 11 
1262044366510040.000000 	 754 	 427347 	 14821 	 0 	 0 	 0 	 200 	 32 	 11 
1262044367514424.000000 	 754 	 427347 	 14821 	 0 	 0 	 0 	 200 	 32 	 11 
1262044368522564.000000 	 754 	 427347 	 14821 	 0 	 0 	 0 	 200 	 32 	 11 
1262044369536412.000000 	 754 	 427347 	 14821 	 0 	 0 	 0 	 200 	 32 	 11 
1262044370542766.000000 	 754 	 427347 	 14821 	 0 	 0 	 0 	 200 	 32 	 11 
1262044371550683.000000 	 754 	 427347 	 14821 	 0 	 0 	 0 	 200 	 32 	 11 
1262044372558709.000000 	 754 	 427347 	 14821 	 0 	 0 	 0 	 200 	 32 	 11 
1262044373566693.000000 	 754 	 427347 	 14821 	 0 	 0 	 0 	 200 	 32 	 11 
1262044374574798.000000 	 754 	 427347 	 14821 	 0 	 0 	 0 	 200 	 32 	 11 
1262044375582725.000000 	 754 	 427347 	 14821 	 0 	 0 	 0 	 200 	 32 	 11 
1262044376590509.000000 	 754 	 427347 	 14821 	 0 	 0 	 0 	 200 	 32 	 11 
1262044377594822.000000 	 754 	 427347 	 14821 	 0 	 0 	 0 	 200 	 32 	 11 
1262044378603033.000000 	 754 	 427347 	 14821 	 0 	 0 	 0 	 200 	 32 	 11 
1262044379610984.000000 	 754 	 427347 	 14821 	 0 	 0 	 0 	 200 	 32 	 11 
1262044380619009.000000 	 754 	 427347 	 14821 	 0 	 0 	 0 	 200 	 32 	 11 
1262044381626943.000000 	 754 	 427347 	 14821 	 0 	 0 	 0 	 200 	 32 	 11 
1262044382635115.000000 	 754 	 427347 	 14821 	 0 	 0 	 0 	 200 	 32 	 11 
1262044383643073.000000 	 754 	 427347 	 14821 	 0 	 0 	 0 	 200 	 32 	 11 
1262044384651137.000000 	 754 	 427347 	 14821 	 0 	 0 	 0 	 200 	 32 	 11 
1262044385659529.000000 	 754 	 427347 	 14821 	 0 	 0 	 0 	 200 	 32 	 11 
1262044386667257.000000 	 754 	 427347 	 14821 	 0 	 0 	 0 	 200 	 32 	 11 
1262044387675185.000000 	 754 	 427347 	 14821 	 0 	 0 	 0 	 200 	 32 	 11 
1262044388683360.000000 	 754 	 427347 	 14821 	 0 	 0 	 0 	 200 	 32 	 11 
1262044389691694.000000 	 754 	 427347 	 14821 	 0 	 0 	 0 	 200 	 32 	 11 
1262044390699453.000000 	 754 	 427347 	 14821 	 0 	 0 	 0 	 200 	 32 	 11 
1262044391707362.000000 	 754 	 427347 	 14821 	 0 	 0 	 0 	 200 	 32 	 11 
1262044392715483.000000 	 754 	 427347 	 14821 	 0 	 0 	 0 	 200 	 32 	 11 
1262044393723918.000000 	 754 	 427347 	 14821 	 0 	 0 	 0 	 200 	 32 	 11 
1262044394731571.000000 	 754 	 427347 	 14821 	 0 	 0 	 0 	 200 	 32 	 11 
1262044395739474.000000 	 754 	 427347 	 14821 	 0 	 0 	 0 	 200 	 32 	 11 
1262044396747682.000000 	 754 	 427347 	 14821 	 0 	 0 	 0 	 200 	 32 	 11 
1262044397755581.000000 	 754 	 427347 	 14821 	 0 	 0 	 0 	 200 	 32 	 11 
1262044398763741.000000 	 754 	 427347 	 14821 	 0 	 0 	 0 	 200 	 32 	 11 
1262044399771645.000000 	 754 	 427347 	 14821 	 0 	 0 	 0 	 200 	 32 	 11 
1262044400779810.000000 	 754 	 427347 	 14821 	 0 	 0 	 0 	 200 	 32 	 11 
1262044401787375.000000 	 754 	 427347 	 14821 	 0 	 0 	 0 	 200 	 32 	 11 
1262044402791905.000000 	 754 	 427347 	 14821 	 0 	 0 	 0 	 200 	 32 	 11 
1262044403799882.000000 	 754 	 427347 	 14821 	 0 	 0 	 0 	 200 	 32 	 11 
1262044404810255.000000 	 754 	 427347 	 14821 	 0 	 0 	 0 	 200 	 32 	 11 
1262044405816100.000000 	 754 	 427347 	 14821 	 0 	 0 	 0 	 200 	 32 	 11 
1262044406824086.000000 	 754 	 427347 	 14821 	 0 	 0 	 0 	 200 	 32 	 11 
1262044407831615.000000 	 754 	 427347 	 14821 	 0 	 0 	 0 	 200 	 32 	 11 
1262044408836330.000000 	 754 	 427347 	 14821 	 0 	 0 	 0 	 200 	 32 	 11 
1262044409843984.000000 	 754 	 427347 	 14821 	 0 	 0 	 0 	 200 	 32 	 11 
1262044410852036.000000 	 754 	 427347 	 14821 	 0 	 0 	 0 	 200 	 32 	 11 
1262044411860034.000000 	 754 	 427347 	 14821 	 0 	 0 	 0 	 200 	 32 	 11 
1262044412868117.000000 	 754 	 427347 	 14821 	 0 	 0 	 0 	 200 	 32 	 11 
1262044413876142.000000 	 754 	 427347 	 14821 	 0 	 0 	 0 	 200 	 32 	 11 
1262044414884169.000000 	 754 	 427347 	 14821 	 0 	 0 	 0 	 200 	 32 	 11 
1262044415892204.000000 	 754 	 427347 	 14821 	 0 	 0 	 0 	 200 	 32 	 11 
1262044416899888.000000 	 754 	 427347 	 14821 	 0 	 0 	 0 	 200 	 32 	 11 
1262044417904286.000000 	 754 	 427347 	 14821 	 0 	 0 	 0 	 200 	 32 	 11 
1262044418912548.000000 	 754 	 427347 	 14821 	 0 	 0 	 0 	 200 	 32 	 11 
1262044419922087.000000 	 754 	 427347 	 14821 	 0 	 0 	 0 	 200 	 32 	 11 
1262044420928471.000000 	 754 	 427347 	 14821 	 0 	 0 	 0 	 200 	 32 	 11 
1262044421936035.000000 	 754 	 427347 	 14821 	 0 	 0 	 0 	 200 	 32 	 11 
1262044422940549.000000 	 754 	 427347 	 14821 	 0 	 0 	 0 	 200 	 32 	 11 
1262044423948560.000000 	 754 	 427347 	 14821 	 0 	 0 	 0 	 200 	 32 	 11 
1262044424956576.000000 	 754 	 427347 	 14821 	 0 	 0 	 0 	 200 	 32 	 11 
1262044425964990.000000 	 754 	 427347 	 14821 	 0 	 0 	 0 	 200 	 32 	 11 
1262044426972765.000000 	 754 	 427347 	 14821 	 0 	 0 	 0 	 200 	 32 	 11 
1262044427980902.000000 	 754 	 427347 	 14821 	 0 	 0 	 0 	 200 	 32 	 11 
1262044428988948.000000 	 754 	 427347 	 14821 	 0 	 0 	 0 	 200 	 32 	 11 
1262044429996965.000000 	 754 	 427347 	 14821 	 0 	 0 	 0 	 200 	 32 	 11 
1262044431004945.000000 	 754 	 427347 	 14821 	 0 	 0 	 0 	 200 	 32 	 11 
1262044432013110.000000 	 754 	 427347 	 14821 	 0 	 0 	 0 	 200 	 32 	 11 
1262044433020976.000000 	 754 	 427347 	 14821 	 0 	 0 	 0 	 200 	 32 	 11 
1262044434029105.000000 	 754 	 427347 	 14821 	 0 	 0 	 0 	 200 	 32 	 11 
1262044435037057.000000 	 754 	 427347 	 14821 	 0 	 0 	 0 	 200 	 32 	 11 
1262044436051020.000000 	 754 	 427347 	 14821 	 0 	 0 	 0 	 200 	 32 	 11 
1262044437057380.000000 	 754 	 427347 	 14821 	 0 	 0 	 0 	 200 	 32 	 11 
1262044438065016.000000 	 754 	 427347 	 14821 	 0 	 0 	 0 	 200 	 32 	 11 
1262044439072899.000000 	 754 	 427347 	 14821 	 0 	 0 	 0 	 200 	 32 	 11 
1262044440079231.000000 	 754 	 427347 	 14821 	 0 	 0 	 0 	 200 	 32 	 11 
1262044441085390.000000 	 754 	 427347 	 14821 	 0 	 0 	 0 	 200 	 32 	 11 
1262044442093293.000000 	 754 	 427347 	 14821 	 0 	 0 	 0 	 200 	 32 	 11 
1262044443101248.000000 	 754 	 427347 	 14821 	 0 	 0 	 0 	 200 	 32 	 11 
1262044444109351.000000 	 754 	 427347 	 14821 	 0 	 0 	 0 	 200 	 32 	 11 
1262044445117378.000000 	 754 	 427347 	 14821 	 0 	 0 	 0 	 200 	 32 	 11 
1262044446125392.000000 	 754 	 427347 	 14821 	 0 	 0 	 0 	 200 	 32 	 11 
1262044447133526.000000 	 754 	 427347 	 14821 	 0 	 0 	 0 	 200 	 32 	 11 
1262044448141504.000000 	 754 	 427347 	 14821 	 0 	 0 	 0 	 200 	 32 	 11 
1262044449149487.000000 	 754 	 427347 	 14821 	 0 	 0 	 0 	 200 	 32 	 11 
1262044450157159.000000 	 754 	 427347 	 14821 	 0 	 0 	 0 	 200 	 32 	 11 
1262044451162093.000000 	 754 	 427347 	 14821 	 0 	 0 	 0 	 200 	 32 	 11 
1262044452169429.000000 	 754 	 427347 	 14821 	 0 	 0 	 0 	 200 	 32 	 11 
1262044453173867.000000 	 754 	 427347 	 14821 	 0 	 0 	 0 	 200 	 32 	 11 
1262044454181842.000000 	 754 	 427347 	 14821 	 0 	 0 	 0 	 200 	 32 	 11 
1262044455189814.000000 	 754 	 427347 	 14821 	 0 	 0 	 0 	 200 	 32 	 11 
1262044456197551.000000 	 754 	 427347 	 14821 	 0 	 0 	 0 	 200 	 32 	 11 
1262044457201948.000000 	 754 	 427347 	 14821 	 0 	 0 	 0 	 200 	 32 	 11 
1262044458210058.000000 	 754 	 427347 	 14821 	 0 	 0 	 0 	 200 	 32 	 11 
1262044459217980.000000 	 754 	 427347 	 14821 	 0 	 0 	 0 	 200 	 32 	 11 
1262044460226068.000000 	 754 	 427347 	 14821 	 0 	 0 	 0 	 200 	 32 	 11 
1262044461234158.000000 	 754 	 427347 	 14821 	 0 	 0 	 0 	 200 	 32 	 11 
1262044462241792.000000 	 754 	 427347 	 14821 	 0 	 0 	 0 	 200 	 32 	 11 
1262044463246271.000000 	 754 	 427347 	 14821 	 0 	 0 	 0 	 200 	 32 	 11 
1262044464253924.000000 	 754 	 427347 	 14821 	 0 	 0 	 0 	 200 	 32 	 11 
1262044465258224.000000 	 754 	 427347 	 14821 	 0 	 0 	 0 	 200 	 32 	 11 
1262044466265931.000000 	 754 	 427347 	 14821 	 0 	 0 	 0 	 200 	 32 	 11 
1262044467270330.000000 	 754 	 427347 	 14821 	 0 	 0 	 0 	 200 	 32 	 11 
1262044468278470.000000 	 754 	 427347 	 14821 	 0 	 0 	 0 	 200 	 32 	 11 
1262044469286800.000000 	 754 	 427347 	 14821 	 0 	 0 	 0 	 200 	 32 	 11 
1262044470294476.000000 	 754 	 427347 	 14821 	 0 	 0 	 0 	 200 	 32 	 11 
1262044471302485.000000 	 754 	 427347 	 14821 	 0 	 0 	 0 	 200 	 32 	 11 
1262044472310594.000000 	 754 	 427347 	 14821 	 0 	 0 	 0 	 200 	 32 	 11 
1262044473318558.000000 	 754 	 427347 	 14821 	 0 	 0 	 0 	 200 	 32 	 11 
1262044474326229.000000 	 754 	 427347 	 14821 	 0 	 0 	 0 	 200 	 32 	 11 
1262044475332746.000000 	 754 	 427347 	 14821 	 0 	 0 	 0 	 200 	 32 	 11 
1262044476338971.000000 	 754 	 427347 	 14821 	 0 	 0 	 0 	 200 	 32 	 11 
1262044477346707.000000 	 754 	 427347 	 14821 	 0 	 0 	 0 	 200 	 32 	 11 
1262044478354876.000000 	 754 	 427347 	 14821 	 0 	 0 	 0 	 200 	 32 	 11 
1262044479362434.000000 	 754 	 427347 	 14821 	 0 	 0 	 0 	 200 	 32 	 11 
1262044480366617.000000 	 754 	 427347 	 14821 	 0 	 0 	 0 	 200 	 32 	 11 
1262044481370911.000000 	 754 	 427347 	 14821 	 0 	 0 	 0 	 200 	 32 	 11 
1262044482378949.000000 	 754 	 427347 	 14821 	 0 	 0 	 0 	 200 	 32 	 11 
1262044483386981.000000 	 754 	 427347 	 14821 	 0 	 0 	 0 	 200 	 32 	 11 
1262044484395075.000000 	 754 	 427347 	 14821 	 0 	 0 	 0 	 200 	 32 	 11 
1262044485403083.000000 	 754 	 427347 	 14821 	 0 	 0 	 0 	 200 	 32 	 11 
1262044486410717.000000 	 754 	 427347 	 14821 	 0 	 0 	 0 	 200 	 32 	 11 
1262044487415125.000000 	 754 	 427347 	 14821 	 0 	 0 	 0 	 200 	 32 	 11 
1262044488423290.000000 	 754 	 427347 	 14821 	 0 	 0 	 0 	 200 	 32 	 11 
1262044489431590.000000 	 754 	 427347 	 14821 	 0 	 0 	 0 	 200 	 32 	 11 
1262044490439247.000000 	 754 	 427347 	 14821 	 0 	 0 	 0 	 200 	 32 	 11 
1262044491446909.000000 	 754 	 427347 	 14821 	 0 	 0 	 0 	 200 	 32 	 11 
1262044492451423.000000 	 754 	 427347 	 14821 	 0 	 0 	 0 	 200 	 32 	 11 
1262044493459373.000000 	 754 	 427347 	 14821 	 0 	 0 	 0 	 200 	 32 	 11 
1262044494467397.000000 	 754 	 427347 	 14821 	 0 	 0 	 0 	 200 	 32 	 11 
1262044495475389.000000 	 754 	 427347 	 14821 	 0 	 0 	 0 	 200 	 32 	 11 
1262044496483513.000000 	 754 	 427347 	 14821 	 0 	 0 	 0 	 200 	 32 	 11 
1262044497491454.000000 	 754 	 427347 	 14821 	 0 	 0 	 0 	 200 	 32 	 11 
1262044498499645.000000 	 754 	 427347 	 14821 	 0 	 0 	 0 	 200 	 32 	 11 
1262044499507565.000000 	 754 	 427347 	 14821 	 0 	 0 	 0 	 200 	 32 	 11 
1262044500515825.000000 	 754 	 427347 	 14821 	 0 	 0 	 0 	 200 	 32 	 11 
1262044501523634.000000 	 754 	 427347 	 14821 	 0 	 0 	 0 	 200 	 32 	 11 
1262044502531330.000000 	 754 	 427347 	 14821 	 0 	 0 	 0 	 200 	 32 	 11 
1262044503535847.000000 	 754 	 427347 	 14821 	 0 	 0 	 0 	 200 	 32 	 11 
1262044504543871.000000 	 754 	 427347 	 14821 	 0 	 0 	 0 	 200 	 32 	 11 
1262044505552040.000000 	 754 	 427347 	 14821 	 0 	 0 	 0 	 200 	 32 	 11 
1262044506559583.000000 	 754 	 427347 	 14821 	 0 	 0 	 0 	 200 	 32 	 11 
1262044507564306.000000 	 754 	 427347 	 14821 	 0 	 0 	 0 	 200 	 32 	 11 
1262044508572131.000000 	 754 	 427347 	 14821 	 0 	 0 	 0 	 200 	 32 	 11 
1262044509579535.000000 	 754 	 427347 	 14821 	 0 	 0 	 0 	 200 	 32 	 11 
1262044510586227.000000 	 754 	 427347 	 14821 	 0 	 0 	 0 	 200 	 32 	 11 
1262044511592219.000000 	 754 	 427347 	 14821 	 0 	 0 	 0 	 200 	 32 	 11 
1262044512600190.000000 	 754 	 427347 	 14821 	 0 	 0 	 0 	 200 	 32 	 11 
1262044513608189.000000 	 754 	 427347 	 14821 	 0 	 0 	 0 	 200 	 32 	 11 
1262044514615869.000000 	 754 	 427347 	 14821 	 0 	 0 	 0 	 200 	 32 	 11 
1262044515620243.000000 	 754 	 427347 	 14821 	 0 	 0 	 0 	 200 	 32 	 11 
1262044516628312.000000 	 754 	 427347 	 14821 	 0 	 0 	 0 	 200 	 32 	 11 
1262044517636566.000000 	 754 	 427347 	 14821 	 0 	 0 	 0 	 200 	 32 	 11 
1262044518644387.000000 	 754 	 427347 	 14821 	 0 	 0 	 0 	 200 	 32 	 11 
1262044519652303.000000 	 754 	 427347 	 14821 	 0 	 0 	 0 	 200 	 32 	 11 
1262044520659970.000000 	 754 	 427347 	 14821 	 0 	 0 	 0 	 200 	 32 	 11 
1262044521664375.000000 	 754 	 427347 	 14821 	 0 	 0 	 0 	 200 	 32 	 11 
1262044522672407.000000 	 754 	 427347 	 14821 	 0 	 0 	 0 	 200 	 32 	 11 
1262044523680693.000000 	 754 	 427347 	 14821 	 0 	 0 	 0 	 200 	 32 	 11 
1262044524688643.000000 	 754 	 427347 	 14821 	 0 	 0 	 0 	 200 	 32 	 11 
1262044525696565.000000 	 754 	 427347 	 14821 	 0 	 0 	 0 	 200 	 32 	 11 
1262044526704334.000000 	 754 	 427347 	 14821 	 0 	 0 	 0 	 200 	 32 	 11 
1262044527708794.000000 	 754 	 427347 	 14821 	 0 	 0 	 0 	 200 	 32 	 11 
1262044528716693.000000 	 754 	 427347 	 14821 	 0 	 0 	 0 	 200 	 32 	 11 
1262044529724668.000000 	 754 	 427347 	 14821 	 0 	 0 	 0 	 200 	 32 	 11 
1262044530732356.000000 	 754 	 427347 	 14821 	 0 	 0 	 0 	 200 	 32 	 11 
1262044531736804.000000 	 754 	 427347 	 14821 	 0 	 0 	 0 	 200 	 32 	 11 
1262044532745107.000000 	 754 	 427347 	 14821 	 0 	 0 	 0 	 200 	 32 	 11 
1262044533752957.000000 	 754 	 427347 	 14821 	 0 	 0 	 0 	 200 	 32 	 11 
1262044534761036.000000 	 754 	 427347 	 14821 	 0 	 0 	 0 	 200 	 32 	 11 
1262044535768955.000000 	 754 	 427347 	 14821 	 0 	 0 	 0 	 200 	 32 	 11 
1262044536777130.000000 	 754 	 427347 	 14821 	 0 	 0 	 0 	 200 	 32 	 11 
1262044537785018.000000 	 754 	 427347 	 14821 	 0 	 0 	 0 	 200 	 32 	 11 
1262044538793235.000000 	 754 	 427347 	 14821 	 0 	 0 	 0 	 200 	 32 	 11 
1262044539801144.000000 	 754 	 427347 	 14821 	 0 	 0 	 0 	 200 	 32 	 11 
1262044540809244.000000 	 754 	 427347 	 14821 	 0 	 0 	 0 	 200 	 32 	 11 
1262044541817179.000000 	 754 	 427347 	 14821 	 0 	 0 	 0 	 200 	 32 	 11 
1262044542825355.000000 	 754 	 427347 	 14821 	 0 	 0 	 0 	 200 	 32 	 11 
1262044543833336.000000 	 754 	 427347 	 14821 	 0 	 0 	 0 	 200 	 32 	 11 
1262044544841429.000000 	 754 	 427347 	 14821 	 0 	 0 	 0 	 200 	 32 	 11 
1262044545849418.000000 	 754 	 427347 	 14821 	 0 	 0 	 0 	 200 	 32 	 11 
1262044546860079.000000 	 754 	 427347 	 14821 	 0 	 0 	 0 	 200 	 32 	 11 
1262044547865761.000000 	 754 	 427347 	 14821 	 0 	 0 	 0 	 200 	 32 	 11 
1262044548873697.000000 	 754 	 427347 	 14821 	 0 	 0 	 0 	 200 	 32 	 11 
1262044549881742.000000 	 754 	 427347 	 14821 	 0 	 0 	 0 	 200 	 32 	 11 
1262044550889698.000000 	 754 	 427347 	 14821 	 0 	 0 	 0 	 200 	 32 	 11 
1262044551897734.000000 	 754 	 427347 	 14821 	 0 	 0 	 0 	 200 	 32 	 11 
1262044552905737.000000 	 754 	 427347 	 14821 	 0 	 0 	 0 	 200 	 32 	 11 
1262044553913710.000000 	 754 	 427347 	 14821 	 0 	 0 	 0 	 200 	 32 	 11 
1262119081139482.000000 	 0 	 0 	 0 	 0 	 0 	 0 	 0 	 0 	 0 
1262119082142976.000000 	 0 	 0 	 0 	 0 	 0 	 0 	 0 	 0 	 0 
1262119083147093.000000 	 0 	 0 	 0 	 0 	 0 	 0 	 0 	 0 	 0 
1262119084151145.000000 	 0 	 0 	 0 	 0 	 0 	 0 	 0 	 0 	 0 
1262119085155236.000000 	 0 	 0 	 0 	 0 	 0 	 0 	 0 	 0 	 0 
1262119086159373.000000 	 0 	 0 	 0 	 0 	 0 	 0 	 0 	 0 	 0 
1262119087163563.000000 	 0 	 0 	 0 	 0 	 0 	 0 	 0 	 0 	 0 
1262119088167501.000000 	 0 	 0 	 0 	 0 	 0 	 0 	 0 	 0 	 0 
1262119089171625.000000 	 0 	 0 	 0 	 0 	 0 	 0 	 0 	 0 	 0 
1262119090175637.000000 	 0 	 0 	 0 	 0 	 0 	 0 	 0 	 0 	 0 
1262119091179814.000000 	 0 	 0 	 0 	 0 	 0 	 0 	 0 	 0 	 0 
1262119092183836.000000 	 0 	 0 	 0 	 0 	 0 	 0 	 0 	 0 	 0 
1262119093187982.000000 	 0 	 0 	 0 	 0 	 0 	 0 	 0 	 0 	 0 
1262119094191989.000000 	 0 	 0 	 0 	 0 	 0 	 0 	 0 	 0 	 0 
1262119095196117.000000 	 0 	 0 	 0 	 0 	 0 	 0 	 0 	 0 	 0 
1262119096200200.000000 	 0 	 0 	 0 	 0 	 0 	 0 	 0 	 0 	 0 
1262119097204584.000000 	 0 	 0 	 0 	 0 	 0 	 0 	 0 	 0 	 0 
1262119098216448.000000 	 0 	 0 	 0 	 0 	 0 	 0 	 0 	 0 	 0 
1262119099220480.000000 	 0 	 0 	 0 	 0 	 0 	 0 	 0 	 0 	 0 
1262119100224543.000000 	 0 	 0 	 0 	 0 	 0 	 0 	 0 	 0 	 0 
1262119101228881.000000 	 754 	 745828 	 25923 	 0 	 0 	 0 	 200 	 32 	 11 
1262119102236688.000000 	 754 	 745828 	 25923 	 0 	 0 	 0 	 200 	 32 	 11 
1262119103240642.000000 	 754 	 745828 	 25923 	 0 	 0 	 0 	 200 	 32 	 11 
1262119104244898.000000 	 754 	 745828 	 25923 	 0 	 0 	 0 	 200 	 32 	 11 
1262119105248926.000000 	 754 	 745828 	 25923 	 0 	 0 	 0 	 200 	 32 	 11 
1262119106252944.000000 	 754 	 745828 	 25923 	 0 	 0 	 0 	 200 	 32 	 11 
1262119107259356.000000 	 754 	 745828 	 25923 	 0 	 0 	 0 	 200 	 32 	 11 
1262119108265191.000000 	 754 	 745828 	 25923 	 0 	 0 	 0 	 200 	 32 	 11 
1262119109273058.000000 	 754 	 745828 	 25923 	 0 	 0 	 0 	 200 	 32 	 11 
1262119110277134.000000 	 754 	 745828 	 25923 	 0 	 0 	 0 	 200 	 32 	 11 
1262119111281195.000000 	 754 	 745828 	 25923 	 0 	 0 	 0 	 200 	 32 	 11 
1262119112285070.000000 	 754 	 745828 	 25923 	 0 	 0 	 0 	 200 	 32 	 11 
1262119113289336.000000 	 754 	 745828 	 25923 	 0 	 0 	 0 	 200 	 32 	 11 
1262119114293013.000000 	 754 	 745828 	 25923 	 0 	 0 	 0 	 200 	 32 	 11 
1262119115297367.000000 	 754 	 745828 	 25923 	 0 	 0 	 0 	 200 	 32 	 11 
1262119116301352.000000 	 754 	 745828 	 25923 	 0 	 0 	 0 	 200 	 32 	 11 
1262119117305559.000000 	 754 	 745828 	 25923 	 0 	 0 	 0 	 200 	 32 	 11 
1262119118313481.000000 	 754 	 745828 	 25923 	 0 	 0 	 0 	 200 	 32 	 11 
1262119119317516.000000 	 754 	 745828 	 25923 	 0 	 0 	 0 	 200 	 32 	 11 
1262119120321622.000000 	 754 	 745828 	 25923 	 0 	 0 	 0 	 200 	 32 	 11 
1262119121325374.000000 	 754 	 745828 	 25923 	 0 	 0 	 0 	 200 	 32 	 11 
1262119122329767.000000 	 754 	 745828 	 25923 	 0 	 0 	 0 	 200 	 32 	 11 
1262119123341663.000000 	 754 	 745828 	 25923 	 0 	 0 	 0 	 200 	 32 	 11 
1262119124345667.000000 	 754 	 745828 	 25923 	 0 	 0 	 0 	 200 	 32 	 11 
1262119125349850.000000 	 754 	 745828 	 25923 	 0 	 0 	 0 	 200 	 32 	 11 
1262119126353759.000000 	 754 	 745828 	 25923 	 0 	 0 	 0 	 200 	 32 	 11 
1262119127358020.000000 	 754 	 745828 	 25923 	 0 	 0 	 0 	 200 	 32 	 11 
1262119128365891.000000 	 754 	 745828 	 25923 	 0 	 0 	 0 	 200 	 32 	 11 
1262119129369941.000000 	 754 	 745828 	 25923 	 0 	 0 	 0 	 200 	 32 	 11 
1262119130374079.000000 	 754 	 745828 	 25923 	 0 	 0 	 0 	 200 	 32 	 11 
1262119131382099.000000 	 754 	 745828 	 25923 	 0 	 0 	 0 	 200 	 32 	 11 
1262119132389736.000000 	 754 	 745828 	 25923 	 0 	 0 	 0 	 200 	 32 	 11 
1262119133394149.000000 	 754 	 745828 	 25923 	 0 	 0 	 0 	 200 	 32 	 11 
1262119134398125.000000 	 754 	 745828 	 25923 	 0 	 0 	 0 	 200 	 32 	 11 
1262119135402313.000000 	 754 	 745828 	 25923 	 0 	 0 	 0 	 200 	 32 	 11 
1262119136409914.000000 	 754 	 745828 	 25923 	 0 	 0 	 0 	 200 	 32 	 11 
1262119137414285.000000 	 754 	 745828 	 25923 	 0 	 0 	 0 	 200 	 32 	 11 
1262119138418250.000000 	 754 	 745828 	 25923 	 0 	 0 	 0 	 200 	 32 	 11 
1262119139422379.000000 	 754 	 745828 	 25923 	 0 	 0 	 0 	 200 	 32 	 11 
1262119140426388.000000 	 754 	 745828 	 25923 	 0 	 0 	 0 	 200 	 32 	 11 
1262119141430399.000000 	 754 	 745828 	 25923 	 0 	 0 	 0 	 200 	 32 	 11 
1262119142434098.000000 	 754 	 745828 	 25923 	 0 	 0 	 0 	 200 	 32 	 11 
1262119143438512.000000 	 754 	 745828 	 25923 	 0 	 0 	 0 	 200 	 32 	 11 
1262119144442505.000000 	 754 	 745828 	 25923 	 0 	 0 	 0 	 200 	 32 	 11 
1262119145448863.000000 	 754 	 745828 	 25923 	 0 	 0 	 0 	 200 	 32 	 11 
1262119146454620.000000 	 754 	 745828 	 25923 	 0 	 0 	 0 	 200 	 32 	 11 
1262119147458609.000000 	 754 	 745828 	 25923 	 0 	 0 	 0 	 200 	 32 	 11 
1262119148462711.000000 	 754 	 745828 	 25923 	 0 	 0 	 0 	 200 	 32 	 11 
1262119149466715.000000 	 754 	 745828 	 25923 	 0 	 0 	 0 	 200 	 32 	 11 
1262119150470866.000000 	 754 	 745828 	 25923 	 0 	 0 	 0 	 200 	 32 	 11 
1262119151478786.000000 	 754 	 745828 	 25923 	 0 	 0 	 0 	 200 	 32 	 11 
1262119152482478.000000 	 754 	 745828 	 25923 	 0 	 0 	 0 	 200 	 32 	 11 
1262119153486578.000000 	 754 	 745828 	 25923 	 0 	 0 	 0 	 200 	 32 	 11 
1262119154490579.000000 	 754 	 745828 	 25923 	 0 	 0 	 0 	 200 	 32 	 11 
1262119155494603.000000 	 754 	 745828 	 25923 	 0 	 0 	 0 	 200 	 32 	 11 
1262119217848120.000000 	 754 	 745828 	 25923 	 0 	 0 	 0 	 200 	 32 	 11 
1262119218852655.000000 	 754 	 745828 	 25923 	 0 	 0 	 0 	 200 	 32 	 11 
1262119223662879.000000 	 754 	 745828 	 25923 	 0 	 0 	 0 	 200 	 32 	 11 
1262119224668799.000000 	 754 	 745828 	 25923 	 0 	 0 	 0 	 200 	 32 	 11 
1262119225672734.000000 	 754 	 745828 	 25923 	 0 	 0 	 0 	 200 	 32 	 11 
1262119226676932.000000 	 754 	 745828 	 25923 	 0 	 0 	 0 	 200 	 32 	 11 
1262119227680913.000000 	 754 	 745828 	 25923 	 0 	 0 	 0 	 200 	 32 	 11 
1262119275274215.000000 	 754 	 745828 	 25923 	 0 	 0 	 0 	 200 	 32 	 11 
1262119276278785.000000 	 754 	 745828 	 25923 	 0 	 0 	 0 	 200 	 32 	 11 
1262119277282851.000000 	 754 	 745828 	 25923 	 0 	 0 	 0 	 200 	 32 	 11 
1262119278287219.000000 	 754 	 745828 	 25923 	 0 	 0 	 0 	 200 	 32 	 11 
1262119279290996.000000 	 754 	 745828 	 25923 	 0 	 0 	 0 	 200 	 32 	 11 
1262119280295014.000000 	 754 	 745828 	 25923 	 0 	 0 	 0 	 200 	 32 	 11 
1262119281299060.000000 	 754 	 745828 	 25923 	 0 	 0 	 0 	 200 	 32 	 11 
1262119282303276.000000 	 754 	 745828 	 25923 	 0 	 0 	 0 	 200 	 32 	 11 
1262119283307219.000000 	 754 	 745828 	 25923 	 0 	 0 	 0 	 200 	 32 	 11 
1262119284311255.000000 	 754 	 745828 	 25923 	 0 	 0 	 0 	 200 	 32 	 11 
1262119285315383.000000 	 754 	 745828 	 25923 	 0 	 0 	 0 	 200 	 32 	 11 
1262119286323409.000000 	 754 	 745828 	 25923 	 0 	 0 	 0 	 200 	 32 	 11 
1262119287327681.000000 	 754 	 745828 	 25923 	 0 	 0 	 0 	 200 	 32 	 11 
1262119288331868.000000 	 754 	 745828 	 25923 	 0 	 0 	 0 	 200 	 32 	 11 
1262119289335827.000000 	 754 	 745828 	 25923 	 0 	 0 	 0 	 200 	 32 	 11 
1262119290339879.000000 	 754 	 745828 	 25923 	 0 	 0 	 0 	 200 	 32 	 11 
1262119291343885.000000 	 754 	 745828 	 25923 	 0 	 0 	 0 	 200 	 32 	 11 
1262119292347996.000000 	 754 	 745828 	 25923 	 0 	 0 	 0 	 200 	 32 	 11 
1262119293352057.000000 	 754 	 745828 	 25923 	 0 	 0 	 0 	 200 	 32 	 11 
1262119294356122.000000 	 754 	 745828 	 25923 	 0 	 0 	 0 	 200 	 32 	 11 
1262119295360205.000000 	 754 	 745828 	 25923 	 0 	 0 	 0 	 200 	 32 	 11 
1262119296365032.000000 	 754 	 745828 	 25923 	 0 	 0 	 0 	 200 	 32 	 11 
1262119297372087.000000 	 754 	 745828 	 25923 	 0 	 0 	 0 	 200 	 32 	 11 
1262119298376787.000000 	 754 	 745828 	 25923 	 0 	 0 	 0 	 200 	 32 	 11 
